<html>
<head>
<title>TestNG:  AAS Product Setting Test</title>
<link href="../testng.css" rel="stylesheet" type="text/css" />
<link href="../my-testng.css" rel="stylesheet" type="text/css" />

<style type="text/css">
.log { display: none;} 
.stack-trace { display: none;} 
</style>
<script type="text/javascript">
<!--
function flip(e) {
  current = e.style.display;
  if (current == 'block') {
    e.style.display = 'none';
    return 0;
  }
  else {
    e.style.display = 'block';
    return 1;
  }
}

function toggleBox(szDivId, elem, msg1, msg2)
{
  var res = -1;  if (document.getElementById) {
    res = flip(document.getElementById(szDivId));
  }
  else if (document.all) {
    // this is the way old msie versions work
    res = flip(document.all[szDivId]);
  }
  if(elem) {
    if(res == 0) elem.innerHTML = msg1; else elem.innerHTML = msg2;
  }

}

function toggleAllBoxes() {
  if (document.getElementsByTagName) {
    d = document.getElementsByTagName('div');
    for (i = 0; i < d.length; i++) {
      if (d[i].className == 'log') {
        flip(d[i]);
      }
    }
  }
}

// -->
</script>

</head>
<body>
<h2 align='center'>AAS Product Setting Test</h2><table border='1' align="center">
<tr>
<td>Tests passed/Failed/Skipped:</td><td>59/4/0</td>
</tr><tr>
<td>Started on:</td><td>Mon Aug 31 18:34:08 SGT 2020</td>
</tr>
<tr><td>Total time:</td><td>182 seconds (182946 ms)</td>
</tr><tr>
<td>Included groups:</td><td></td>
</tr><tr>
<td>Excluded groups:</td><td></td>
</tr>
</table><p/>
<small><i>(Hover the method name to see the test class name)</i></small><p/>
<table width='100%' border='1' class='invocation-failed'>
<tr><td colspan='4' align='center'><b>FAILED TESTS</b></td></tr>
<tr><td><b>Test method</b></td>
<td width="30%"><b>Exception</b></td>
<td width="10%"><b>Time (seconds)</b></td>
<td><b>Instance</b></td>
</tr>
<tr>
<td title='AASProductTestCase.AASProductTest.qa.testcases.ProductSettingPageTest.ProductStatusActiveTest()'><b>ProductStatusActiveTest</b><br>Test class: AASProductTestCase.AASProductTest.qa.testcases.ProductSettingPageTest<br>Parameters: 15, Play n Go, org.testng.TestRunner@6526e89c</td>
<td><div><pre>java.lang.AssertionError: expected [] but found [Active]
	at AASProductTestCase.AASProductTest.qa.testcases.ProductSettingPageTest.ProductStatusActiveTest(ProductSettingPageTest.java:148)
... Removed 36 stack frames</pre></div><a href='#' onClick='toggleBox("stack-trace2099598554", this, "Click to show all stack frames", "Click to hide stack frames")'>Click to show all stack frames</a>
<div class='stack-trace' id='stack-trace2099598554'><pre>java.lang.AssertionError: expected [] but found [Active]
	at org.testng.Assert.fail(Assert.java:93)
	at org.testng.Assert.failNotEquals(Assert.java:512)
	at org.testng.Assert.assertEqualsImpl(Assert.java:134)
	at org.testng.Assert.assertEquals(Assert.java:115)
	at org.testng.Assert.assertEquals(Assert.java:189)
	at org.testng.Assert.assertEquals(Assert.java:199)
	at AASProductTestCase.AASProductTest.qa.testcases.ProductSettingPageTest.ProductStatusActiveTest(ProductSettingPageTest.java:148)
	at java.base/jdk.internal.reflect.NativeMethodAccessorImpl.invoke0(Native Method)
	at java.base/jdk.internal.reflect.NativeMethodAccessorImpl.invoke(NativeMethodAccessorImpl.java:62)
	at java.base/jdk.internal.reflect.DelegatingMethodAccessorImpl.invoke(DelegatingMethodAccessorImpl.java:43)
	at java.base/java.lang.reflect.Method.invoke(Method.java:564)
	at org.testng.internal.MethodInvocationHelper.invokeMethod(MethodInvocationHelper.java:108)
	at org.testng.internal.Invoker.invokeMethod(Invoker.java:661)
	at org.testng.internal.Invoker.invokeTestMethod(Invoker.java:869)
	at org.testng.internal.Invoker.invokeTestMethods(Invoker.java:1193)
	at org.testng.internal.TestMethodWorker.invokeTestMethods(TestMethodWorker.java:126)
	at org.testng.internal.TestMethodWorker.run(TestMethodWorker.java:109)
	at org.testng.TestRunner.privateRun(TestRunner.java:744)
	at org.testng.TestRunner.run(TestRunner.java:602)
	at org.testng.SuiteRunner.runTest(SuiteRunner.java:380)
	at org.testng.SuiteRunner.runSequentially(SuiteRunner.java:375)
	at org.testng.SuiteRunner.privateRun(SuiteRunner.java:340)
	at org.testng.SuiteRunner.run(SuiteRunner.java:289)
	at org.testng.SuiteRunnerWorker.runSuite(SuiteRunnerWorker.java:52)
	at org.testng.SuiteRunnerWorker.run(SuiteRunnerWorker.java:86)
	at org.testng.TestNG.runSuitesSequentially(TestNG.java:1301)
	at org.testng.TestNG.runSuitesSequentially(TestNG.java:1297)
	at org.testng.TestNG.runSuitesLocally(TestNG.java:1226)
	at org.testng.TestNG.runSuites(TestNG.java:1144)
	at org.testng.TestNG.run(TestNG.java:1115)
	at org.apache.maven.surefire.testng.TestNGExecutor.run(TestNGExecutor.java:283)
	at org.apache.maven.surefire.testng.TestNGXmlTestSuite.execute(TestNGXmlTestSuite.java:75)
	at org.apache.maven.surefire.testng.TestNGProvider.invoke(TestNGProvider.java:120)
	at org.apache.maven.surefire.booter.ForkedBooter.invokeProviderInSameClassLoader(ForkedBooter.java:384)
	at org.apache.maven.surefire.booter.ForkedBooter.runSuitesInProcess(ForkedBooter.java:345)
	at org.apache.maven.surefire.booter.ForkedBooter.execute(ForkedBooter.java:126)
	at org.apache.maven.surefire.booter.ForkedBooter.main(ForkedBooter.java:418)
</pre></div></td>
<td>2</td>
<td>AASProductTestCase.AASProductTest.qa.testcases.ProductSettingPageTest@3e694b3f</td></tr>
<tr>
<td title='AASProductTestCase.AASProductTest.qa.testcases.ProductSettingPageTest.ProductStatusDownlineCheck_AG()'><b>ProductStatusDownlineCheck_AG</b><br>Test class: AASProductTestCase.AASProductTest.qa.testcases.ProductSettingPageTest<br>Parameters: 15, Play n Go, org.testng.TestRunner@6526e89c</td>
<td><div><pre>java.lang.AssertionError: expected [] but found [Disabled]
	at AASProductTestCase.AASProductTest.qa.testcases.ProductSettingPageTest.ProductStatusDownlineCheck_AG(ProductSettingPageTest.java:125)
... Removed 36 stack frames</pre></div><a href='#' onClick='toggleBox("stack-trace1500207381", this, "Click to show all stack frames", "Click to hide stack frames")'>Click to show all stack frames</a>
<div class='stack-trace' id='stack-trace1500207381'><pre>java.lang.AssertionError: expected [] but found [Disabled]
	at org.testng.Assert.fail(Assert.java:93)
	at org.testng.Assert.failNotEquals(Assert.java:512)
	at org.testng.Assert.assertEqualsImpl(Assert.java:134)
	at org.testng.Assert.assertEquals(Assert.java:115)
	at org.testng.Assert.assertEquals(Assert.java:189)
	at org.testng.Assert.assertEquals(Assert.java:199)
	at AASProductTestCase.AASProductTest.qa.testcases.ProductSettingPageTest.ProductStatusDownlineCheck_AG(ProductSettingPageTest.java:125)
	at java.base/jdk.internal.reflect.NativeMethodAccessorImpl.invoke0(Native Method)
	at java.base/jdk.internal.reflect.NativeMethodAccessorImpl.invoke(NativeMethodAccessorImpl.java:62)
	at java.base/jdk.internal.reflect.DelegatingMethodAccessorImpl.invoke(DelegatingMethodAccessorImpl.java:43)
	at java.base/java.lang.reflect.Method.invoke(Method.java:564)
	at org.testng.internal.MethodInvocationHelper.invokeMethod(MethodInvocationHelper.java:108)
	at org.testng.internal.Invoker.invokeMethod(Invoker.java:661)
	at org.testng.internal.Invoker.invokeTestMethod(Invoker.java:869)
	at org.testng.internal.Invoker.invokeTestMethods(Invoker.java:1193)
	at org.testng.internal.TestMethodWorker.invokeTestMethods(TestMethodWorker.java:126)
	at org.testng.internal.TestMethodWorker.run(TestMethodWorker.java:109)
	at org.testng.TestRunner.privateRun(TestRunner.java:744)
	at org.testng.TestRunner.run(TestRunner.java:602)
	at org.testng.SuiteRunner.runTest(SuiteRunner.java:380)
	at org.testng.SuiteRunner.runSequentially(SuiteRunner.java:375)
	at org.testng.SuiteRunner.privateRun(SuiteRunner.java:340)
	at org.testng.SuiteRunner.run(SuiteRunner.java:289)
	at org.testng.SuiteRunnerWorker.runSuite(SuiteRunnerWorker.java:52)
	at org.testng.SuiteRunnerWorker.run(SuiteRunnerWorker.java:86)
	at org.testng.TestNG.runSuitesSequentially(TestNG.java:1301)
	at org.testng.TestNG.runSuitesSequentially(TestNG.java:1297)
	at org.testng.TestNG.runSuitesLocally(TestNG.java:1226)
	at org.testng.TestNG.runSuites(TestNG.java:1144)
	at org.testng.TestNG.run(TestNG.java:1115)
	at org.apache.maven.surefire.testng.TestNGExecutor.run(TestNGExecutor.java:283)
	at org.apache.maven.surefire.testng.TestNGXmlTestSuite.execute(TestNGXmlTestSuite.java:75)
	at org.apache.maven.surefire.testng.TestNGProvider.invoke(TestNGProvider.java:120)
	at org.apache.maven.surefire.booter.ForkedBooter.invokeProviderInSameClassLoader(ForkedBooter.java:384)
	at org.apache.maven.surefire.booter.ForkedBooter.runSuitesInProcess(ForkedBooter.java:345)
	at org.apache.maven.surefire.booter.ForkedBooter.execute(ForkedBooter.java:126)
	at org.apache.maven.surefire.booter.ForkedBooter.main(ForkedBooter.java:418)
</pre></div></td>
<td>1</td>
<td>AASProductTestCase.AASProductTest.qa.testcases.ProductSettingPageTest@3e694b3f</td></tr>
<tr>
<td title='AASProductTestCase.AASProductTest.qa.testcases.ProductSettingPageTest.ProductStatusDownlineCheck_MA()'><b>ProductStatusDownlineCheck_MA</b><br>Test class: AASProductTestCase.AASProductTest.qa.testcases.ProductSettingPageTest<br>Parameters: 15, Play n Go, org.testng.TestRunner@6526e89c</td>
<td><div><pre>java.lang.AssertionError: expected [] but found [Disabled]
	at AASProductTestCase.AASProductTest.qa.testcases.ProductSettingPageTest.ProductStatusDownlineCheck_MA(ProductSettingPageTest.java:106)
... Removed 36 stack frames</pre></div><a href='#' onClick='toggleBox("stack-trace2028647569", this, "Click to show all stack frames", "Click to hide stack frames")'>Click to show all stack frames</a>
<div class='stack-trace' id='stack-trace2028647569'><pre>java.lang.AssertionError: expected [] but found [Disabled]
	at org.testng.Assert.fail(Assert.java:93)
	at org.testng.Assert.failNotEquals(Assert.java:512)
	at org.testng.Assert.assertEqualsImpl(Assert.java:134)
	at org.testng.Assert.assertEquals(Assert.java:115)
	at org.testng.Assert.assertEquals(Assert.java:189)
	at org.testng.Assert.assertEquals(Assert.java:199)
	at AASProductTestCase.AASProductTest.qa.testcases.ProductSettingPageTest.ProductStatusDownlineCheck_MA(ProductSettingPageTest.java:106)
	at java.base/jdk.internal.reflect.NativeMethodAccessorImpl.invoke0(Native Method)
	at java.base/jdk.internal.reflect.NativeMethodAccessorImpl.invoke(NativeMethodAccessorImpl.java:62)
	at java.base/jdk.internal.reflect.DelegatingMethodAccessorImpl.invoke(DelegatingMethodAccessorImpl.java:43)
	at java.base/java.lang.reflect.Method.invoke(Method.java:564)
	at org.testng.internal.MethodInvocationHelper.invokeMethod(MethodInvocationHelper.java:108)
	at org.testng.internal.Invoker.invokeMethod(Invoker.java:661)
	at org.testng.internal.Invoker.invokeTestMethod(Invoker.java:869)
	at org.testng.internal.Invoker.invokeTestMethods(Invoker.java:1193)
	at org.testng.internal.TestMethodWorker.invokeTestMethods(TestMethodWorker.java:126)
	at org.testng.internal.TestMethodWorker.run(TestMethodWorker.java:109)
	at org.testng.TestRunner.privateRun(TestRunner.java:744)
	at org.testng.TestRunner.run(TestRunner.java:602)
	at org.testng.SuiteRunner.runTest(SuiteRunner.java:380)
	at org.testng.SuiteRunner.runSequentially(SuiteRunner.java:375)
	at org.testng.SuiteRunner.privateRun(SuiteRunner.java:340)
	at org.testng.SuiteRunner.run(SuiteRunner.java:289)
	at org.testng.SuiteRunnerWorker.runSuite(SuiteRunnerWorker.java:52)
	at org.testng.SuiteRunnerWorker.run(SuiteRunnerWorker.java:86)
	at org.testng.TestNG.runSuitesSequentially(TestNG.java:1301)
	at org.testng.TestNG.runSuitesSequentially(TestNG.java:1297)
	at org.testng.TestNG.runSuitesLocally(TestNG.java:1226)
	at org.testng.TestNG.runSuites(TestNG.java:1144)
	at org.testng.TestNG.run(TestNG.java:1115)
	at org.apache.maven.surefire.testng.TestNGExecutor.run(TestNGExecutor.java:283)
	at org.apache.maven.surefire.testng.TestNGXmlTestSuite.execute(TestNGXmlTestSuite.java:75)
	at org.apache.maven.surefire.testng.TestNGProvider.invoke(TestNGProvider.java:120)
	at org.apache.maven.surefire.booter.ForkedBooter.invokeProviderInSameClassLoader(ForkedBooter.java:384)
	at org.apache.maven.surefire.booter.ForkedBooter.runSuitesInProcess(ForkedBooter.java:345)
	at org.apache.maven.surefire.booter.ForkedBooter.execute(ForkedBooter.java:126)
	at org.apache.maven.surefire.booter.ForkedBooter.main(ForkedBooter.java:418)
</pre></div></td>
<td>1</td>
<td>AASProductTestCase.AASProductTest.qa.testcases.ProductSettingPageTest@3e694b3f</td></tr>
<tr>
<td title='AASProductTestCase.AASProductTest.qa.testcases.ProductSettingPageTest.ProductStatusPositiveTest01()'><b>ProductStatusPositiveTest01</b><br>Test class: AASProductTestCase.AASProductTest.qa.testcases.ProductSettingPageTest<br>Parameters: 15, Play n Go, org.testng.TestRunner@6526e89c</td>
<td><div><pre>java.lang.AssertionError: expected [] but found [Disabled]
	at AASProductTestCase.AASProductTest.qa.testcases.ProductSettingPageTest.ProductStatusPositiveTest01(ProductSettingPageTest.java:87)
... Removed 36 stack frames</pre></div><a href='#' onClick='toggleBox("stack-trace1023265006", this, "Click to show all stack frames", "Click to hide stack frames")'>Click to show all stack frames</a>
<div class='stack-trace' id='stack-trace1023265006'><pre>java.lang.AssertionError: expected [] but found [Disabled]
	at org.testng.Assert.fail(Assert.java:93)
	at org.testng.Assert.failNotEquals(Assert.java:512)
	at org.testng.Assert.assertEqualsImpl(Assert.java:134)
	at org.testng.Assert.assertEquals(Assert.java:115)
	at org.testng.Assert.assertEquals(Assert.java:189)
	at org.testng.Assert.assertEquals(Assert.java:199)
	at AASProductTestCase.AASProductTest.qa.testcases.ProductSettingPageTest.ProductStatusPositiveTest01(ProductSettingPageTest.java:87)
	at java.base/jdk.internal.reflect.NativeMethodAccessorImpl.invoke0(Native Method)
	at java.base/jdk.internal.reflect.NativeMethodAccessorImpl.invoke(NativeMethodAccessorImpl.java:62)
	at java.base/jdk.internal.reflect.DelegatingMethodAccessorImpl.invoke(DelegatingMethodAccessorImpl.java:43)
	at java.base/java.lang.reflect.Method.invoke(Method.java:564)
	at org.testng.internal.MethodInvocationHelper.invokeMethod(MethodInvocationHelper.java:108)
	at org.testng.internal.Invoker.invokeMethod(Invoker.java:661)
	at org.testng.internal.Invoker.invokeTestMethod(Invoker.java:869)
	at org.testng.internal.Invoker.invokeTestMethods(Invoker.java:1193)
	at org.testng.internal.TestMethodWorker.invokeTestMethods(TestMethodWorker.java:126)
	at org.testng.internal.TestMethodWorker.run(TestMethodWorker.java:109)
	at org.testng.TestRunner.privateRun(TestRunner.java:744)
	at org.testng.TestRunner.run(TestRunner.java:602)
	at org.testng.SuiteRunner.runTest(SuiteRunner.java:380)
	at org.testng.SuiteRunner.runSequentially(SuiteRunner.java:375)
	at org.testng.SuiteRunner.privateRun(SuiteRunner.java:340)
	at org.testng.SuiteRunner.run(SuiteRunner.java:289)
	at org.testng.SuiteRunnerWorker.runSuite(SuiteRunnerWorker.java:52)
	at org.testng.SuiteRunnerWorker.run(SuiteRunnerWorker.java:86)
	at org.testng.TestNG.runSuitesSequentially(TestNG.java:1301)
	at org.testng.TestNG.runSuitesSequentially(TestNG.java:1297)
	at org.testng.TestNG.runSuitesLocally(TestNG.java:1226)
	at org.testng.TestNG.runSuites(TestNG.java:1144)
	at org.testng.TestNG.run(TestNG.java:1115)
	at org.apache.maven.surefire.testng.TestNGExecutor.run(TestNGExecutor.java:283)
	at org.apache.maven.surefire.testng.TestNGXmlTestSuite.execute(TestNGXmlTestSuite.java:75)
	at org.apache.maven.surefire.testng.TestNGProvider.invoke(TestNGProvider.java:120)
	at org.apache.maven.surefire.booter.ForkedBooter.invokeProviderInSameClassLoader(ForkedBooter.java:384)
	at org.apache.maven.surefire.booter.ForkedBooter.runSuitesInProcess(ForkedBooter.java:345)
	at org.apache.maven.surefire.booter.ForkedBooter.execute(ForkedBooter.java:126)
	at org.apache.maven.surefire.booter.ForkedBooter.main(ForkedBooter.java:418)
</pre></div></td>
<td>5</td>
<td>AASProductTestCase.AASProductTest.qa.testcases.ProductSettingPageTest@3e694b3f</td></tr>
</table><p>
<table width='100%' border='1' class='invocation-passed'>
<tr><td colspan='4' align='center'><b>PASSED TESTS</b></td></tr>
<tr><td><b>Test method</b></td>
<td width="30%"><b>Exception</b></td>
<td width="10%"><b>Time (seconds)</b></td>
<td><b>Instance</b></td>
</tr>
<tr>
<td title='AASProductTestCase.AASProductTest.qa.testcases.ProductSettingPageTest.ProceedAGCheck()'><b>ProceedAGCheck</b><br>Test class: AASProductTestCase.AASProductTest.qa.testcases.ProductSettingPageTest</td>
<td></td>
<td>4</td>
<td>AASProductTestCase.AASProductTest.qa.testcases.ProductSettingPageTest@3e694b3f</td></tr>
<tr>
<td title='AASProductTestCase.AASProductTest.qa.testcases.ProductSettingPageTest.ProceedMACheck()'><b>ProceedMACheck</b><br>Test class: AASProductTestCase.AASProductTest.qa.testcases.ProductSettingPageTest</td>
<td></td>
<td>4</td>
<td>AASProductTestCase.AASProductTest.qa.testcases.ProductSettingPageTest@3e694b3f</td></tr>
<tr>
<td title='AASProductTestCase.AASProductTest.qa.testcases.ProductSettingPageTest.ProceedProductStatusActiveTest()'><b>ProceedProductStatusActiveTest</b><br>Test class: AASProductTestCase.AASProductTest.qa.testcases.ProductSettingPageTest<br>Parameters: org.testng.TestRunner@6526e89c</td>
<td></td>
<td>10</td>
<td>AASProductTestCase.AASProductTest.qa.testcases.ProductSettingPageTest@3e694b3f</td></tr>
<tr>
<td title='AASProductTestCase.AASProductTest.qa.testcases.ProductSettingPageTest.ProductStatusActiveTest()'><b>ProductStatusActiveTest</b><br>Test class: AASProductTestCase.AASProductTest.qa.testcases.ProductSettingPageTest<br>Parameters: 1, Evolution, org.testng.TestRunner@6526e89c</td>
<td></td>
<td>2</td>
<td>AASProductTestCase.AASProductTest.qa.testcases.ProductSettingPageTest@3e694b3f</td></tr>
<tr>
<td title='AASProductTestCase.AASProductTest.qa.testcases.ProductSettingPageTest.ProductStatusActiveTest()'><b>ProductStatusActiveTest</b><br>Test class: AASProductTestCase.AASProductTest.qa.testcases.ProductSettingPageTest<br>Parameters: 2, Big Gaming, org.testng.TestRunner@6526e89c</td>
<td></td>
<td>2</td>
<td>AASProductTestCase.AASProductTest.qa.testcases.ProductSettingPageTest@3e694b3f</td></tr>
<tr>
<td title='AASProductTestCase.AASProductTest.qa.testcases.ProductSettingPageTest.ProductStatusActiveTest()'><b>ProductStatusActiveTest</b><br>Test class: AASProductTestCase.AASProductTest.qa.testcases.ProductSettingPageTest<br>Parameters: 3, Micro Gaming, org.testng.TestRunner@6526e89c</td>
<td></td>
<td>2</td>
<td>AASProductTestCase.AASProductTest.qa.testcases.ProductSettingPageTest@3e694b3f</td></tr>
<tr>
<td title='AASProductTestCase.AASProductTest.qa.testcases.ProductSettingPageTest.ProductStatusActiveTest()'><b>ProductStatusActiveTest</b><br>Test class: AASProductTestCase.AASProductTest.qa.testcases.ProductSettingPageTest<br>Parameters: 4, Asia Gaming, org.testng.TestRunner@6526e89c</td>
<td></td>
<td>2</td>
<td>AASProductTestCase.AASProductTest.qa.testcases.ProductSettingPageTest@3e694b3f</td></tr>
<tr>
<td title='AASProductTestCase.AASProductTest.qa.testcases.ProductSettingPageTest.ProductStatusActiveTest()'><b>ProductStatusActiveTest</b><br>Test class: AASProductTestCase.AASProductTest.qa.testcases.ProductSettingPageTest<br>Parameters: 5, Dream Gaming, org.testng.TestRunner@6526e89c</td>
<td></td>
<td>2</td>
<td>AASProductTestCase.AASProductTest.qa.testcases.ProductSettingPageTest@3e694b3f</td></tr>
<tr>
<td title='AASProductTestCase.AASProductTest.qa.testcases.ProductSettingPageTest.ProductStatusActiveTest()'><b>ProductStatusActiveTest</b><br>Test class: AASProductTestCase.AASProductTest.qa.testcases.ProductSettingPageTest<br>Parameters: 6, Paiza, org.testng.TestRunner@6526e89c</td>
<td></td>
<td>2</td>
<td>AASProductTestCase.AASProductTest.qa.testcases.ProductSettingPageTest@3e694b3f</td></tr>
<tr>
<td title='AASProductTestCase.AASProductTest.qa.testcases.ProductSettingPageTest.ProductStatusActiveTest()'><b>ProductStatusActiveTest</b><br>Test class: AASProductTestCase.AASProductTest.qa.testcases.ProductSettingPageTest<br>Parameters: 7, Praagmatic Gaming, org.testng.TestRunner@6526e89c</td>
<td></td>
<td>2</td>
<td>AASProductTestCase.AASProductTest.qa.testcases.ProductSettingPageTest@3e694b3f</td></tr>
<tr>
<td title='AASProductTestCase.AASProductTest.qa.testcases.ProductSettingPageTest.ProductStatusActiveTest()'><b>ProductStatusActiveTest</b><br>Test class: AASProductTestCase.AASProductTest.qa.testcases.ProductSettingPageTest<br>Parameters: 8, Sexy Gaming, org.testng.TestRunner@6526e89c</td>
<td></td>
<td>2</td>
<td>AASProductTestCase.AASProductTest.qa.testcases.ProductSettingPageTest@3e694b3f</td></tr>
<tr>
<td title='AASProductTestCase.AASProductTest.qa.testcases.ProductSettingPageTest.ProductStatusActiveTest()'><b>ProductStatusActiveTest</b><br>Test class: AASProductTestCase.AASProductTest.qa.testcases.ProductSettingPageTest<br>Parameters: 9, Pragmatic Slot, org.testng.TestRunner@6526e89c</td>
<td></td>
<td>2</td>
<td>AASProductTestCase.AASProductTest.qa.testcases.ProductSettingPageTest@3e694b3f</td></tr>
<tr>
<td title='AASProductTestCase.AASProductTest.qa.testcases.ProductSettingPageTest.ProductStatusActiveTest()'><b>ProductStatusActiveTest</b><br>Test class: AASProductTestCase.AASProductTest.qa.testcases.ProductSettingPageTest<br>Parameters: 10, Habanero Slot, org.testng.TestRunner@6526e89c</td>
<td></td>
<td>2</td>
<td>AASProductTestCase.AASProductTest.qa.testcases.ProductSettingPageTest@3e694b3f</td></tr>
<tr>
<td title='AASProductTestCase.AASProductTest.qa.testcases.ProductSettingPageTest.ProductStatusActiveTest()'><b>ProductStatusActiveTest</b><br>Test class: AASProductTestCase.AASProductTest.qa.testcases.ProductSettingPageTest<br>Parameters: 11, Maverick Slot, org.testng.TestRunner@6526e89c</td>
<td></td>
<td>2</td>
<td>AASProductTestCase.AASProductTest.qa.testcases.ProductSettingPageTest@3e694b3f</td></tr>
<tr>
<td title='AASProductTestCase.AASProductTest.qa.testcases.ProductSettingPageTest.ProductStatusActiveTest()'><b>ProductStatusActiveTest</b><br>Test class: AASProductTestCase.AASProductTest.qa.testcases.ProductSettingPageTest<br>Parameters: 12, Netent Slot, org.testng.TestRunner@6526e89c</td>
<td></td>
<td>2</td>
<td>AASProductTestCase.AASProductTest.qa.testcases.ProductSettingPageTest@3e694b3f</td></tr>
<tr>
<td title='AASProductTestCase.AASProductTest.qa.testcases.ProductSettingPageTest.ProductStatusActiveTest()'><b>ProductStatusActiveTest</b><br>Test class: AASProductTestCase.AASProductTest.qa.testcases.ProductSettingPageTest<br>Parameters: 13, Quicksipn Slot, org.testng.TestRunner@6526e89c</td>
<td></td>
<td>2</td>
<td>AASProductTestCase.AASProductTest.qa.testcases.ProductSettingPageTest@3e694b3f</td></tr>
<tr>
<td title='AASProductTestCase.AASProductTest.qa.testcases.ProductSettingPageTest.ProductStatusActiveTest()'><b>ProductStatusActiveTest</b><br>Test class: AASProductTestCase.AASProductTest.qa.testcases.ProductSettingPageTest<br>Parameters: 14, Spade Gaming Slot, org.testng.TestRunner@6526e89c</td>
<td></td>
<td>2</td>
<td>AASProductTestCase.AASProductTest.qa.testcases.ProductSettingPageTest@3e694b3f</td></tr>
<tr>
<td title='AASProductTestCase.AASProductTest.qa.testcases.ProductSettingPageTest.ProductStatusDownlineCheck_AG()'><b>ProductStatusDownlineCheck_AG</b><br>Test class: AASProductTestCase.AASProductTest.qa.testcases.ProductSettingPageTest<br>Parameters: 1, Evolution, org.testng.TestRunner@6526e89c</td>
<td></td>
<td>1</td>
<td>AASProductTestCase.AASProductTest.qa.testcases.ProductSettingPageTest@3e694b3f</td></tr>
<tr>
<td title='AASProductTestCase.AASProductTest.qa.testcases.ProductSettingPageTest.ProductStatusDownlineCheck_AG()'><b>ProductStatusDownlineCheck_AG</b><br>Test class: AASProductTestCase.AASProductTest.qa.testcases.ProductSettingPageTest<br>Parameters: 2, Big Gaming, org.testng.TestRunner@6526e89c</td>
<td></td>
<td>1</td>
<td>AASProductTestCase.AASProductTest.qa.testcases.ProductSettingPageTest@3e694b3f</td></tr>
<tr>
<td title='AASProductTestCase.AASProductTest.qa.testcases.ProductSettingPageTest.ProductStatusDownlineCheck_AG()'><b>ProductStatusDownlineCheck_AG</b><br>Test class: AASProductTestCase.AASProductTest.qa.testcases.ProductSettingPageTest<br>Parameters: 3, Micro Gaming, org.testng.TestRunner@6526e89c</td>
<td></td>
<td>1</td>
<td>AASProductTestCase.AASProductTest.qa.testcases.ProductSettingPageTest@3e694b3f</td></tr>
<tr>
<td title='AASProductTestCase.AASProductTest.qa.testcases.ProductSettingPageTest.ProductStatusDownlineCheck_AG()'><b>ProductStatusDownlineCheck_AG</b><br>Test class: AASProductTestCase.AASProductTest.qa.testcases.ProductSettingPageTest<br>Parameters: 4, Asia Gaming, org.testng.TestRunner@6526e89c</td>
<td></td>
<td>1</td>
<td>AASProductTestCase.AASProductTest.qa.testcases.ProductSettingPageTest@3e694b3f</td></tr>
<tr>
<td title='AASProductTestCase.AASProductTest.qa.testcases.ProductSettingPageTest.ProductStatusDownlineCheck_AG()'><b>ProductStatusDownlineCheck_AG</b><br>Test class: AASProductTestCase.AASProductTest.qa.testcases.ProductSettingPageTest<br>Parameters: 5, Dream Gaming, org.testng.TestRunner@6526e89c</td>
<td></td>
<td>1</td>
<td>AASProductTestCase.AASProductTest.qa.testcases.ProductSettingPageTest@3e694b3f</td></tr>
<tr>
<td title='AASProductTestCase.AASProductTest.qa.testcases.ProductSettingPageTest.ProductStatusDownlineCheck_AG()'><b>ProductStatusDownlineCheck_AG</b><br>Test class: AASProductTestCase.AASProductTest.qa.testcases.ProductSettingPageTest<br>Parameters: 6, Paiza, org.testng.TestRunner@6526e89c</td>
<td></td>
<td>1</td>
<td>AASProductTestCase.AASProductTest.qa.testcases.ProductSettingPageTest@3e694b3f</td></tr>
<tr>
<td title='AASProductTestCase.AASProductTest.qa.testcases.ProductSettingPageTest.ProductStatusDownlineCheck_AG()'><b>ProductStatusDownlineCheck_AG</b><br>Test class: AASProductTestCase.AASProductTest.qa.testcases.ProductSettingPageTest<br>Parameters: 7, Praagmatic Gaming, org.testng.TestRunner@6526e89c</td>
<td></td>
<td>1</td>
<td>AASProductTestCase.AASProductTest.qa.testcases.ProductSettingPageTest@3e694b3f</td></tr>
<tr>
<td title='AASProductTestCase.AASProductTest.qa.testcases.ProductSettingPageTest.ProductStatusDownlineCheck_AG()'><b>ProductStatusDownlineCheck_AG</b><br>Test class: AASProductTestCase.AASProductTest.qa.testcases.ProductSettingPageTest<br>Parameters: 8, Sexy Gaming, org.testng.TestRunner@6526e89c</td>
<td></td>
<td>1</td>
<td>AASProductTestCase.AASProductTest.qa.testcases.ProductSettingPageTest@3e694b3f</td></tr>
<tr>
<td title='AASProductTestCase.AASProductTest.qa.testcases.ProductSettingPageTest.ProductStatusDownlineCheck_AG()'><b>ProductStatusDownlineCheck_AG</b><br>Test class: AASProductTestCase.AASProductTest.qa.testcases.ProductSettingPageTest<br>Parameters: 9, Pragmatic Slot, org.testng.TestRunner@6526e89c</td>
<td></td>
<td>1</td>
<td>AASProductTestCase.AASProductTest.qa.testcases.ProductSettingPageTest@3e694b3f</td></tr>
<tr>
<td title='AASProductTestCase.AASProductTest.qa.testcases.ProductSettingPageTest.ProductStatusDownlineCheck_AG()'><b>ProductStatusDownlineCheck_AG</b><br>Test class: AASProductTestCase.AASProductTest.qa.testcases.ProductSettingPageTest<br>Parameters: 10, Habanero Slot, org.testng.TestRunner@6526e89c</td>
<td></td>
<td>1</td>
<td>AASProductTestCase.AASProductTest.qa.testcases.ProductSettingPageTest@3e694b3f</td></tr>
<tr>
<td title='AASProductTestCase.AASProductTest.qa.testcases.ProductSettingPageTest.ProductStatusDownlineCheck_AG()'><b>ProductStatusDownlineCheck_AG</b><br>Test class: AASProductTestCase.AASProductTest.qa.testcases.ProductSettingPageTest<br>Parameters: 11, Maverick Slot, org.testng.TestRunner@6526e89c</td>
<td></td>
<td>1</td>
<td>AASProductTestCase.AASProductTest.qa.testcases.ProductSettingPageTest@3e694b3f</td></tr>
<tr>
<td title='AASProductTestCase.AASProductTest.qa.testcases.ProductSettingPageTest.ProductStatusDownlineCheck_AG()'><b>ProductStatusDownlineCheck_AG</b><br>Test class: AASProductTestCase.AASProductTest.qa.testcases.ProductSettingPageTest<br>Parameters: 12, Netent Slot, org.testng.TestRunner@6526e89c</td>
<td></td>
<td>1</td>
<td>AASProductTestCase.AASProductTest.qa.testcases.ProductSettingPageTest@3e694b3f</td></tr>
<tr>
<td title='AASProductTestCase.AASProductTest.qa.testcases.ProductSettingPageTest.ProductStatusDownlineCheck_AG()'><b>ProductStatusDownlineCheck_AG</b><br>Test class: AASProductTestCase.AASProductTest.qa.testcases.ProductSettingPageTest<br>Parameters: 13, Quicksipn Slot, org.testng.TestRunner@6526e89c</td>
<td></td>
<td>1</td>
<td>AASProductTestCase.AASProductTest.qa.testcases.ProductSettingPageTest@3e694b3f</td></tr>
<tr>
<td title='AASProductTestCase.AASProductTest.qa.testcases.ProductSettingPageTest.ProductStatusDownlineCheck_AG()'><b>ProductStatusDownlineCheck_AG</b><br>Test class: AASProductTestCase.AASProductTest.qa.testcases.ProductSettingPageTest<br>Parameters: 14, Spade Gaming Slot, org.testng.TestRunner@6526e89c</td>
<td></td>
<td>1</td>
<td>AASProductTestCase.AASProductTest.qa.testcases.ProductSettingPageTest@3e694b3f</td></tr>
<tr>
<td title='AASProductTestCase.AASProductTest.qa.testcases.ProductSettingPageTest.ProductStatusDownlineCheck_MA()'><b>ProductStatusDownlineCheck_MA</b><br>Test class: AASProductTestCase.AASProductTest.qa.testcases.ProductSettingPageTest<br>Parameters: 1, Evolution, org.testng.TestRunner@6526e89c</td>
<td></td>
<td>1</td>
<td>AASProductTestCase.AASProductTest.qa.testcases.ProductSettingPageTest@3e694b3f</td></tr>
<tr>
<td title='AASProductTestCase.AASProductTest.qa.testcases.ProductSettingPageTest.ProductStatusDownlineCheck_MA()'><b>ProductStatusDownlineCheck_MA</b><br>Test class: AASProductTestCase.AASProductTest.qa.testcases.ProductSettingPageTest<br>Parameters: 2, Big Gaming, org.testng.TestRunner@6526e89c</td>
<td></td>
<td>1</td>
<td>AASProductTestCase.AASProductTest.qa.testcases.ProductSettingPageTest@3e694b3f</td></tr>
<tr>
<td title='AASProductTestCase.AASProductTest.qa.testcases.ProductSettingPageTest.ProductStatusDownlineCheck_MA()'><b>ProductStatusDownlineCheck_MA</b><br>Test class: AASProductTestCase.AASProductTest.qa.testcases.ProductSettingPageTest<br>Parameters: 3, Micro Gaming, org.testng.TestRunner@6526e89c</td>
<td></td>
<td>1</td>
<td>AASProductTestCase.AASProductTest.qa.testcases.ProductSettingPageTest@3e694b3f</td></tr>
<tr>
<td title='AASProductTestCase.AASProductTest.qa.testcases.ProductSettingPageTest.ProductStatusDownlineCheck_MA()'><b>ProductStatusDownlineCheck_MA</b><br>Test class: AASProductTestCase.AASProductTest.qa.testcases.ProductSettingPageTest<br>Parameters: 4, Asia Gaming, org.testng.TestRunner@6526e89c</td>
<td></td>
<td>1</td>
<td>AASProductTestCase.AASProductTest.qa.testcases.ProductSettingPageTest@3e694b3f</td></tr>
<tr>
<td title='AASProductTestCase.AASProductTest.qa.testcases.ProductSettingPageTest.ProductStatusDownlineCheck_MA()'><b>ProductStatusDownlineCheck_MA</b><br>Test class: AASProductTestCase.AASProductTest.qa.testcases.ProductSettingPageTest<br>Parameters: 5, Dream Gaming, org.testng.TestRunner@6526e89c</td>
<td></td>
<td>1</td>
<td>AASProductTestCase.AASProductTest.qa.testcases.ProductSettingPageTest@3e694b3f</td></tr>
<tr>
<td title='AASProductTestCase.AASProductTest.qa.testcases.ProductSettingPageTest.ProductStatusDownlineCheck_MA()'><b>ProductStatusDownlineCheck_MA</b><br>Test class: AASProductTestCase.AASProductTest.qa.testcases.ProductSettingPageTest<br>Parameters: 6, Paiza, org.testng.TestRunner@6526e89c</td>
<td></td>
<td>1</td>
<td>AASProductTestCase.AASProductTest.qa.testcases.ProductSettingPageTest@3e694b3f</td></tr>
<tr>
<td title='AASProductTestCase.AASProductTest.qa.testcases.ProductSettingPageTest.ProductStatusDownlineCheck_MA()'><b>ProductStatusDownlineCheck_MA</b><br>Test class: AASProductTestCase.AASProductTest.qa.testcases.ProductSettingPageTest<br>Parameters: 7, Praagmatic Gaming, org.testng.TestRunner@6526e89c</td>
<td></td>
<td>1</td>
<td>AASProductTestCase.AASProductTest.qa.testcases.ProductSettingPageTest@3e694b3f</td></tr>
<tr>
<td title='AASProductTestCase.AASProductTest.qa.testcases.ProductSettingPageTest.ProductStatusDownlineCheck_MA()'><b>ProductStatusDownlineCheck_MA</b><br>Test class: AASProductTestCase.AASProductTest.qa.testcases.ProductSettingPageTest<br>Parameters: 8, Sexy Gaming, org.testng.TestRunner@6526e89c</td>
<td></td>
<td>1</td>
<td>AASProductTestCase.AASProductTest.qa.testcases.ProductSettingPageTest@3e694b3f</td></tr>
<tr>
<td title='AASProductTestCase.AASProductTest.qa.testcases.ProductSettingPageTest.ProductStatusDownlineCheck_MA()'><b>ProductStatusDownlineCheck_MA</b><br>Test class: AASProductTestCase.AASProductTest.qa.testcases.ProductSettingPageTest<br>Parameters: 9, Pragmatic Slot, org.testng.TestRunner@6526e89c</td>
<td></td>
<td>1</td>
<td>AASProductTestCase.AASProductTest.qa.testcases.ProductSettingPageTest@3e694b3f</td></tr>
<tr>
<td title='AASProductTestCase.AASProductTest.qa.testcases.ProductSettingPageTest.ProductStatusDownlineCheck_MA()'><b>ProductStatusDownlineCheck_MA</b><br>Test class: AASProductTestCase.AASProductTest.qa.testcases.ProductSettingPageTest<br>Parameters: 10, Habanero Slot, org.testng.TestRunner@6526e89c</td>
<td></td>
<td>1</td>
<td>AASProductTestCase.AASProductTest.qa.testcases.ProductSettingPageTest@3e694b3f</td></tr>
<tr>
<td title='AASProductTestCase.AASProductTest.qa.testcases.ProductSettingPageTest.ProductStatusDownlineCheck_MA()'><b>ProductStatusDownlineCheck_MA</b><br>Test class: AASProductTestCase.AASProductTest.qa.testcases.ProductSettingPageTest<br>Parameters: 11, Maverick Slot, org.testng.TestRunner@6526e89c</td>
<td></td>
<td>1</td>
<td>AASProductTestCase.AASProductTest.qa.testcases.ProductSettingPageTest@3e694b3f</td></tr>
<tr>
<td title='AASProductTestCase.AASProductTest.qa.testcases.ProductSettingPageTest.ProductStatusDownlineCheck_MA()'><b>ProductStatusDownlineCheck_MA</b><br>Test class: AASProductTestCase.AASProductTest.qa.testcases.ProductSettingPageTest<br>Parameters: 12, Netent Slot, org.testng.TestRunner@6526e89c</td>
<td></td>
<td>1</td>
<td>AASProductTestCase.AASProductTest.qa.testcases.ProductSettingPageTest@3e694b3f</td></tr>
<tr>
<td title='AASProductTestCase.AASProductTest.qa.testcases.ProductSettingPageTest.ProductStatusDownlineCheck_MA()'><b>ProductStatusDownlineCheck_MA</b><br>Test class: AASProductTestCase.AASProductTest.qa.testcases.ProductSettingPageTest<br>Parameters: 13, Quicksipn Slot, org.testng.TestRunner@6526e89c</td>
<td></td>
<td>1</td>
<td>AASProductTestCase.AASProductTest.qa.testcases.ProductSettingPageTest@3e694b3f</td></tr>
<tr>
<td title='AASProductTestCase.AASProductTest.qa.testcases.ProductSettingPageTest.ProductStatusDownlineCheck_MA()'><b>ProductStatusDownlineCheck_MA</b><br>Test class: AASProductTestCase.AASProductTest.qa.testcases.ProductSettingPageTest<br>Parameters: 14, Spade Gaming Slot, org.testng.TestRunner@6526e89c</td>
<td></td>
<td>1</td>
<td>AASProductTestCase.AASProductTest.qa.testcases.ProductSettingPageTest@3e694b3f</td></tr>
<tr>
<td title='AASProductTestCase.AASProductTest.qa.testcases.ProductSettingPageTest.ProductStatusPositiveTest01()'><b>ProductStatusPositiveTest01</b><br>Test class: AASProductTestCase.AASProductTest.qa.testcases.ProductSettingPageTest<br>Parameters: 1, Evolution, org.testng.TestRunner@6526e89c</td>
<td></td>
<td>5</td>
<td>AASProductTestCase.AASProductTest.qa.testcases.ProductSettingPageTest@3e694b3f</td></tr>
<tr>
<td title='AASProductTestCase.AASProductTest.qa.testcases.ProductSettingPageTest.ProductStatusPositiveTest01()'><b>ProductStatusPositiveTest01</b><br>Test class: AASProductTestCase.AASProductTest.qa.testcases.ProductSettingPageTest<br>Parameters: 2, Big Gaming, org.testng.TestRunner@6526e89c</td>
<td></td>
<td>5</td>
<td>AASProductTestCase.AASProductTest.qa.testcases.ProductSettingPageTest@3e694b3f</td></tr>
<tr>
<td title='AASProductTestCase.AASProductTest.qa.testcases.ProductSettingPageTest.ProductStatusPositiveTest01()'><b>ProductStatusPositiveTest01</b><br>Test class: AASProductTestCase.AASProductTest.qa.testcases.ProductSettingPageTest<br>Parameters: 3, Micro Gaming, org.testng.TestRunner@6526e89c</td>
<td></td>
<td>5</td>
<td>AASProductTestCase.AASProductTest.qa.testcases.ProductSettingPageTest@3e694b3f</td></tr>
<tr>
<td title='AASProductTestCase.AASProductTest.qa.testcases.ProductSettingPageTest.ProductStatusPositiveTest01()'><b>ProductStatusPositiveTest01</b><br>Test class: AASProductTestCase.AASProductTest.qa.testcases.ProductSettingPageTest<br>Parameters: 4, Asia Gaming, org.testng.TestRunner@6526e89c</td>
<td></td>
<td>5</td>
<td>AASProductTestCase.AASProductTest.qa.testcases.ProductSettingPageTest@3e694b3f</td></tr>
<tr>
<td title='AASProductTestCase.AASProductTest.qa.testcases.ProductSettingPageTest.ProductStatusPositiveTest01()'><b>ProductStatusPositiveTest01</b><br>Test class: AASProductTestCase.AASProductTest.qa.testcases.ProductSettingPageTest<br>Parameters: 5, Dream Gaming, org.testng.TestRunner@6526e89c</td>
<td></td>
<td>5</td>
<td>AASProductTestCase.AASProductTest.qa.testcases.ProductSettingPageTest@3e694b3f</td></tr>
<tr>
<td title='AASProductTestCase.AASProductTest.qa.testcases.ProductSettingPageTest.ProductStatusPositiveTest01()'><b>ProductStatusPositiveTest01</b><br>Test class: AASProductTestCase.AASProductTest.qa.testcases.ProductSettingPageTest<br>Parameters: 6, Paiza, org.testng.TestRunner@6526e89c</td>
<td></td>
<td>5</td>
<td>AASProductTestCase.AASProductTest.qa.testcases.ProductSettingPageTest@3e694b3f</td></tr>
<tr>
<td title='AASProductTestCase.AASProductTest.qa.testcases.ProductSettingPageTest.ProductStatusPositiveTest01()'><b>ProductStatusPositiveTest01</b><br>Test class: AASProductTestCase.AASProductTest.qa.testcases.ProductSettingPageTest<br>Parameters: 7, Praagmatic Gaming, org.testng.TestRunner@6526e89c</td>
<td></td>
<td>5</td>
<td>AASProductTestCase.AASProductTest.qa.testcases.ProductSettingPageTest@3e694b3f</td></tr>
<tr>
<td title='AASProductTestCase.AASProductTest.qa.testcases.ProductSettingPageTest.ProductStatusPositiveTest01()'><b>ProductStatusPositiveTest01</b><br>Test class: AASProductTestCase.AASProductTest.qa.testcases.ProductSettingPageTest<br>Parameters: 8, Sexy Gaming, org.testng.TestRunner@6526e89c</td>
<td></td>
<td>5</td>
<td>AASProductTestCase.AASProductTest.qa.testcases.ProductSettingPageTest@3e694b3f</td></tr>
<tr>
<td title='AASProductTestCase.AASProductTest.qa.testcases.ProductSettingPageTest.ProductStatusPositiveTest01()'><b>ProductStatusPositiveTest01</b><br>Test class: AASProductTestCase.AASProductTest.qa.testcases.ProductSettingPageTest<br>Parameters: 9, Pragmatic Slot, org.testng.TestRunner@6526e89c</td>
<td></td>
<td>5</td>
<td>AASProductTestCase.AASProductTest.qa.testcases.ProductSettingPageTest@3e694b3f</td></tr>
<tr>
<td title='AASProductTestCase.AASProductTest.qa.testcases.ProductSettingPageTest.ProductStatusPositiveTest01()'><b>ProductStatusPositiveTest01</b><br>Test class: AASProductTestCase.AASProductTest.qa.testcases.ProductSettingPageTest<br>Parameters: 10, Habanero Slot, org.testng.TestRunner@6526e89c</td>
<td></td>
<td>5</td>
<td>AASProductTestCase.AASProductTest.qa.testcases.ProductSettingPageTest@3e694b3f</td></tr>
<tr>
<td title='AASProductTestCase.AASProductTest.qa.testcases.ProductSettingPageTest.ProductStatusPositiveTest01()'><b>ProductStatusPositiveTest01</b><br>Test class: AASProductTestCase.AASProductTest.qa.testcases.ProductSettingPageTest<br>Parameters: 11, Maverick Slot, org.testng.TestRunner@6526e89c</td>
<td></td>
<td>5</td>
<td>AASProductTestCase.AASProductTest.qa.testcases.ProductSettingPageTest@3e694b3f</td></tr>
<tr>
<td title='AASProductTestCase.AASProductTest.qa.testcases.ProductSettingPageTest.ProductStatusPositiveTest01()'><b>ProductStatusPositiveTest01</b><br>Test class: AASProductTestCase.AASProductTest.qa.testcases.ProductSettingPageTest<br>Parameters: 12, Netent Slot, org.testng.TestRunner@6526e89c</td>
<td></td>
<td>5</td>
<td>AASProductTestCase.AASProductTest.qa.testcases.ProductSettingPageTest@3e694b3f</td></tr>
<tr>
<td title='AASProductTestCase.AASProductTest.qa.testcases.ProductSettingPageTest.ProductStatusPositiveTest01()'><b>ProductStatusPositiveTest01</b><br>Test class: AASProductTestCase.AASProductTest.qa.testcases.ProductSettingPageTest<br>Parameters: 13, Quicksipn Slot, org.testng.TestRunner@6526e89c</td>
<td></td>
<td>5</td>
<td>AASProductTestCase.AASProductTest.qa.testcases.ProductSettingPageTest@3e694b3f</td></tr>
<tr>
<td title='AASProductTestCase.AASProductTest.qa.testcases.ProductSettingPageTest.ProductStatusPositiveTest01()'><b>ProductStatusPositiveTest01</b><br>Test class: AASProductTestCase.AASProductTest.qa.testcases.ProductSettingPageTest<br>Parameters: 14, Spade Gaming Slot, org.testng.TestRunner@6526e89c</td>
<td></td>
<td>5</td>
<td>AASProductTestCase.AASProductTest.qa.testcases.ProductSettingPageTest@3e694b3f</td></tr>
</table><p>
</body>
</html>