<?xml version="1.0" encoding="UTF-8"?>
<!-- Generated by org.testng.reporters.JUnitXMLReporter -->
<testsuite ignored="0" hostname="LTP11" failures="2" tests="14" name="AAS Login Test" time="97.06" errors="0" timestamp="17 Aug 2020 03:57:58 GMT">
  <testcase classname="AASProductTestCase.AASProductTest.qa.testcases.ExtraPTPageTest" name="ExtraPTTest" time="6.139"/>
  <testcase classname="AASProductTestCase.AASProductTest.qa.testcases.ExtraPTPageTest" name="ExtraPTTest" time="6.044"/>
  <testcase classname="AASProductTestCase.AASProductTest.qa.testcases.ExtraPTPageTest" name="ExtraPTTest" time="6.1"/>
  <testcase classname="AASProductTestCase.AASProductTest.qa.testcases.ExtraPTPageTest" name="ExtraPTTest" time="6.048"/>
  <testcase classname="AASProductTestCase.AASProductTest.qa.testcases.ExtraPTPageTest" name="ExtraPTTest" time="6.039">
    <failure type="java.lang.AssertionError" message="expected [] but found [10.50]">
      <![CDATA[java.lang.AssertionError: expected [] but found [10.50]
	at AASProductTestCase.AASProductTest.qa.testcases.ExtraPTPageTest.ExtraPTTest(ExtraPTPageTest.java:93)
... Removed 36 stack frames]]>
    </failure>
  </testcase> <!-- ExtraPTTest -->
  <testcase classname="AASProductTestCase.AASProductTest.qa.testcases.ExtraPTPageTest" name="ExtraPTTest" time="6.062">
    <failure type="java.lang.AssertionError" message="expected [999] but found [10.50]">
      <![CDATA[java.lang.AssertionError: expected [999] but found [10.50]
	at AASProductTestCase.AASProductTest.qa.testcases.ExtraPTPageTest.ExtraPTTest(ExtraPTPageTest.java:93)
... Removed 36 stack frames]]>
    </failure>
  </testcase> <!-- ExtraPTTest -->
  <testcase classname="AASProductTestCase.AASProductTest.qa.testcases.ExtraPTPageTest" name="ExtraPTTest" time="6.177"/>
  <testcase classname="AASProductTestCase.AASProductTest.qa.testcases.ExtraPTPageTest" name="ExtraPTTest" time="6.166"/>
  <testcase classname="AASProductTestCase.AASProductTest.qa.testcases.ExtraPTPageTest" name="ExtraPTTest" time="6.077"/>
  <testcase classname="AASProductTestCase.AASProductTest.qa.testcases.ExtraPTPageTest" name="ExtraPTTest" time="5.996"/>
  <testcase classname="AASProductTestCase.AASProductTest.qa.testcases.ExtraPTPageTest" name="ExtraPTTest" time="6.003"/>
  <testcase classname="AASProductTestCase.AASProductTest.qa.testcases.ExtraPTPageTest" name="ExtraPTTest" time="6.003"/>
  <testcase classname="AASProductTestCase.AASProductTest.qa.testcases.ExtraPTPageTest" name="ExtraPTTest" time="5.992"/>
  <testcase classname="AASProductTestCase.AASProductTest.qa.testcases.ExtraPTPageTest" name="ExtraPTTest" time="5.989"/>
</testsuite> <!-- AAS Login Test -->
