<html>
<head>
<title>TestNG:  AAS PT Setting Test</title>
<link href="../testng.css" rel="stylesheet" type="text/css" />
<link href="../my-testng.css" rel="stylesheet" type="text/css" />

<style type="text/css">
.log { display: none;} 
.stack-trace { display: none;} 
</style>
<script type="text/javascript">
<!--
function flip(e) {
  current = e.style.display;
  if (current == 'block') {
    e.style.display = 'none';
    return 0;
  }
  else {
    e.style.display = 'block';
    return 1;
  }
}

function toggleBox(szDivId, elem, msg1, msg2)
{
  var res = -1;  if (document.getElementById) {
    res = flip(document.getElementById(szDivId));
  }
  else if (document.all) {
    // this is the way old msie versions work
    res = flip(document.all[szDivId]);
  }
  if(elem) {
    if(res == 0) elem.innerHTML = msg1; else elem.innerHTML = msg2;
  }

}

function toggleAllBoxes() {
  if (document.getElementsByTagName) {
    d = document.getElementsByTagName('div');
    for (i = 0; i < d.length; i++) {
      if (d[i].className == 'log') {
        flip(d[i]);
      }
    }
  }
}

// -->
</script>

</head>
<body>
<h2 align='center'>AAS PT Setting Test</h2><table border='1' align="center">
<tr>
<td>Tests passed/Failed/Skipped:</td><td>154/46/0</td>
</tr><tr>
<td>Started on:</td><td>Fri Oct 16 17:07:48 SGT 2020</td>
</tr>
<tr><td>Total time:</td><td>705 seconds (705388 ms)</td>
</tr><tr>
<td>Included groups:</td><td></td>
</tr><tr>
<td>Excluded groups:</td><td></td>
</tr>
</table><p/>
<small><i>(Hover the method name to see the test class name)</i></small><p/>
<table width='100%' border='1' class='invocation-failed'>
<tr><td colspan='4' align='center'><b>FAILED TESTS</b></td></tr>
<tr><td><b>Test method</b></td>
<td width="30%"><b>Exception</b></td>
<td width="10%"><b>Time (seconds)</b></td>
<td><b>Instance</b></td>
</tr>
<tr>
<td title='AASProductTestCase.AASProductTest.qa.testcases.PTSettingPageTest.PTSettingCAPositiveTest01()'><b>PTSettingCAPositiveTest01</b><br>Test class: AASProductTestCase.AASProductTest.qa.testcases.PTSettingPageTest<br>Parameters: 7, Praagmatic Gaming, org.testng.TestRunner@2d11e25a</td>
<td><div><pre>java.lang.AssertionError: expected [70] but found [50.5]
	at AASProductTestCase.AASProductTest.qa.testcases.PTSettingPageTest.PTSettingCAPositiveTest01(PTSettingPageTest.java:112)
... Removed 36 stack frames</pre></div><a href='#' onClick='toggleBox("stack-trace1618230491", this, "Click to show all stack frames", "Click to hide stack frames")'>Click to show all stack frames</a>
<div class='stack-trace' id='stack-trace1618230491'><pre>java.lang.AssertionError: expected [70] but found [50.5]
	at org.testng.Assert.fail(Assert.java:93)
	at org.testng.Assert.failNotEquals(Assert.java:512)
	at org.testng.Assert.assertEqualsImpl(Assert.java:134)
	at org.testng.Assert.assertEquals(Assert.java:115)
	at org.testng.Assert.assertEquals(Assert.java:189)
	at org.testng.Assert.assertEquals(Assert.java:199)
	at AASProductTestCase.AASProductTest.qa.testcases.PTSettingPageTest.PTSettingCAPositiveTest01(PTSettingPageTest.java:112)
	at java.base/jdk.internal.reflect.NativeMethodAccessorImpl.invoke0(Native Method)
	at java.base/jdk.internal.reflect.NativeMethodAccessorImpl.invoke(NativeMethodAccessorImpl.java:62)
	at java.base/jdk.internal.reflect.DelegatingMethodAccessorImpl.invoke(DelegatingMethodAccessorImpl.java:43)
	at java.base/java.lang.reflect.Method.invoke(Method.java:564)
	at org.testng.internal.MethodInvocationHelper.invokeMethod(MethodInvocationHelper.java:108)
	at org.testng.internal.Invoker.invokeMethod(Invoker.java:661)
	at org.testng.internal.Invoker.invokeTestMethod(Invoker.java:869)
	at org.testng.internal.Invoker.invokeTestMethods(Invoker.java:1193)
	at org.testng.internal.TestMethodWorker.invokeTestMethods(TestMethodWorker.java:126)
	at org.testng.internal.TestMethodWorker.run(TestMethodWorker.java:109)
	at org.testng.TestRunner.privateRun(TestRunner.java:744)
	at org.testng.TestRunner.run(TestRunner.java:602)
	at org.testng.SuiteRunner.runTest(SuiteRunner.java:380)
	at org.testng.SuiteRunner.runSequentially(SuiteRunner.java:375)
	at org.testng.SuiteRunner.privateRun(SuiteRunner.java:340)
	at org.testng.SuiteRunner.run(SuiteRunner.java:289)
	at org.testng.SuiteRunnerWorker.runSuite(SuiteRunnerWorker.java:52)
	at org.testng.SuiteRunnerWorker.run(SuiteRunnerWorker.java:86)
	at org.testng.TestNG.runSuitesSequentially(TestNG.java:1301)
	at org.testng.TestNG.runSuitesSequentially(TestNG.java:1297)
	at org.testng.TestNG.runSuitesLocally(TestNG.java:1226)
	at org.testng.TestNG.runSuites(TestNG.java:1144)
	at org.testng.TestNG.run(TestNG.java:1115)
	at org.apache.maven.surefire.testng.TestNGExecutor.run(TestNGExecutor.java:283)
	at org.apache.maven.surefire.testng.TestNGXmlTestSuite.execute(TestNGXmlTestSuite.java:75)
	at org.apache.maven.surefire.testng.TestNGProvider.invoke(TestNGProvider.java:120)
	at org.apache.maven.surefire.booter.ForkedBooter.invokeProviderInSameClassLoader(ForkedBooter.java:384)
	at org.apache.maven.surefire.booter.ForkedBooter.runSuitesInProcess(ForkedBooter.java:345)
	at org.apache.maven.surefire.booter.ForkedBooter.execute(ForkedBooter.java:126)
	at org.apache.maven.surefire.booter.ForkedBooter.main(ForkedBooter.java:418)
</pre></div></td>
<td>4</td>
<td>AASProductTestCase.AASProductTest.qa.testcases.PTSettingPageTest@4f83df68</td></tr>
<tr>
<td title='AASProductTestCase.AASProductTest.qa.testcases.PTSettingPageTest.PTSettingMANegativeTest01()'><b>PTSettingMANegativeTest01</b><br>Test class: AASProductTestCase.AASProductTest.qa.testcases.PTSettingPageTest<br>Parameters: 1, Evolution, org.testng.TestRunner@2d11e25a</td>
<td><div><pre>java.lang.StringIndexOutOfBoundsException: begin 0, end -2, length 4
	at java.base/java.lang.String.checkBoundsBeginEnd(String.java:3756)
	at java.base/java.lang.String.substring(String.java:1902)
	at AASProductTestCase.AASProductTest.qa.pages.PTSettingPage.getGivenPTResultAG(PTSettingPage.java:548)
	at AASProductTestCase.AASProductTest.qa.testcases.PTSettingPageTest.PTSettingMANegativeTest01(PTSettingPageTest.java:351)
... Removed 30 stack frames</pre></div><a href='#' onClick='toggleBox("stack-trace912197742", this, "Click to show all stack frames", "Click to hide stack frames")'>Click to show all stack frames</a>
<div class='stack-trace' id='stack-trace912197742'><pre>java.lang.StringIndexOutOfBoundsException: begin 0, end -2, length 4
	at java.base/java.lang.String.checkBoundsBeginEnd(String.java:3756)
	at java.base/java.lang.String.substring(String.java:1902)
	at AASProductTestCase.AASProductTest.qa.pages.PTSettingPage.getGivenPTResultAG(PTSettingPage.java:548)
	at AASProductTestCase.AASProductTest.qa.testcases.PTSettingPageTest.PTSettingMANegativeTest01(PTSettingPageTest.java:351)
	at java.base/jdk.internal.reflect.NativeMethodAccessorImpl.invoke0(Native Method)
	at java.base/jdk.internal.reflect.NativeMethodAccessorImpl.invoke(NativeMethodAccessorImpl.java:62)
	at java.base/jdk.internal.reflect.DelegatingMethodAccessorImpl.invoke(DelegatingMethodAccessorImpl.java:43)
	at java.base/java.lang.reflect.Method.invoke(Method.java:564)
	at org.testng.internal.MethodInvocationHelper.invokeMethod(MethodInvocationHelper.java:108)
	at org.testng.internal.Invoker.invokeMethod(Invoker.java:661)
	at org.testng.internal.Invoker.invokeTestMethod(Invoker.java:869)
	at org.testng.internal.Invoker.invokeTestMethods(Invoker.java:1193)
	at org.testng.internal.TestMethodWorker.invokeTestMethods(TestMethodWorker.java:126)
	at org.testng.internal.TestMethodWorker.run(TestMethodWorker.java:109)
	at org.testng.TestRunner.privateRun(TestRunner.java:744)
	at org.testng.TestRunner.run(TestRunner.java:602)
	at org.testng.SuiteRunner.runTest(SuiteRunner.java:380)
	at org.testng.SuiteRunner.runSequentially(SuiteRunner.java:375)
	at org.testng.SuiteRunner.privateRun(SuiteRunner.java:340)
	at org.testng.SuiteRunner.run(SuiteRunner.java:289)
	at org.testng.SuiteRunnerWorker.runSuite(SuiteRunnerWorker.java:52)
	at org.testng.SuiteRunnerWorker.run(SuiteRunnerWorker.java:86)
	at org.testng.TestNG.runSuitesSequentially(TestNG.java:1301)
	at org.testng.TestNG.runSuitesSequentially(TestNG.java:1297)
	at org.testng.TestNG.runSuitesLocally(TestNG.java:1226)
	at org.testng.TestNG.runSuites(TestNG.java:1144)
	at org.testng.TestNG.run(TestNG.java:1115)
	at org.apache.maven.surefire.testng.TestNGExecutor.run(TestNGExecutor.java:283)
	at org.apache.maven.surefire.testng.TestNGXmlTestSuite.execute(TestNGXmlTestSuite.java:75)
	at org.apache.maven.surefire.testng.TestNGProvider.invoke(TestNGProvider.java:120)
	at org.apache.maven.surefire.booter.ForkedBooter.invokeProviderInSameClassLoader(ForkedBooter.java:384)
	at org.apache.maven.surefire.booter.ForkedBooter.runSuitesInProcess(ForkedBooter.java:345)
	at org.apache.maven.surefire.booter.ForkedBooter.execute(ForkedBooter.java:126)
	at org.apache.maven.surefire.booter.ForkedBooter.main(ForkedBooter.java:418)
</pre></div></td>
<td>4</td>
<td>AASProductTestCase.AASProductTest.qa.testcases.PTSettingPageTest@4f83df68</td></tr>
<tr>
<td title='AASProductTestCase.AASProductTest.qa.testcases.PTSettingPageTest.PTSettingMANegativeTest01()'><b>PTSettingMANegativeTest01</b><br>Test class: AASProductTestCase.AASProductTest.qa.testcases.PTSettingPageTest<br>Parameters: 2, Big Gaming, org.testng.TestRunner@2d11e25a</td>
<td><div><pre>java.lang.StringIndexOutOfBoundsException: begin 0, end -2, length 4
	at java.base/java.lang.String.checkBoundsBeginEnd(String.java:3756)
	at java.base/java.lang.String.substring(String.java:1902)
	at AASProductTestCase.AASProductTest.qa.pages.PTSettingPage.getGivenPTResultAG(PTSettingPage.java:548)
	at AASProductTestCase.AASProductTest.qa.testcases.PTSettingPageTest.PTSettingMANegativeTest01(PTSettingPageTest.java:351)
... Removed 30 stack frames</pre></div><a href='#' onClick='toggleBox("stack-trace1495247977", this, "Click to show all stack frames", "Click to hide stack frames")'>Click to show all stack frames</a>
<div class='stack-trace' id='stack-trace1495247977'><pre>java.lang.StringIndexOutOfBoundsException: begin 0, end -2, length 4
	at java.base/java.lang.String.checkBoundsBeginEnd(String.java:3756)
	at java.base/java.lang.String.substring(String.java:1902)
	at AASProductTestCase.AASProductTest.qa.pages.PTSettingPage.getGivenPTResultAG(PTSettingPage.java:548)
	at AASProductTestCase.AASProductTest.qa.testcases.PTSettingPageTest.PTSettingMANegativeTest01(PTSettingPageTest.java:351)
	at java.base/jdk.internal.reflect.NativeMethodAccessorImpl.invoke0(Native Method)
	at java.base/jdk.internal.reflect.NativeMethodAccessorImpl.invoke(NativeMethodAccessorImpl.java:62)
	at java.base/jdk.internal.reflect.DelegatingMethodAccessorImpl.invoke(DelegatingMethodAccessorImpl.java:43)
	at java.base/java.lang.reflect.Method.invoke(Method.java:564)
	at org.testng.internal.MethodInvocationHelper.invokeMethod(MethodInvocationHelper.java:108)
	at org.testng.internal.Invoker.invokeMethod(Invoker.java:661)
	at org.testng.internal.Invoker.invokeTestMethod(Invoker.java:869)
	at org.testng.internal.Invoker.invokeTestMethods(Invoker.java:1193)
	at org.testng.internal.TestMethodWorker.invokeTestMethods(TestMethodWorker.java:126)
	at org.testng.internal.TestMethodWorker.run(TestMethodWorker.java:109)
	at org.testng.TestRunner.privateRun(TestRunner.java:744)
	at org.testng.TestRunner.run(TestRunner.java:602)
	at org.testng.SuiteRunner.runTest(SuiteRunner.java:380)
	at org.testng.SuiteRunner.runSequentially(SuiteRunner.java:375)
	at org.testng.SuiteRunner.privateRun(SuiteRunner.java:340)
	at org.testng.SuiteRunner.run(SuiteRunner.java:289)
	at org.testng.SuiteRunnerWorker.runSuite(SuiteRunnerWorker.java:52)
	at org.testng.SuiteRunnerWorker.run(SuiteRunnerWorker.java:86)
	at org.testng.TestNG.runSuitesSequentially(TestNG.java:1301)
	at org.testng.TestNG.runSuitesSequentially(TestNG.java:1297)
	at org.testng.TestNG.runSuitesLocally(TestNG.java:1226)
	at org.testng.TestNG.runSuites(TestNG.java:1144)
	at org.testng.TestNG.run(TestNG.java:1115)
	at org.apache.maven.surefire.testng.TestNGExecutor.run(TestNGExecutor.java:283)
	at org.apache.maven.surefire.testng.TestNGXmlTestSuite.execute(TestNGXmlTestSuite.java:75)
	at org.apache.maven.surefire.testng.TestNGProvider.invoke(TestNGProvider.java:120)
	at org.apache.maven.surefire.booter.ForkedBooter.invokeProviderInSameClassLoader(ForkedBooter.java:384)
	at org.apache.maven.surefire.booter.ForkedBooter.runSuitesInProcess(ForkedBooter.java:345)
	at org.apache.maven.surefire.booter.ForkedBooter.execute(ForkedBooter.java:126)
	at org.apache.maven.surefire.booter.ForkedBooter.main(ForkedBooter.java:418)
</pre></div></td>
<td>4</td>
<td>AASProductTestCase.AASProductTest.qa.testcases.PTSettingPageTest@4f83df68</td></tr>
<tr>
<td title='AASProductTestCase.AASProductTest.qa.testcases.PTSettingPageTest.PTSettingMANegativeTest01()'><b>PTSettingMANegativeTest01</b><br>Test class: AASProductTestCase.AASProductTest.qa.testcases.PTSettingPageTest<br>Parameters: 3, Micro Gaming, org.testng.TestRunner@2d11e25a</td>
<td><div><pre>java.lang.StringIndexOutOfBoundsException: begin 0, end -2, length 4
	at java.base/java.lang.String.checkBoundsBeginEnd(String.java:3756)
	at java.base/java.lang.String.substring(String.java:1902)
	at AASProductTestCase.AASProductTest.qa.pages.PTSettingPage.getGivenPTResultAG(PTSettingPage.java:548)
	at AASProductTestCase.AASProductTest.qa.testcases.PTSettingPageTest.PTSettingMANegativeTest01(PTSettingPageTest.java:351)
... Removed 30 stack frames</pre></div><a href='#' onClick='toggleBox("stack-trace72821267", this, "Click to show all stack frames", "Click to hide stack frames")'>Click to show all stack frames</a>
<div class='stack-trace' id='stack-trace72821267'><pre>java.lang.StringIndexOutOfBoundsException: begin 0, end -2, length 4
	at java.base/java.lang.String.checkBoundsBeginEnd(String.java:3756)
	at java.base/java.lang.String.substring(String.java:1902)
	at AASProductTestCase.AASProductTest.qa.pages.PTSettingPage.getGivenPTResultAG(PTSettingPage.java:548)
	at AASProductTestCase.AASProductTest.qa.testcases.PTSettingPageTest.PTSettingMANegativeTest01(PTSettingPageTest.java:351)
	at java.base/jdk.internal.reflect.NativeMethodAccessorImpl.invoke0(Native Method)
	at java.base/jdk.internal.reflect.NativeMethodAccessorImpl.invoke(NativeMethodAccessorImpl.java:62)
	at java.base/jdk.internal.reflect.DelegatingMethodAccessorImpl.invoke(DelegatingMethodAccessorImpl.java:43)
	at java.base/java.lang.reflect.Method.invoke(Method.java:564)
	at org.testng.internal.MethodInvocationHelper.invokeMethod(MethodInvocationHelper.java:108)
	at org.testng.internal.Invoker.invokeMethod(Invoker.java:661)
	at org.testng.internal.Invoker.invokeTestMethod(Invoker.java:869)
	at org.testng.internal.Invoker.invokeTestMethods(Invoker.java:1193)
	at org.testng.internal.TestMethodWorker.invokeTestMethods(TestMethodWorker.java:126)
	at org.testng.internal.TestMethodWorker.run(TestMethodWorker.java:109)
	at org.testng.TestRunner.privateRun(TestRunner.java:744)
	at org.testng.TestRunner.run(TestRunner.java:602)
	at org.testng.SuiteRunner.runTest(SuiteRunner.java:380)
	at org.testng.SuiteRunner.runSequentially(SuiteRunner.java:375)
	at org.testng.SuiteRunner.privateRun(SuiteRunner.java:340)
	at org.testng.SuiteRunner.run(SuiteRunner.java:289)
	at org.testng.SuiteRunnerWorker.runSuite(SuiteRunnerWorker.java:52)
	at org.testng.SuiteRunnerWorker.run(SuiteRunnerWorker.java:86)
	at org.testng.TestNG.runSuitesSequentially(TestNG.java:1301)
	at org.testng.TestNG.runSuitesSequentially(TestNG.java:1297)
	at org.testng.TestNG.runSuitesLocally(TestNG.java:1226)
	at org.testng.TestNG.runSuites(TestNG.java:1144)
	at org.testng.TestNG.run(TestNG.java:1115)
	at org.apache.maven.surefire.testng.TestNGExecutor.run(TestNGExecutor.java:283)
	at org.apache.maven.surefire.testng.TestNGXmlTestSuite.execute(TestNGXmlTestSuite.java:75)
	at org.apache.maven.surefire.testng.TestNGProvider.invoke(TestNGProvider.java:120)
	at org.apache.maven.surefire.booter.ForkedBooter.invokeProviderInSameClassLoader(ForkedBooter.java:384)
	at org.apache.maven.surefire.booter.ForkedBooter.runSuitesInProcess(ForkedBooter.java:345)
	at org.apache.maven.surefire.booter.ForkedBooter.execute(ForkedBooter.java:126)
	at org.apache.maven.surefire.booter.ForkedBooter.main(ForkedBooter.java:418)
</pre></div></td>
<td>4</td>
<td>AASProductTestCase.AASProductTest.qa.testcases.PTSettingPageTest@4f83df68</td></tr>
<tr>
<td title='AASProductTestCase.AASProductTest.qa.testcases.PTSettingPageTest.PTSettingMANegativeTest01()'><b>PTSettingMANegativeTest01</b><br>Test class: AASProductTestCase.AASProductTest.qa.testcases.PTSettingPageTest<br>Parameters: 4, Asia Gaming, org.testng.TestRunner@2d11e25a</td>
<td><div><pre>java.lang.StringIndexOutOfBoundsException: begin 0, end -2, length 4
	at java.base/java.lang.String.checkBoundsBeginEnd(String.java:3756)
	at java.base/java.lang.String.substring(String.java:1902)
	at AASProductTestCase.AASProductTest.qa.pages.PTSettingPage.getGivenPTResultAG(PTSettingPage.java:548)
	at AASProductTestCase.AASProductTest.qa.testcases.PTSettingPageTest.PTSettingMANegativeTest01(PTSettingPageTest.java:351)
... Removed 30 stack frames</pre></div><a href='#' onClick='toggleBox("stack-trace1699234605", this, "Click to show all stack frames", "Click to hide stack frames")'>Click to show all stack frames</a>
<div class='stack-trace' id='stack-trace1699234605'><pre>java.lang.StringIndexOutOfBoundsException: begin 0, end -2, length 4
	at java.base/java.lang.String.checkBoundsBeginEnd(String.java:3756)
	at java.base/java.lang.String.substring(String.java:1902)
	at AASProductTestCase.AASProductTest.qa.pages.PTSettingPage.getGivenPTResultAG(PTSettingPage.java:548)
	at AASProductTestCase.AASProductTest.qa.testcases.PTSettingPageTest.PTSettingMANegativeTest01(PTSettingPageTest.java:351)
	at java.base/jdk.internal.reflect.NativeMethodAccessorImpl.invoke0(Native Method)
	at java.base/jdk.internal.reflect.NativeMethodAccessorImpl.invoke(NativeMethodAccessorImpl.java:62)
	at java.base/jdk.internal.reflect.DelegatingMethodAccessorImpl.invoke(DelegatingMethodAccessorImpl.java:43)
	at java.base/java.lang.reflect.Method.invoke(Method.java:564)
	at org.testng.internal.MethodInvocationHelper.invokeMethod(MethodInvocationHelper.java:108)
	at org.testng.internal.Invoker.invokeMethod(Invoker.java:661)
	at org.testng.internal.Invoker.invokeTestMethod(Invoker.java:869)
	at org.testng.internal.Invoker.invokeTestMethods(Invoker.java:1193)
	at org.testng.internal.TestMethodWorker.invokeTestMethods(TestMethodWorker.java:126)
	at org.testng.internal.TestMethodWorker.run(TestMethodWorker.java:109)
	at org.testng.TestRunner.privateRun(TestRunner.java:744)
	at org.testng.TestRunner.run(TestRunner.java:602)
	at org.testng.SuiteRunner.runTest(SuiteRunner.java:380)
	at org.testng.SuiteRunner.runSequentially(SuiteRunner.java:375)
	at org.testng.SuiteRunner.privateRun(SuiteRunner.java:340)
	at org.testng.SuiteRunner.run(SuiteRunner.java:289)
	at org.testng.SuiteRunnerWorker.runSuite(SuiteRunnerWorker.java:52)
	at org.testng.SuiteRunnerWorker.run(SuiteRunnerWorker.java:86)
	at org.testng.TestNG.runSuitesSequentially(TestNG.java:1301)
	at org.testng.TestNG.runSuitesSequentially(TestNG.java:1297)
	at org.testng.TestNG.runSuitesLocally(TestNG.java:1226)
	at org.testng.TestNG.runSuites(TestNG.java:1144)
	at org.testng.TestNG.run(TestNG.java:1115)
	at org.apache.maven.surefire.testng.TestNGExecutor.run(TestNGExecutor.java:283)
	at org.apache.maven.surefire.testng.TestNGXmlTestSuite.execute(TestNGXmlTestSuite.java:75)
	at org.apache.maven.surefire.testng.TestNGProvider.invoke(TestNGProvider.java:120)
	at org.apache.maven.surefire.booter.ForkedBooter.invokeProviderInSameClassLoader(ForkedBooter.java:384)
	at org.apache.maven.surefire.booter.ForkedBooter.runSuitesInProcess(ForkedBooter.java:345)
	at org.apache.maven.surefire.booter.ForkedBooter.execute(ForkedBooter.java:126)
	at org.apache.maven.surefire.booter.ForkedBooter.main(ForkedBooter.java:418)
</pre></div></td>
<td>4</td>
<td>AASProductTestCase.AASProductTest.qa.testcases.PTSettingPageTest@4f83df68</td></tr>
<tr>
<td title='AASProductTestCase.AASProductTest.qa.testcases.PTSettingPageTest.PTSettingMANegativeTest01()'><b>PTSettingMANegativeTest01</b><br>Test class: AASProductTestCase.AASProductTest.qa.testcases.PTSettingPageTest<br>Parameters: 5, Dream Gaming, org.testng.TestRunner@2d11e25a</td>
<td><div><pre>java.lang.StringIndexOutOfBoundsException: begin 0, end -2, length 4
	at java.base/java.lang.String.checkBoundsBeginEnd(String.java:3756)
	at java.base/java.lang.String.substring(String.java:1902)
	at AASProductTestCase.AASProductTest.qa.pages.PTSettingPage.getGivenPTResultAG(PTSettingPage.java:548)
	at AASProductTestCase.AASProductTest.qa.testcases.PTSettingPageTest.PTSettingMANegativeTest01(PTSettingPageTest.java:351)
... Removed 30 stack frames</pre></div><a href='#' onClick='toggleBox("stack-trace1320829670", this, "Click to show all stack frames", "Click to hide stack frames")'>Click to show all stack frames</a>
<div class='stack-trace' id='stack-trace1320829670'><pre>java.lang.StringIndexOutOfBoundsException: begin 0, end -2, length 4
	at java.base/java.lang.String.checkBoundsBeginEnd(String.java:3756)
	at java.base/java.lang.String.substring(String.java:1902)
	at AASProductTestCase.AASProductTest.qa.pages.PTSettingPage.getGivenPTResultAG(PTSettingPage.java:548)
	at AASProductTestCase.AASProductTest.qa.testcases.PTSettingPageTest.PTSettingMANegativeTest01(PTSettingPageTest.java:351)
	at java.base/jdk.internal.reflect.NativeMethodAccessorImpl.invoke0(Native Method)
	at java.base/jdk.internal.reflect.NativeMethodAccessorImpl.invoke(NativeMethodAccessorImpl.java:62)
	at java.base/jdk.internal.reflect.DelegatingMethodAccessorImpl.invoke(DelegatingMethodAccessorImpl.java:43)
	at java.base/java.lang.reflect.Method.invoke(Method.java:564)
	at org.testng.internal.MethodInvocationHelper.invokeMethod(MethodInvocationHelper.java:108)
	at org.testng.internal.Invoker.invokeMethod(Invoker.java:661)
	at org.testng.internal.Invoker.invokeTestMethod(Invoker.java:869)
	at org.testng.internal.Invoker.invokeTestMethods(Invoker.java:1193)
	at org.testng.internal.TestMethodWorker.invokeTestMethods(TestMethodWorker.java:126)
	at org.testng.internal.TestMethodWorker.run(TestMethodWorker.java:109)
	at org.testng.TestRunner.privateRun(TestRunner.java:744)
	at org.testng.TestRunner.run(TestRunner.java:602)
	at org.testng.SuiteRunner.runTest(SuiteRunner.java:380)
	at org.testng.SuiteRunner.runSequentially(SuiteRunner.java:375)
	at org.testng.SuiteRunner.privateRun(SuiteRunner.java:340)
	at org.testng.SuiteRunner.run(SuiteRunner.java:289)
	at org.testng.SuiteRunnerWorker.runSuite(SuiteRunnerWorker.java:52)
	at org.testng.SuiteRunnerWorker.run(SuiteRunnerWorker.java:86)
	at org.testng.TestNG.runSuitesSequentially(TestNG.java:1301)
	at org.testng.TestNG.runSuitesSequentially(TestNG.java:1297)
	at org.testng.TestNG.runSuitesLocally(TestNG.java:1226)
	at org.testng.TestNG.runSuites(TestNG.java:1144)
	at org.testng.TestNG.run(TestNG.java:1115)
	at org.apache.maven.surefire.testng.TestNGExecutor.run(TestNGExecutor.java:283)
	at org.apache.maven.surefire.testng.TestNGXmlTestSuite.execute(TestNGXmlTestSuite.java:75)
	at org.apache.maven.surefire.testng.TestNGProvider.invoke(TestNGProvider.java:120)
	at org.apache.maven.surefire.booter.ForkedBooter.invokeProviderInSameClassLoader(ForkedBooter.java:384)
	at org.apache.maven.surefire.booter.ForkedBooter.runSuitesInProcess(ForkedBooter.java:345)
	at org.apache.maven.surefire.booter.ForkedBooter.execute(ForkedBooter.java:126)
	at org.apache.maven.surefire.booter.ForkedBooter.main(ForkedBooter.java:418)
</pre></div></td>
<td>4</td>
<td>AASProductTestCase.AASProductTest.qa.testcases.PTSettingPageTest@4f83df68</td></tr>
<tr>
<td title='AASProductTestCase.AASProductTest.qa.testcases.PTSettingPageTest.PTSettingMANegativeTest01()'><b>PTSettingMANegativeTest01</b><br>Test class: AASProductTestCase.AASProductTest.qa.testcases.PTSettingPageTest<br>Parameters: 6, Paiza, org.testng.TestRunner@2d11e25a</td>
<td><div><pre>java.lang.StringIndexOutOfBoundsException: begin 0, end -2, length 4
	at java.base/java.lang.String.checkBoundsBeginEnd(String.java:3756)
	at java.base/java.lang.String.substring(String.java:1902)
	at AASProductTestCase.AASProductTest.qa.pages.PTSettingPage.getGivenPTResultAG(PTSettingPage.java:548)
	at AASProductTestCase.AASProductTest.qa.testcases.PTSettingPageTest.PTSettingMANegativeTest01(PTSettingPageTest.java:351)
... Removed 30 stack frames</pre></div><a href='#' onClick='toggleBox("stack-trace895651926", this, "Click to show all stack frames", "Click to hide stack frames")'>Click to show all stack frames</a>
<div class='stack-trace' id='stack-trace895651926'><pre>java.lang.StringIndexOutOfBoundsException: begin 0, end -2, length 4
	at java.base/java.lang.String.checkBoundsBeginEnd(String.java:3756)
	at java.base/java.lang.String.substring(String.java:1902)
	at AASProductTestCase.AASProductTest.qa.pages.PTSettingPage.getGivenPTResultAG(PTSettingPage.java:548)
	at AASProductTestCase.AASProductTest.qa.testcases.PTSettingPageTest.PTSettingMANegativeTest01(PTSettingPageTest.java:351)
	at java.base/jdk.internal.reflect.NativeMethodAccessorImpl.invoke0(Native Method)
	at java.base/jdk.internal.reflect.NativeMethodAccessorImpl.invoke(NativeMethodAccessorImpl.java:62)
	at java.base/jdk.internal.reflect.DelegatingMethodAccessorImpl.invoke(DelegatingMethodAccessorImpl.java:43)
	at java.base/java.lang.reflect.Method.invoke(Method.java:564)
	at org.testng.internal.MethodInvocationHelper.invokeMethod(MethodInvocationHelper.java:108)
	at org.testng.internal.Invoker.invokeMethod(Invoker.java:661)
	at org.testng.internal.Invoker.invokeTestMethod(Invoker.java:869)
	at org.testng.internal.Invoker.invokeTestMethods(Invoker.java:1193)
	at org.testng.internal.TestMethodWorker.invokeTestMethods(TestMethodWorker.java:126)
	at org.testng.internal.TestMethodWorker.run(TestMethodWorker.java:109)
	at org.testng.TestRunner.privateRun(TestRunner.java:744)
	at org.testng.TestRunner.run(TestRunner.java:602)
	at org.testng.SuiteRunner.runTest(SuiteRunner.java:380)
	at org.testng.SuiteRunner.runSequentially(SuiteRunner.java:375)
	at org.testng.SuiteRunner.privateRun(SuiteRunner.java:340)
	at org.testng.SuiteRunner.run(SuiteRunner.java:289)
	at org.testng.SuiteRunnerWorker.runSuite(SuiteRunnerWorker.java:52)
	at org.testng.SuiteRunnerWorker.run(SuiteRunnerWorker.java:86)
	at org.testng.TestNG.runSuitesSequentially(TestNG.java:1301)
	at org.testng.TestNG.runSuitesSequentially(TestNG.java:1297)
	at org.testng.TestNG.runSuitesLocally(TestNG.java:1226)
	at org.testng.TestNG.runSuites(TestNG.java:1144)
	at org.testng.TestNG.run(TestNG.java:1115)
	at org.apache.maven.surefire.testng.TestNGExecutor.run(TestNGExecutor.java:283)
	at org.apache.maven.surefire.testng.TestNGXmlTestSuite.execute(TestNGXmlTestSuite.java:75)
	at org.apache.maven.surefire.testng.TestNGProvider.invoke(TestNGProvider.java:120)
	at org.apache.maven.surefire.booter.ForkedBooter.invokeProviderInSameClassLoader(ForkedBooter.java:384)
	at org.apache.maven.surefire.booter.ForkedBooter.runSuitesInProcess(ForkedBooter.java:345)
	at org.apache.maven.surefire.booter.ForkedBooter.execute(ForkedBooter.java:126)
	at org.apache.maven.surefire.booter.ForkedBooter.main(ForkedBooter.java:418)
</pre></div></td>
<td>4</td>
<td>AASProductTestCase.AASProductTest.qa.testcases.PTSettingPageTest@4f83df68</td></tr>
<tr>
<td title='AASProductTestCase.AASProductTest.qa.testcases.PTSettingPageTest.PTSettingMANegativeTest01()'><b>PTSettingMANegativeTest01</b><br>Test class: AASProductTestCase.AASProductTest.qa.testcases.PTSettingPageTest<br>Parameters: 8, Sexy Gaming, org.testng.TestRunner@2d11e25a</td>
<td><div><pre>java.lang.StringIndexOutOfBoundsException: begin 0, end -2, length 4
	at java.base/java.lang.String.checkBoundsBeginEnd(String.java:3756)
	at java.base/java.lang.String.substring(String.java:1902)
	at AASProductTestCase.AASProductTest.qa.pages.PTSettingPage.getGivenPTResultAG(PTSettingPage.java:548)
	at AASProductTestCase.AASProductTest.qa.testcases.PTSettingPageTest.PTSettingMANegativeTest01(PTSettingPageTest.java:344)
... Removed 30 stack frames</pre></div><a href='#' onClick='toggleBox("stack-trace1057553103", this, "Click to show all stack frames", "Click to hide stack frames")'>Click to show all stack frames</a>
<div class='stack-trace' id='stack-trace1057553103'><pre>java.lang.StringIndexOutOfBoundsException: begin 0, end -2, length 4
	at java.base/java.lang.String.checkBoundsBeginEnd(String.java:3756)
	at java.base/java.lang.String.substring(String.java:1902)
	at AASProductTestCase.AASProductTest.qa.pages.PTSettingPage.getGivenPTResultAG(PTSettingPage.java:548)
	at AASProductTestCase.AASProductTest.qa.testcases.PTSettingPageTest.PTSettingMANegativeTest01(PTSettingPageTest.java:344)
	at java.base/jdk.internal.reflect.NativeMethodAccessorImpl.invoke0(Native Method)
	at java.base/jdk.internal.reflect.NativeMethodAccessorImpl.invoke(NativeMethodAccessorImpl.java:62)
	at java.base/jdk.internal.reflect.DelegatingMethodAccessorImpl.invoke(DelegatingMethodAccessorImpl.java:43)
	at java.base/java.lang.reflect.Method.invoke(Method.java:564)
	at org.testng.internal.MethodInvocationHelper.invokeMethod(MethodInvocationHelper.java:108)
	at org.testng.internal.Invoker.invokeMethod(Invoker.java:661)
	at org.testng.internal.Invoker.invokeTestMethod(Invoker.java:869)
	at org.testng.internal.Invoker.invokeTestMethods(Invoker.java:1193)
	at org.testng.internal.TestMethodWorker.invokeTestMethods(TestMethodWorker.java:126)
	at org.testng.internal.TestMethodWorker.run(TestMethodWorker.java:109)
	at org.testng.TestRunner.privateRun(TestRunner.java:744)
	at org.testng.TestRunner.run(TestRunner.java:602)
	at org.testng.SuiteRunner.runTest(SuiteRunner.java:380)
	at org.testng.SuiteRunner.runSequentially(SuiteRunner.java:375)
	at org.testng.SuiteRunner.privateRun(SuiteRunner.java:340)
	at org.testng.SuiteRunner.run(SuiteRunner.java:289)
	at org.testng.SuiteRunnerWorker.runSuite(SuiteRunnerWorker.java:52)
	at org.testng.SuiteRunnerWorker.run(SuiteRunnerWorker.java:86)
	at org.testng.TestNG.runSuitesSequentially(TestNG.java:1301)
	at org.testng.TestNG.runSuitesSequentially(TestNG.java:1297)
	at org.testng.TestNG.runSuitesLocally(TestNG.java:1226)
	at org.testng.TestNG.runSuites(TestNG.java:1144)
	at org.testng.TestNG.run(TestNG.java:1115)
	at org.apache.maven.surefire.testng.TestNGExecutor.run(TestNGExecutor.java:283)
	at org.apache.maven.surefire.testng.TestNGXmlTestSuite.execute(TestNGXmlTestSuite.java:75)
	at org.apache.maven.surefire.testng.TestNGProvider.invoke(TestNGProvider.java:120)
	at org.apache.maven.surefire.booter.ForkedBooter.invokeProviderInSameClassLoader(ForkedBooter.java:384)
	at org.apache.maven.surefire.booter.ForkedBooter.runSuitesInProcess(ForkedBooter.java:345)
	at org.apache.maven.surefire.booter.ForkedBooter.execute(ForkedBooter.java:126)
	at org.apache.maven.surefire.booter.ForkedBooter.main(ForkedBooter.java:418)
</pre></div></td>
<td>0</td>
<td>AASProductTestCase.AASProductTest.qa.testcases.PTSettingPageTest@4f83df68</td></tr>
<tr>
<td title='AASProductTestCase.AASProductTest.qa.testcases.PTSettingPageTest.PTSettingMANegativeTest01()'><b>PTSettingMANegativeTest01</b><br>Test class: AASProductTestCase.AASProductTest.qa.testcases.PTSettingPageTest<br>Parameters: 9, Pragmatic Slot, org.testng.TestRunner@2d11e25a</td>
<td><div><pre>java.lang.StringIndexOutOfBoundsException: begin 0, end -2, length 4
	at java.base/java.lang.String.checkBoundsBeginEnd(String.java:3756)
	at java.base/java.lang.String.substring(String.java:1902)
	at AASProductTestCase.AASProductTest.qa.pages.PTSettingPage.getGivenPTResultAG(PTSettingPage.java:548)
	at AASProductTestCase.AASProductTest.qa.testcases.PTSettingPageTest.PTSettingMANegativeTest01(PTSettingPageTest.java:351)
... Removed 30 stack frames</pre></div><a href='#' onClick='toggleBox("stack-trace374595519", this, "Click to show all stack frames", "Click to hide stack frames")'>Click to show all stack frames</a>
<div class='stack-trace' id='stack-trace374595519'><pre>java.lang.StringIndexOutOfBoundsException: begin 0, end -2, length 4
	at java.base/java.lang.String.checkBoundsBeginEnd(String.java:3756)
	at java.base/java.lang.String.substring(String.java:1902)
	at AASProductTestCase.AASProductTest.qa.pages.PTSettingPage.getGivenPTResultAG(PTSettingPage.java:548)
	at AASProductTestCase.AASProductTest.qa.testcases.PTSettingPageTest.PTSettingMANegativeTest01(PTSettingPageTest.java:351)
	at java.base/jdk.internal.reflect.NativeMethodAccessorImpl.invoke0(Native Method)
	at java.base/jdk.internal.reflect.NativeMethodAccessorImpl.invoke(NativeMethodAccessorImpl.java:62)
	at java.base/jdk.internal.reflect.DelegatingMethodAccessorImpl.invoke(DelegatingMethodAccessorImpl.java:43)
	at java.base/java.lang.reflect.Method.invoke(Method.java:564)
	at org.testng.internal.MethodInvocationHelper.invokeMethod(MethodInvocationHelper.java:108)
	at org.testng.internal.Invoker.invokeMethod(Invoker.java:661)
	at org.testng.internal.Invoker.invokeTestMethod(Invoker.java:869)
	at org.testng.internal.Invoker.invokeTestMethods(Invoker.java:1193)
	at org.testng.internal.TestMethodWorker.invokeTestMethods(TestMethodWorker.java:126)
	at org.testng.internal.TestMethodWorker.run(TestMethodWorker.java:109)
	at org.testng.TestRunner.privateRun(TestRunner.java:744)
	at org.testng.TestRunner.run(TestRunner.java:602)
	at org.testng.SuiteRunner.runTest(SuiteRunner.java:380)
	at org.testng.SuiteRunner.runSequentially(SuiteRunner.java:375)
	at org.testng.SuiteRunner.privateRun(SuiteRunner.java:340)
	at org.testng.SuiteRunner.run(SuiteRunner.java:289)
	at org.testng.SuiteRunnerWorker.runSuite(SuiteRunnerWorker.java:52)
	at org.testng.SuiteRunnerWorker.run(SuiteRunnerWorker.java:86)
	at org.testng.TestNG.runSuitesSequentially(TestNG.java:1301)
	at org.testng.TestNG.runSuitesSequentially(TestNG.java:1297)
	at org.testng.TestNG.runSuitesLocally(TestNG.java:1226)
	at org.testng.TestNG.runSuites(TestNG.java:1144)
	at org.testng.TestNG.run(TestNG.java:1115)
	at org.apache.maven.surefire.testng.TestNGExecutor.run(TestNGExecutor.java:283)
	at org.apache.maven.surefire.testng.TestNGXmlTestSuite.execute(TestNGXmlTestSuite.java:75)
	at org.apache.maven.surefire.testng.TestNGProvider.invoke(TestNGProvider.java:120)
	at org.apache.maven.surefire.booter.ForkedBooter.invokeProviderInSameClassLoader(ForkedBooter.java:384)
	at org.apache.maven.surefire.booter.ForkedBooter.runSuitesInProcess(ForkedBooter.java:345)
	at org.apache.maven.surefire.booter.ForkedBooter.execute(ForkedBooter.java:126)
	at org.apache.maven.surefire.booter.ForkedBooter.main(ForkedBooter.java:418)
</pre></div></td>
<td>4</td>
<td>AASProductTestCase.AASProductTest.qa.testcases.PTSettingPageTest@4f83df68</td></tr>
<tr>
<td title='AASProductTestCase.AASProductTest.qa.testcases.PTSettingPageTest.PTSettingMANegativeTest01()'><b>PTSettingMANegativeTest01</b><br>Test class: AASProductTestCase.AASProductTest.qa.testcases.PTSettingPageTest<br>Parameters: 10, Habanero Slot, org.testng.TestRunner@2d11e25a</td>
<td><div><pre>java.lang.StringIndexOutOfBoundsException: begin 0, end -2, length 4
	at java.base/java.lang.String.checkBoundsBeginEnd(String.java:3756)
	at java.base/java.lang.String.substring(String.java:1902)
	at AASProductTestCase.AASProductTest.qa.pages.PTSettingPage.getGivenPTResultAG(PTSettingPage.java:548)
	at AASProductTestCase.AASProductTest.qa.testcases.PTSettingPageTest.PTSettingMANegativeTest01(PTSettingPageTest.java:351)
... Removed 30 stack frames</pre></div><a href='#' onClick='toggleBox("stack-trace1788668712", this, "Click to show all stack frames", "Click to hide stack frames")'>Click to show all stack frames</a>
<div class='stack-trace' id='stack-trace1788668712'><pre>java.lang.StringIndexOutOfBoundsException: begin 0, end -2, length 4
	at java.base/java.lang.String.checkBoundsBeginEnd(String.java:3756)
	at java.base/java.lang.String.substring(String.java:1902)
	at AASProductTestCase.AASProductTest.qa.pages.PTSettingPage.getGivenPTResultAG(PTSettingPage.java:548)
	at AASProductTestCase.AASProductTest.qa.testcases.PTSettingPageTest.PTSettingMANegativeTest01(PTSettingPageTest.java:351)
	at java.base/jdk.internal.reflect.NativeMethodAccessorImpl.invoke0(Native Method)
	at java.base/jdk.internal.reflect.NativeMethodAccessorImpl.invoke(NativeMethodAccessorImpl.java:62)
	at java.base/jdk.internal.reflect.DelegatingMethodAccessorImpl.invoke(DelegatingMethodAccessorImpl.java:43)
	at java.base/java.lang.reflect.Method.invoke(Method.java:564)
	at org.testng.internal.MethodInvocationHelper.invokeMethod(MethodInvocationHelper.java:108)
	at org.testng.internal.Invoker.invokeMethod(Invoker.java:661)
	at org.testng.internal.Invoker.invokeTestMethod(Invoker.java:869)
	at org.testng.internal.Invoker.invokeTestMethods(Invoker.java:1193)
	at org.testng.internal.TestMethodWorker.invokeTestMethods(TestMethodWorker.java:126)
	at org.testng.internal.TestMethodWorker.run(TestMethodWorker.java:109)
	at org.testng.TestRunner.privateRun(TestRunner.java:744)
	at org.testng.TestRunner.run(TestRunner.java:602)
	at org.testng.SuiteRunner.runTest(SuiteRunner.java:380)
	at org.testng.SuiteRunner.runSequentially(SuiteRunner.java:375)
	at org.testng.SuiteRunner.privateRun(SuiteRunner.java:340)
	at org.testng.SuiteRunner.run(SuiteRunner.java:289)
	at org.testng.SuiteRunnerWorker.runSuite(SuiteRunnerWorker.java:52)
	at org.testng.SuiteRunnerWorker.run(SuiteRunnerWorker.java:86)
	at org.testng.TestNG.runSuitesSequentially(TestNG.java:1301)
	at org.testng.TestNG.runSuitesSequentially(TestNG.java:1297)
	at org.testng.TestNG.runSuitesLocally(TestNG.java:1226)
	at org.testng.TestNG.runSuites(TestNG.java:1144)
	at org.testng.TestNG.run(TestNG.java:1115)
	at org.apache.maven.surefire.testng.TestNGExecutor.run(TestNGExecutor.java:283)
	at org.apache.maven.surefire.testng.TestNGXmlTestSuite.execute(TestNGXmlTestSuite.java:75)
	at org.apache.maven.surefire.testng.TestNGProvider.invoke(TestNGProvider.java:120)
	at org.apache.maven.surefire.booter.ForkedBooter.invokeProviderInSameClassLoader(ForkedBooter.java:384)
	at org.apache.maven.surefire.booter.ForkedBooter.runSuitesInProcess(ForkedBooter.java:345)
	at org.apache.maven.surefire.booter.ForkedBooter.execute(ForkedBooter.java:126)
	at org.apache.maven.surefire.booter.ForkedBooter.main(ForkedBooter.java:418)
</pre></div></td>
<td>4</td>
<td>AASProductTestCase.AASProductTest.qa.testcases.PTSettingPageTest@4f83df68</td></tr>
<tr>
<td title='AASProductTestCase.AASProductTest.qa.testcases.PTSettingPageTest.PTSettingMANegativeTest01()'><b>PTSettingMANegativeTest01</b><br>Test class: AASProductTestCase.AASProductTest.qa.testcases.PTSettingPageTest<br>Parameters: 11, Maverick Slot, org.testng.TestRunner@2d11e25a</td>
<td><div><pre>java.lang.StringIndexOutOfBoundsException: begin 0, end -2, length 4
	at java.base/java.lang.String.checkBoundsBeginEnd(String.java:3756)
	at java.base/java.lang.String.substring(String.java:1902)
	at AASProductTestCase.AASProductTest.qa.pages.PTSettingPage.getGivenPTResultAG(PTSettingPage.java:548)
	at AASProductTestCase.AASProductTest.qa.testcases.PTSettingPageTest.PTSettingMANegativeTest01(PTSettingPageTest.java:351)
... Removed 30 stack frames</pre></div><a href='#' onClick='toggleBox("stack-trace1519470102", this, "Click to show all stack frames", "Click to hide stack frames")'>Click to show all stack frames</a>
<div class='stack-trace' id='stack-trace1519470102'><pre>java.lang.StringIndexOutOfBoundsException: begin 0, end -2, length 4
	at java.base/java.lang.String.checkBoundsBeginEnd(String.java:3756)
	at java.base/java.lang.String.substring(String.java:1902)
	at AASProductTestCase.AASProductTest.qa.pages.PTSettingPage.getGivenPTResultAG(PTSettingPage.java:548)
	at AASProductTestCase.AASProductTest.qa.testcases.PTSettingPageTest.PTSettingMANegativeTest01(PTSettingPageTest.java:351)
	at java.base/jdk.internal.reflect.NativeMethodAccessorImpl.invoke0(Native Method)
	at java.base/jdk.internal.reflect.NativeMethodAccessorImpl.invoke(NativeMethodAccessorImpl.java:62)
	at java.base/jdk.internal.reflect.DelegatingMethodAccessorImpl.invoke(DelegatingMethodAccessorImpl.java:43)
	at java.base/java.lang.reflect.Method.invoke(Method.java:564)
	at org.testng.internal.MethodInvocationHelper.invokeMethod(MethodInvocationHelper.java:108)
	at org.testng.internal.Invoker.invokeMethod(Invoker.java:661)
	at org.testng.internal.Invoker.invokeTestMethod(Invoker.java:869)
	at org.testng.internal.Invoker.invokeTestMethods(Invoker.java:1193)
	at org.testng.internal.TestMethodWorker.invokeTestMethods(TestMethodWorker.java:126)
	at org.testng.internal.TestMethodWorker.run(TestMethodWorker.java:109)
	at org.testng.TestRunner.privateRun(TestRunner.java:744)
	at org.testng.TestRunner.run(TestRunner.java:602)
	at org.testng.SuiteRunner.runTest(SuiteRunner.java:380)
	at org.testng.SuiteRunner.runSequentially(SuiteRunner.java:375)
	at org.testng.SuiteRunner.privateRun(SuiteRunner.java:340)
	at org.testng.SuiteRunner.run(SuiteRunner.java:289)
	at org.testng.SuiteRunnerWorker.runSuite(SuiteRunnerWorker.java:52)
	at org.testng.SuiteRunnerWorker.run(SuiteRunnerWorker.java:86)
	at org.testng.TestNG.runSuitesSequentially(TestNG.java:1301)
	at org.testng.TestNG.runSuitesSequentially(TestNG.java:1297)
	at org.testng.TestNG.runSuitesLocally(TestNG.java:1226)
	at org.testng.TestNG.runSuites(TestNG.java:1144)
	at org.testng.TestNG.run(TestNG.java:1115)
	at org.apache.maven.surefire.testng.TestNGExecutor.run(TestNGExecutor.java:283)
	at org.apache.maven.surefire.testng.TestNGXmlTestSuite.execute(TestNGXmlTestSuite.java:75)
	at org.apache.maven.surefire.testng.TestNGProvider.invoke(TestNGProvider.java:120)
	at org.apache.maven.surefire.booter.ForkedBooter.invokeProviderInSameClassLoader(ForkedBooter.java:384)
	at org.apache.maven.surefire.booter.ForkedBooter.runSuitesInProcess(ForkedBooter.java:345)
	at org.apache.maven.surefire.booter.ForkedBooter.execute(ForkedBooter.java:126)
	at org.apache.maven.surefire.booter.ForkedBooter.main(ForkedBooter.java:418)
</pre></div></td>
<td>4</td>
<td>AASProductTestCase.AASProductTest.qa.testcases.PTSettingPageTest@4f83df68</td></tr>
<tr>
<td title='AASProductTestCase.AASProductTest.qa.testcases.PTSettingPageTest.PTSettingMANegativeTest01()'><b>PTSettingMANegativeTest01</b><br>Test class: AASProductTestCase.AASProductTest.qa.testcases.PTSettingPageTest<br>Parameters: 12, Netent Slot, org.testng.TestRunner@2d11e25a</td>
<td><div><pre>java.lang.StringIndexOutOfBoundsException: begin 0, end -2, length 4
	at java.base/java.lang.String.checkBoundsBeginEnd(String.java:3756)
	at java.base/java.lang.String.substring(String.java:1902)
	at AASProductTestCase.AASProductTest.qa.pages.PTSettingPage.getGivenPTResultAG(PTSettingPage.java:548)
	at AASProductTestCase.AASProductTest.qa.testcases.PTSettingPageTest.PTSettingMANegativeTest01(PTSettingPageTest.java:351)
... Removed 30 stack frames</pre></div><a href='#' onClick='toggleBox("stack-trace259443926", this, "Click to show all stack frames", "Click to hide stack frames")'>Click to show all stack frames</a>
<div class='stack-trace' id='stack-trace259443926'><pre>java.lang.StringIndexOutOfBoundsException: begin 0, end -2, length 4
	at java.base/java.lang.String.checkBoundsBeginEnd(String.java:3756)
	at java.base/java.lang.String.substring(String.java:1902)
	at AASProductTestCase.AASProductTest.qa.pages.PTSettingPage.getGivenPTResultAG(PTSettingPage.java:548)
	at AASProductTestCase.AASProductTest.qa.testcases.PTSettingPageTest.PTSettingMANegativeTest01(PTSettingPageTest.java:351)
	at java.base/jdk.internal.reflect.NativeMethodAccessorImpl.invoke0(Native Method)
	at java.base/jdk.internal.reflect.NativeMethodAccessorImpl.invoke(NativeMethodAccessorImpl.java:62)
	at java.base/jdk.internal.reflect.DelegatingMethodAccessorImpl.invoke(DelegatingMethodAccessorImpl.java:43)
	at java.base/java.lang.reflect.Method.invoke(Method.java:564)
	at org.testng.internal.MethodInvocationHelper.invokeMethod(MethodInvocationHelper.java:108)
	at org.testng.internal.Invoker.invokeMethod(Invoker.java:661)
	at org.testng.internal.Invoker.invokeTestMethod(Invoker.java:869)
	at org.testng.internal.Invoker.invokeTestMethods(Invoker.java:1193)
	at org.testng.internal.TestMethodWorker.invokeTestMethods(TestMethodWorker.java:126)
	at org.testng.internal.TestMethodWorker.run(TestMethodWorker.java:109)
	at org.testng.TestRunner.privateRun(TestRunner.java:744)
	at org.testng.TestRunner.run(TestRunner.java:602)
	at org.testng.SuiteRunner.runTest(SuiteRunner.java:380)
	at org.testng.SuiteRunner.runSequentially(SuiteRunner.java:375)
	at org.testng.SuiteRunner.privateRun(SuiteRunner.java:340)
	at org.testng.SuiteRunner.run(SuiteRunner.java:289)
	at org.testng.SuiteRunnerWorker.runSuite(SuiteRunnerWorker.java:52)
	at org.testng.SuiteRunnerWorker.run(SuiteRunnerWorker.java:86)
	at org.testng.TestNG.runSuitesSequentially(TestNG.java:1301)
	at org.testng.TestNG.runSuitesSequentially(TestNG.java:1297)
	at org.testng.TestNG.runSuitesLocally(TestNG.java:1226)
	at org.testng.TestNG.runSuites(TestNG.java:1144)
	at org.testng.TestNG.run(TestNG.java:1115)
	at org.apache.maven.surefire.testng.TestNGExecutor.run(TestNGExecutor.java:283)
	at org.apache.maven.surefire.testng.TestNGXmlTestSuite.execute(TestNGXmlTestSuite.java:75)
	at org.apache.maven.surefire.testng.TestNGProvider.invoke(TestNGProvider.java:120)
	at org.apache.maven.surefire.booter.ForkedBooter.invokeProviderInSameClassLoader(ForkedBooter.java:384)
	at org.apache.maven.surefire.booter.ForkedBooter.runSuitesInProcess(ForkedBooter.java:345)
	at org.apache.maven.surefire.booter.ForkedBooter.execute(ForkedBooter.java:126)
	at org.apache.maven.surefire.booter.ForkedBooter.main(ForkedBooter.java:418)
</pre></div></td>
<td>4</td>
<td>AASProductTestCase.AASProductTest.qa.testcases.PTSettingPageTest@4f83df68</td></tr>
<tr>
<td title='AASProductTestCase.AASProductTest.qa.testcases.PTSettingPageTest.PTSettingMANegativeTest01()'><b>PTSettingMANegativeTest01</b><br>Test class: AASProductTestCase.AASProductTest.qa.testcases.PTSettingPageTest<br>Parameters: 13, Quicksipn Slot, org.testng.TestRunner@2d11e25a</td>
<td><div><pre>java.lang.StringIndexOutOfBoundsException: begin 0, end -2, length 4
	at java.base/java.lang.String.checkBoundsBeginEnd(String.java:3756)
	at java.base/java.lang.String.substring(String.java:1902)
	at AASProductTestCase.AASProductTest.qa.pages.PTSettingPage.getGivenPTResultAG(PTSettingPage.java:548)
	at AASProductTestCase.AASProductTest.qa.testcases.PTSettingPageTest.PTSettingMANegativeTest01(PTSettingPageTest.java:351)
... Removed 30 stack frames</pre></div><a href='#' onClick='toggleBox("stack-trace311770097", this, "Click to show all stack frames", "Click to hide stack frames")'>Click to show all stack frames</a>
<div class='stack-trace' id='stack-trace311770097'><pre>java.lang.StringIndexOutOfBoundsException: begin 0, end -2, length 4
	at java.base/java.lang.String.checkBoundsBeginEnd(String.java:3756)
	at java.base/java.lang.String.substring(String.java:1902)
	at AASProductTestCase.AASProductTest.qa.pages.PTSettingPage.getGivenPTResultAG(PTSettingPage.java:548)
	at AASProductTestCase.AASProductTest.qa.testcases.PTSettingPageTest.PTSettingMANegativeTest01(PTSettingPageTest.java:351)
	at java.base/jdk.internal.reflect.NativeMethodAccessorImpl.invoke0(Native Method)
	at java.base/jdk.internal.reflect.NativeMethodAccessorImpl.invoke(NativeMethodAccessorImpl.java:62)
	at java.base/jdk.internal.reflect.DelegatingMethodAccessorImpl.invoke(DelegatingMethodAccessorImpl.java:43)
	at java.base/java.lang.reflect.Method.invoke(Method.java:564)
	at org.testng.internal.MethodInvocationHelper.invokeMethod(MethodInvocationHelper.java:108)
	at org.testng.internal.Invoker.invokeMethod(Invoker.java:661)
	at org.testng.internal.Invoker.invokeTestMethod(Invoker.java:869)
	at org.testng.internal.Invoker.invokeTestMethods(Invoker.java:1193)
	at org.testng.internal.TestMethodWorker.invokeTestMethods(TestMethodWorker.java:126)
	at org.testng.internal.TestMethodWorker.run(TestMethodWorker.java:109)
	at org.testng.TestRunner.privateRun(TestRunner.java:744)
	at org.testng.TestRunner.run(TestRunner.java:602)
	at org.testng.SuiteRunner.runTest(SuiteRunner.java:380)
	at org.testng.SuiteRunner.runSequentially(SuiteRunner.java:375)
	at org.testng.SuiteRunner.privateRun(SuiteRunner.java:340)
	at org.testng.SuiteRunner.run(SuiteRunner.java:289)
	at org.testng.SuiteRunnerWorker.runSuite(SuiteRunnerWorker.java:52)
	at org.testng.SuiteRunnerWorker.run(SuiteRunnerWorker.java:86)
	at org.testng.TestNG.runSuitesSequentially(TestNG.java:1301)
	at org.testng.TestNG.runSuitesSequentially(TestNG.java:1297)
	at org.testng.TestNG.runSuitesLocally(TestNG.java:1226)
	at org.testng.TestNG.runSuites(TestNG.java:1144)
	at org.testng.TestNG.run(TestNG.java:1115)
	at org.apache.maven.surefire.testng.TestNGExecutor.run(TestNGExecutor.java:283)
	at org.apache.maven.surefire.testng.TestNGXmlTestSuite.execute(TestNGXmlTestSuite.java:75)
	at org.apache.maven.surefire.testng.TestNGProvider.invoke(TestNGProvider.java:120)
	at org.apache.maven.surefire.booter.ForkedBooter.invokeProviderInSameClassLoader(ForkedBooter.java:384)
	at org.apache.maven.surefire.booter.ForkedBooter.runSuitesInProcess(ForkedBooter.java:345)
	at org.apache.maven.surefire.booter.ForkedBooter.execute(ForkedBooter.java:126)
	at org.apache.maven.surefire.booter.ForkedBooter.main(ForkedBooter.java:418)
</pre></div></td>
<td>4</td>
<td>AASProductTestCase.AASProductTest.qa.testcases.PTSettingPageTest@4f83df68</td></tr>
<tr>
<td title='AASProductTestCase.AASProductTest.qa.testcases.PTSettingPageTest.PTSettingMANegativeTest01()'><b>PTSettingMANegativeTest01</b><br>Test class: AASProductTestCase.AASProductTest.qa.testcases.PTSettingPageTest<br>Parameters: 14, Spade Gaming Slot, org.testng.TestRunner@2d11e25a</td>
<td><div><pre>java.lang.StringIndexOutOfBoundsException: begin 0, end -2, length 4
	at java.base/java.lang.String.checkBoundsBeginEnd(String.java:3756)
	at java.base/java.lang.String.substring(String.java:1902)
	at AASProductTestCase.AASProductTest.qa.pages.PTSettingPage.getGivenPTResultAG(PTSettingPage.java:548)
	at AASProductTestCase.AASProductTest.qa.testcases.PTSettingPageTest.PTSettingMANegativeTest01(PTSettingPageTest.java:351)
... Removed 30 stack frames</pre></div><a href='#' onClick='toggleBox("stack-trace667226874", this, "Click to show all stack frames", "Click to hide stack frames")'>Click to show all stack frames</a>
<div class='stack-trace' id='stack-trace667226874'><pre>java.lang.StringIndexOutOfBoundsException: begin 0, end -2, length 4
	at java.base/java.lang.String.checkBoundsBeginEnd(String.java:3756)
	at java.base/java.lang.String.substring(String.java:1902)
	at AASProductTestCase.AASProductTest.qa.pages.PTSettingPage.getGivenPTResultAG(PTSettingPage.java:548)
	at AASProductTestCase.AASProductTest.qa.testcases.PTSettingPageTest.PTSettingMANegativeTest01(PTSettingPageTest.java:351)
	at java.base/jdk.internal.reflect.NativeMethodAccessorImpl.invoke0(Native Method)
	at java.base/jdk.internal.reflect.NativeMethodAccessorImpl.invoke(NativeMethodAccessorImpl.java:62)
	at java.base/jdk.internal.reflect.DelegatingMethodAccessorImpl.invoke(DelegatingMethodAccessorImpl.java:43)
	at java.base/java.lang.reflect.Method.invoke(Method.java:564)
	at org.testng.internal.MethodInvocationHelper.invokeMethod(MethodInvocationHelper.java:108)
	at org.testng.internal.Invoker.invokeMethod(Invoker.java:661)
	at org.testng.internal.Invoker.invokeTestMethod(Invoker.java:869)
	at org.testng.internal.Invoker.invokeTestMethods(Invoker.java:1193)
	at org.testng.internal.TestMethodWorker.invokeTestMethods(TestMethodWorker.java:126)
	at org.testng.internal.TestMethodWorker.run(TestMethodWorker.java:109)
	at org.testng.TestRunner.privateRun(TestRunner.java:744)
	at org.testng.TestRunner.run(TestRunner.java:602)
	at org.testng.SuiteRunner.runTest(SuiteRunner.java:380)
	at org.testng.SuiteRunner.runSequentially(SuiteRunner.java:375)
	at org.testng.SuiteRunner.privateRun(SuiteRunner.java:340)
	at org.testng.SuiteRunner.run(SuiteRunner.java:289)
	at org.testng.SuiteRunnerWorker.runSuite(SuiteRunnerWorker.java:52)
	at org.testng.SuiteRunnerWorker.run(SuiteRunnerWorker.java:86)
	at org.testng.TestNG.runSuitesSequentially(TestNG.java:1301)
	at org.testng.TestNG.runSuitesSequentially(TestNG.java:1297)
	at org.testng.TestNG.runSuitesLocally(TestNG.java:1226)
	at org.testng.TestNG.runSuites(TestNG.java:1144)
	at org.testng.TestNG.run(TestNG.java:1115)
	at org.apache.maven.surefire.testng.TestNGExecutor.run(TestNGExecutor.java:283)
	at org.apache.maven.surefire.testng.TestNGXmlTestSuite.execute(TestNGXmlTestSuite.java:75)
	at org.apache.maven.surefire.testng.TestNGProvider.invoke(TestNGProvider.java:120)
	at org.apache.maven.surefire.booter.ForkedBooter.invokeProviderInSameClassLoader(ForkedBooter.java:384)
	at org.apache.maven.surefire.booter.ForkedBooter.runSuitesInProcess(ForkedBooter.java:345)
	at org.apache.maven.surefire.booter.ForkedBooter.execute(ForkedBooter.java:126)
	at org.apache.maven.surefire.booter.ForkedBooter.main(ForkedBooter.java:418)
</pre></div></td>
<td>4</td>
<td>AASProductTestCase.AASProductTest.qa.testcases.PTSettingPageTest@4f83df68</td></tr>
<tr>
<td title='AASProductTestCase.AASProductTest.qa.testcases.PTSettingPageTest.PTSettingMANegativeTest01()'><b>PTSettingMANegativeTest01</b><br>Test class: AASProductTestCase.AASProductTest.qa.testcases.PTSettingPageTest<br>Parameters: 15, Play n Go, org.testng.TestRunner@2d11e25a</td>
<td><div><pre>java.lang.StringIndexOutOfBoundsException: begin 0, end -2, length 4
	at java.base/java.lang.String.checkBoundsBeginEnd(String.java:3756)
	at java.base/java.lang.String.substring(String.java:1902)
	at AASProductTestCase.AASProductTest.qa.pages.PTSettingPage.getGivenPTResultAG(PTSettingPage.java:548)
	at AASProductTestCase.AASProductTest.qa.testcases.PTSettingPageTest.PTSettingMANegativeTest01(PTSettingPageTest.java:351)
... Removed 30 stack frames</pre></div><a href='#' onClick='toggleBox("stack-trace1257500446", this, "Click to show all stack frames", "Click to hide stack frames")'>Click to show all stack frames</a>
<div class='stack-trace' id='stack-trace1257500446'><pre>java.lang.StringIndexOutOfBoundsException: begin 0, end -2, length 4
	at java.base/java.lang.String.checkBoundsBeginEnd(String.java:3756)
	at java.base/java.lang.String.substring(String.java:1902)
	at AASProductTestCase.AASProductTest.qa.pages.PTSettingPage.getGivenPTResultAG(PTSettingPage.java:548)
	at AASProductTestCase.AASProductTest.qa.testcases.PTSettingPageTest.PTSettingMANegativeTest01(PTSettingPageTest.java:351)
	at java.base/jdk.internal.reflect.NativeMethodAccessorImpl.invoke0(Native Method)
	at java.base/jdk.internal.reflect.NativeMethodAccessorImpl.invoke(NativeMethodAccessorImpl.java:62)
	at java.base/jdk.internal.reflect.DelegatingMethodAccessorImpl.invoke(DelegatingMethodAccessorImpl.java:43)
	at java.base/java.lang.reflect.Method.invoke(Method.java:564)
	at org.testng.internal.MethodInvocationHelper.invokeMethod(MethodInvocationHelper.java:108)
	at org.testng.internal.Invoker.invokeMethod(Invoker.java:661)
	at org.testng.internal.Invoker.invokeTestMethod(Invoker.java:869)
	at org.testng.internal.Invoker.invokeTestMethods(Invoker.java:1193)
	at org.testng.internal.TestMethodWorker.invokeTestMethods(TestMethodWorker.java:126)
	at org.testng.internal.TestMethodWorker.run(TestMethodWorker.java:109)
	at org.testng.TestRunner.privateRun(TestRunner.java:744)
	at org.testng.TestRunner.run(TestRunner.java:602)
	at org.testng.SuiteRunner.runTest(SuiteRunner.java:380)
	at org.testng.SuiteRunner.runSequentially(SuiteRunner.java:375)
	at org.testng.SuiteRunner.privateRun(SuiteRunner.java:340)
	at org.testng.SuiteRunner.run(SuiteRunner.java:289)
	at org.testng.SuiteRunnerWorker.runSuite(SuiteRunnerWorker.java:52)
	at org.testng.SuiteRunnerWorker.run(SuiteRunnerWorker.java:86)
	at org.testng.TestNG.runSuitesSequentially(TestNG.java:1301)
	at org.testng.TestNG.runSuitesSequentially(TestNG.java:1297)
	at org.testng.TestNG.runSuitesLocally(TestNG.java:1226)
	at org.testng.TestNG.runSuites(TestNG.java:1144)
	at org.testng.TestNG.run(TestNG.java:1115)
	at org.apache.maven.surefire.testng.TestNGExecutor.run(TestNGExecutor.java:283)
	at org.apache.maven.surefire.testng.TestNGXmlTestSuite.execute(TestNGXmlTestSuite.java:75)
	at org.apache.maven.surefire.testng.TestNGProvider.invoke(TestNGProvider.java:120)
	at org.apache.maven.surefire.booter.ForkedBooter.invokeProviderInSameClassLoader(ForkedBooter.java:384)
	at org.apache.maven.surefire.booter.ForkedBooter.runSuitesInProcess(ForkedBooter.java:345)
	at org.apache.maven.surefire.booter.ForkedBooter.execute(ForkedBooter.java:126)
	at org.apache.maven.surefire.booter.ForkedBooter.main(ForkedBooter.java:418)
</pre></div></td>
<td>4</td>
<td>AASProductTestCase.AASProductTest.qa.testcases.PTSettingPageTest@4f83df68</td></tr>
<tr>
<td title='AASProductTestCase.AASProductTest.qa.testcases.PTSettingPageTest.PTSettingMAPositiveTest01()'><b>PTSettingMAPositiveTest01</b><br>Test class: AASProductTestCase.AASProductTest.qa.testcases.PTSettingPageTest<br>Parameters: 1, Evolution, org.testng.TestRunner@2d11e25a</td>
<td><div><pre>java.lang.StringIndexOutOfBoundsException: begin 0, end -2, length 4
	at java.base/java.lang.String.checkBoundsBeginEnd(String.java:3756)
	at java.base/java.lang.String.substring(String.java:1902)
	at AASProductTestCase.AASProductTest.qa.pages.PTSettingPage.getGivenPTResultAG(PTSettingPage.java:548)
	at AASProductTestCase.AASProductTest.qa.testcases.PTSettingPageTest.PTSettingMAPositiveTest01(PTSettingPageTest.java:331)
... Removed 30 stack frames</pre></div><a href='#' onClick='toggleBox("stack-trace302357663", this, "Click to show all stack frames", "Click to hide stack frames")'>Click to show all stack frames</a>
<div class='stack-trace' id='stack-trace302357663'><pre>java.lang.StringIndexOutOfBoundsException: begin 0, end -2, length 4
	at java.base/java.lang.String.checkBoundsBeginEnd(String.java:3756)
	at java.base/java.lang.String.substring(String.java:1902)
	at AASProductTestCase.AASProductTest.qa.pages.PTSettingPage.getGivenPTResultAG(PTSettingPage.java:548)
	at AASProductTestCase.AASProductTest.qa.testcases.PTSettingPageTest.PTSettingMAPositiveTest01(PTSettingPageTest.java:331)
	at java.base/jdk.internal.reflect.NativeMethodAccessorImpl.invoke0(Native Method)
	at java.base/jdk.internal.reflect.NativeMethodAccessorImpl.invoke(NativeMethodAccessorImpl.java:62)
	at java.base/jdk.internal.reflect.DelegatingMethodAccessorImpl.invoke(DelegatingMethodAccessorImpl.java:43)
	at java.base/java.lang.reflect.Method.invoke(Method.java:564)
	at org.testng.internal.MethodInvocationHelper.invokeMethod(MethodInvocationHelper.java:108)
	at org.testng.internal.Invoker.invokeMethod(Invoker.java:661)
	at org.testng.internal.Invoker.invokeTestMethod(Invoker.java:869)
	at org.testng.internal.Invoker.invokeTestMethods(Invoker.java:1193)
	at org.testng.internal.TestMethodWorker.invokeTestMethods(TestMethodWorker.java:126)
	at org.testng.internal.TestMethodWorker.run(TestMethodWorker.java:109)
	at org.testng.TestRunner.privateRun(TestRunner.java:744)
	at org.testng.TestRunner.run(TestRunner.java:602)
	at org.testng.SuiteRunner.runTest(SuiteRunner.java:380)
	at org.testng.SuiteRunner.runSequentially(SuiteRunner.java:375)
	at org.testng.SuiteRunner.privateRun(SuiteRunner.java:340)
	at org.testng.SuiteRunner.run(SuiteRunner.java:289)
	at org.testng.SuiteRunnerWorker.runSuite(SuiteRunnerWorker.java:52)
	at org.testng.SuiteRunnerWorker.run(SuiteRunnerWorker.java:86)
	at org.testng.TestNG.runSuitesSequentially(TestNG.java:1301)
	at org.testng.TestNG.runSuitesSequentially(TestNG.java:1297)
	at org.testng.TestNG.runSuitesLocally(TestNG.java:1226)
	at org.testng.TestNG.runSuites(TestNG.java:1144)
	at org.testng.TestNG.run(TestNG.java:1115)
	at org.apache.maven.surefire.testng.TestNGExecutor.run(TestNGExecutor.java:283)
	at org.apache.maven.surefire.testng.TestNGXmlTestSuite.execute(TestNGXmlTestSuite.java:75)
	at org.apache.maven.surefire.testng.TestNGProvider.invoke(TestNGProvider.java:120)
	at org.apache.maven.surefire.booter.ForkedBooter.invokeProviderInSameClassLoader(ForkedBooter.java:384)
	at org.apache.maven.surefire.booter.ForkedBooter.runSuitesInProcess(ForkedBooter.java:345)
	at org.apache.maven.surefire.booter.ForkedBooter.execute(ForkedBooter.java:126)
	at org.apache.maven.surefire.booter.ForkedBooter.main(ForkedBooter.java:418)
</pre></div></td>
<td>4</td>
<td>AASProductTestCase.AASProductTest.qa.testcases.PTSettingPageTest@4f83df68</td></tr>
<tr>
<td title='AASProductTestCase.AASProductTest.qa.testcases.PTSettingPageTest.PTSettingMAPositiveTest01()'><b>PTSettingMAPositiveTest01</b><br>Test class: AASProductTestCase.AASProductTest.qa.testcases.PTSettingPageTest<br>Parameters: 2, Big Gaming, org.testng.TestRunner@2d11e25a</td>
<td><div><pre>java.lang.StringIndexOutOfBoundsException: begin 0, end -2, length 4
	at java.base/java.lang.String.checkBoundsBeginEnd(String.java:3756)
	at java.base/java.lang.String.substring(String.java:1902)
	at AASProductTestCase.AASProductTest.qa.pages.PTSettingPage.getGivenPTResultAG(PTSettingPage.java:548)
	at AASProductTestCase.AASProductTest.qa.testcases.PTSettingPageTest.PTSettingMAPositiveTest01(PTSettingPageTest.java:331)
... Removed 30 stack frames</pre></div><a href='#' onClick='toggleBox("stack-trace993677212", this, "Click to show all stack frames", "Click to hide stack frames")'>Click to show all stack frames</a>
<div class='stack-trace' id='stack-trace993677212'><pre>java.lang.StringIndexOutOfBoundsException: begin 0, end -2, length 4
	at java.base/java.lang.String.checkBoundsBeginEnd(String.java:3756)
	at java.base/java.lang.String.substring(String.java:1902)
	at AASProductTestCase.AASProductTest.qa.pages.PTSettingPage.getGivenPTResultAG(PTSettingPage.java:548)
	at AASProductTestCase.AASProductTest.qa.testcases.PTSettingPageTest.PTSettingMAPositiveTest01(PTSettingPageTest.java:331)
	at java.base/jdk.internal.reflect.NativeMethodAccessorImpl.invoke0(Native Method)
	at java.base/jdk.internal.reflect.NativeMethodAccessorImpl.invoke(NativeMethodAccessorImpl.java:62)
	at java.base/jdk.internal.reflect.DelegatingMethodAccessorImpl.invoke(DelegatingMethodAccessorImpl.java:43)
	at java.base/java.lang.reflect.Method.invoke(Method.java:564)
	at org.testng.internal.MethodInvocationHelper.invokeMethod(MethodInvocationHelper.java:108)
	at org.testng.internal.Invoker.invokeMethod(Invoker.java:661)
	at org.testng.internal.Invoker.invokeTestMethod(Invoker.java:869)
	at org.testng.internal.Invoker.invokeTestMethods(Invoker.java:1193)
	at org.testng.internal.TestMethodWorker.invokeTestMethods(TestMethodWorker.java:126)
	at org.testng.internal.TestMethodWorker.run(TestMethodWorker.java:109)
	at org.testng.TestRunner.privateRun(TestRunner.java:744)
	at org.testng.TestRunner.run(TestRunner.java:602)
	at org.testng.SuiteRunner.runTest(SuiteRunner.java:380)
	at org.testng.SuiteRunner.runSequentially(SuiteRunner.java:375)
	at org.testng.SuiteRunner.privateRun(SuiteRunner.java:340)
	at org.testng.SuiteRunner.run(SuiteRunner.java:289)
	at org.testng.SuiteRunnerWorker.runSuite(SuiteRunnerWorker.java:52)
	at org.testng.SuiteRunnerWorker.run(SuiteRunnerWorker.java:86)
	at org.testng.TestNG.runSuitesSequentially(TestNG.java:1301)
	at org.testng.TestNG.runSuitesSequentially(TestNG.java:1297)
	at org.testng.TestNG.runSuitesLocally(TestNG.java:1226)
	at org.testng.TestNG.runSuites(TestNG.java:1144)
	at org.testng.TestNG.run(TestNG.java:1115)
	at org.apache.maven.surefire.testng.TestNGExecutor.run(TestNGExecutor.java:283)
	at org.apache.maven.surefire.testng.TestNGXmlTestSuite.execute(TestNGXmlTestSuite.java:75)
	at org.apache.maven.surefire.testng.TestNGProvider.invoke(TestNGProvider.java:120)
	at org.apache.maven.surefire.booter.ForkedBooter.invokeProviderInSameClassLoader(ForkedBooter.java:384)
	at org.apache.maven.surefire.booter.ForkedBooter.runSuitesInProcess(ForkedBooter.java:345)
	at org.apache.maven.surefire.booter.ForkedBooter.execute(ForkedBooter.java:126)
	at org.apache.maven.surefire.booter.ForkedBooter.main(ForkedBooter.java:418)
</pre></div></td>
<td>4</td>
<td>AASProductTestCase.AASProductTest.qa.testcases.PTSettingPageTest@4f83df68</td></tr>
<tr>
<td title='AASProductTestCase.AASProductTest.qa.testcases.PTSettingPageTest.PTSettingMAPositiveTest01()'><b>PTSettingMAPositiveTest01</b><br>Test class: AASProductTestCase.AASProductTest.qa.testcases.PTSettingPageTest<br>Parameters: 3, Micro Gaming, org.testng.TestRunner@2d11e25a</td>
<td><div><pre>java.lang.StringIndexOutOfBoundsException: begin 0, end -2, length 4
	at java.base/java.lang.String.checkBoundsBeginEnd(String.java:3756)
	at java.base/java.lang.String.substring(String.java:1902)
	at AASProductTestCase.AASProductTest.qa.pages.PTSettingPage.getGivenPTResultAG(PTSettingPage.java:548)
	at AASProductTestCase.AASProductTest.qa.testcases.PTSettingPageTest.PTSettingMAPositiveTest01(PTSettingPageTest.java:331)
... Removed 30 stack frames</pre></div><a href='#' onClick='toggleBox("stack-trace2056082761", this, "Click to show all stack frames", "Click to hide stack frames")'>Click to show all stack frames</a>
<div class='stack-trace' id='stack-trace2056082761'><pre>java.lang.StringIndexOutOfBoundsException: begin 0, end -2, length 4
	at java.base/java.lang.String.checkBoundsBeginEnd(String.java:3756)
	at java.base/java.lang.String.substring(String.java:1902)
	at AASProductTestCase.AASProductTest.qa.pages.PTSettingPage.getGivenPTResultAG(PTSettingPage.java:548)
	at AASProductTestCase.AASProductTest.qa.testcases.PTSettingPageTest.PTSettingMAPositiveTest01(PTSettingPageTest.java:331)
	at java.base/jdk.internal.reflect.NativeMethodAccessorImpl.invoke0(Native Method)
	at java.base/jdk.internal.reflect.NativeMethodAccessorImpl.invoke(NativeMethodAccessorImpl.java:62)
	at java.base/jdk.internal.reflect.DelegatingMethodAccessorImpl.invoke(DelegatingMethodAccessorImpl.java:43)
	at java.base/java.lang.reflect.Method.invoke(Method.java:564)
	at org.testng.internal.MethodInvocationHelper.invokeMethod(MethodInvocationHelper.java:108)
	at org.testng.internal.Invoker.invokeMethod(Invoker.java:661)
	at org.testng.internal.Invoker.invokeTestMethod(Invoker.java:869)
	at org.testng.internal.Invoker.invokeTestMethods(Invoker.java:1193)
	at org.testng.internal.TestMethodWorker.invokeTestMethods(TestMethodWorker.java:126)
	at org.testng.internal.TestMethodWorker.run(TestMethodWorker.java:109)
	at org.testng.TestRunner.privateRun(TestRunner.java:744)
	at org.testng.TestRunner.run(TestRunner.java:602)
	at org.testng.SuiteRunner.runTest(SuiteRunner.java:380)
	at org.testng.SuiteRunner.runSequentially(SuiteRunner.java:375)
	at org.testng.SuiteRunner.privateRun(SuiteRunner.java:340)
	at org.testng.SuiteRunner.run(SuiteRunner.java:289)
	at org.testng.SuiteRunnerWorker.runSuite(SuiteRunnerWorker.java:52)
	at org.testng.SuiteRunnerWorker.run(SuiteRunnerWorker.java:86)
	at org.testng.TestNG.runSuitesSequentially(TestNG.java:1301)
	at org.testng.TestNG.runSuitesSequentially(TestNG.java:1297)
	at org.testng.TestNG.runSuitesLocally(TestNG.java:1226)
	at org.testng.TestNG.runSuites(TestNG.java:1144)
	at org.testng.TestNG.run(TestNG.java:1115)
	at org.apache.maven.surefire.testng.TestNGExecutor.run(TestNGExecutor.java:283)
	at org.apache.maven.surefire.testng.TestNGXmlTestSuite.execute(TestNGXmlTestSuite.java:75)
	at org.apache.maven.surefire.testng.TestNGProvider.invoke(TestNGProvider.java:120)
	at org.apache.maven.surefire.booter.ForkedBooter.invokeProviderInSameClassLoader(ForkedBooter.java:384)
	at org.apache.maven.surefire.booter.ForkedBooter.runSuitesInProcess(ForkedBooter.java:345)
	at org.apache.maven.surefire.booter.ForkedBooter.execute(ForkedBooter.java:126)
	at org.apache.maven.surefire.booter.ForkedBooter.main(ForkedBooter.java:418)
</pre></div></td>
<td>4</td>
<td>AASProductTestCase.AASProductTest.qa.testcases.PTSettingPageTest@4f83df68</td></tr>
<tr>
<td title='AASProductTestCase.AASProductTest.qa.testcases.PTSettingPageTest.PTSettingMAPositiveTest01()'><b>PTSettingMAPositiveTest01</b><br>Test class: AASProductTestCase.AASProductTest.qa.testcases.PTSettingPageTest<br>Parameters: 4, Asia Gaming, org.testng.TestRunner@2d11e25a</td>
<td><div><pre>java.lang.StringIndexOutOfBoundsException: begin 0, end -2, length 4
	at java.base/java.lang.String.checkBoundsBeginEnd(String.java:3756)
	at java.base/java.lang.String.substring(String.java:1902)
	at AASProductTestCase.AASProductTest.qa.pages.PTSettingPage.getGivenPTResultAG(PTSettingPage.java:548)
	at AASProductTestCase.AASProductTest.qa.testcases.PTSettingPageTest.PTSettingMAPositiveTest01(PTSettingPageTest.java:331)
... Removed 30 stack frames</pre></div><a href='#' onClick='toggleBox("stack-trace1198420055", this, "Click to show all stack frames", "Click to hide stack frames")'>Click to show all stack frames</a>
<div class='stack-trace' id='stack-trace1198420055'><pre>java.lang.StringIndexOutOfBoundsException: begin 0, end -2, length 4
	at java.base/java.lang.String.checkBoundsBeginEnd(String.java:3756)
	at java.base/java.lang.String.substring(String.java:1902)
	at AASProductTestCase.AASProductTest.qa.pages.PTSettingPage.getGivenPTResultAG(PTSettingPage.java:548)
	at AASProductTestCase.AASProductTest.qa.testcases.PTSettingPageTest.PTSettingMAPositiveTest01(PTSettingPageTest.java:331)
	at java.base/jdk.internal.reflect.NativeMethodAccessorImpl.invoke0(Native Method)
	at java.base/jdk.internal.reflect.NativeMethodAccessorImpl.invoke(NativeMethodAccessorImpl.java:62)
	at java.base/jdk.internal.reflect.DelegatingMethodAccessorImpl.invoke(DelegatingMethodAccessorImpl.java:43)
	at java.base/java.lang.reflect.Method.invoke(Method.java:564)
	at org.testng.internal.MethodInvocationHelper.invokeMethod(MethodInvocationHelper.java:108)
	at org.testng.internal.Invoker.invokeMethod(Invoker.java:661)
	at org.testng.internal.Invoker.invokeTestMethod(Invoker.java:869)
	at org.testng.internal.Invoker.invokeTestMethods(Invoker.java:1193)
	at org.testng.internal.TestMethodWorker.invokeTestMethods(TestMethodWorker.java:126)
	at org.testng.internal.TestMethodWorker.run(TestMethodWorker.java:109)
	at org.testng.TestRunner.privateRun(TestRunner.java:744)
	at org.testng.TestRunner.run(TestRunner.java:602)
	at org.testng.SuiteRunner.runTest(SuiteRunner.java:380)
	at org.testng.SuiteRunner.runSequentially(SuiteRunner.java:375)
	at org.testng.SuiteRunner.privateRun(SuiteRunner.java:340)
	at org.testng.SuiteRunner.run(SuiteRunner.java:289)
	at org.testng.SuiteRunnerWorker.runSuite(SuiteRunnerWorker.java:52)
	at org.testng.SuiteRunnerWorker.run(SuiteRunnerWorker.java:86)
	at org.testng.TestNG.runSuitesSequentially(TestNG.java:1301)
	at org.testng.TestNG.runSuitesSequentially(TestNG.java:1297)
	at org.testng.TestNG.runSuitesLocally(TestNG.java:1226)
	at org.testng.TestNG.runSuites(TestNG.java:1144)
	at org.testng.TestNG.run(TestNG.java:1115)
	at org.apache.maven.surefire.testng.TestNGExecutor.run(TestNGExecutor.java:283)
	at org.apache.maven.surefire.testng.TestNGXmlTestSuite.execute(TestNGXmlTestSuite.java:75)
	at org.apache.maven.surefire.testng.TestNGProvider.invoke(TestNGProvider.java:120)
	at org.apache.maven.surefire.booter.ForkedBooter.invokeProviderInSameClassLoader(ForkedBooter.java:384)
	at org.apache.maven.surefire.booter.ForkedBooter.runSuitesInProcess(ForkedBooter.java:345)
	at org.apache.maven.surefire.booter.ForkedBooter.execute(ForkedBooter.java:126)
	at org.apache.maven.surefire.booter.ForkedBooter.main(ForkedBooter.java:418)
</pre></div></td>
<td>4</td>
<td>AASProductTestCase.AASProductTest.qa.testcases.PTSettingPageTest@4f83df68</td></tr>
<tr>
<td title='AASProductTestCase.AASProductTest.qa.testcases.PTSettingPageTest.PTSettingMAPositiveTest01()'><b>PTSettingMAPositiveTest01</b><br>Test class: AASProductTestCase.AASProductTest.qa.testcases.PTSettingPageTest<br>Parameters: 5, Dream Gaming, org.testng.TestRunner@2d11e25a</td>
<td><div><pre>java.lang.StringIndexOutOfBoundsException: begin 0, end -2, length 4
	at java.base/java.lang.String.checkBoundsBeginEnd(String.java:3756)
	at java.base/java.lang.String.substring(String.java:1902)
	at AASProductTestCase.AASProductTest.qa.pages.PTSettingPage.getGivenPTResultAG(PTSettingPage.java:548)
	at AASProductTestCase.AASProductTest.qa.testcases.PTSettingPageTest.PTSettingMAPositiveTest01(PTSettingPageTest.java:331)
... Removed 30 stack frames</pre></div><a href='#' onClick='toggleBox("stack-trace2133216377", this, "Click to show all stack frames", "Click to hide stack frames")'>Click to show all stack frames</a>
<div class='stack-trace' id='stack-trace2133216377'><pre>java.lang.StringIndexOutOfBoundsException: begin 0, end -2, length 4
	at java.base/java.lang.String.checkBoundsBeginEnd(String.java:3756)
	at java.base/java.lang.String.substring(String.java:1902)
	at AASProductTestCase.AASProductTest.qa.pages.PTSettingPage.getGivenPTResultAG(PTSettingPage.java:548)
	at AASProductTestCase.AASProductTest.qa.testcases.PTSettingPageTest.PTSettingMAPositiveTest01(PTSettingPageTest.java:331)
	at java.base/jdk.internal.reflect.NativeMethodAccessorImpl.invoke0(Native Method)
	at java.base/jdk.internal.reflect.NativeMethodAccessorImpl.invoke(NativeMethodAccessorImpl.java:62)
	at java.base/jdk.internal.reflect.DelegatingMethodAccessorImpl.invoke(DelegatingMethodAccessorImpl.java:43)
	at java.base/java.lang.reflect.Method.invoke(Method.java:564)
	at org.testng.internal.MethodInvocationHelper.invokeMethod(MethodInvocationHelper.java:108)
	at org.testng.internal.Invoker.invokeMethod(Invoker.java:661)
	at org.testng.internal.Invoker.invokeTestMethod(Invoker.java:869)
	at org.testng.internal.Invoker.invokeTestMethods(Invoker.java:1193)
	at org.testng.internal.TestMethodWorker.invokeTestMethods(TestMethodWorker.java:126)
	at org.testng.internal.TestMethodWorker.run(TestMethodWorker.java:109)
	at org.testng.TestRunner.privateRun(TestRunner.java:744)
	at org.testng.TestRunner.run(TestRunner.java:602)
	at org.testng.SuiteRunner.runTest(SuiteRunner.java:380)
	at org.testng.SuiteRunner.runSequentially(SuiteRunner.java:375)
	at org.testng.SuiteRunner.privateRun(SuiteRunner.java:340)
	at org.testng.SuiteRunner.run(SuiteRunner.java:289)
	at org.testng.SuiteRunnerWorker.runSuite(SuiteRunnerWorker.java:52)
	at org.testng.SuiteRunnerWorker.run(SuiteRunnerWorker.java:86)
	at org.testng.TestNG.runSuitesSequentially(TestNG.java:1301)
	at org.testng.TestNG.runSuitesSequentially(TestNG.java:1297)
	at org.testng.TestNG.runSuitesLocally(TestNG.java:1226)
	at org.testng.TestNG.runSuites(TestNG.java:1144)
	at org.testng.TestNG.run(TestNG.java:1115)
	at org.apache.maven.surefire.testng.TestNGExecutor.run(TestNGExecutor.java:283)
	at org.apache.maven.surefire.testng.TestNGXmlTestSuite.execute(TestNGXmlTestSuite.java:75)
	at org.apache.maven.surefire.testng.TestNGProvider.invoke(TestNGProvider.java:120)
	at org.apache.maven.surefire.booter.ForkedBooter.invokeProviderInSameClassLoader(ForkedBooter.java:384)
	at org.apache.maven.surefire.booter.ForkedBooter.runSuitesInProcess(ForkedBooter.java:345)
	at org.apache.maven.surefire.booter.ForkedBooter.execute(ForkedBooter.java:126)
	at org.apache.maven.surefire.booter.ForkedBooter.main(ForkedBooter.java:418)
</pre></div></td>
<td>4</td>
<td>AASProductTestCase.AASProductTest.qa.testcases.PTSettingPageTest@4f83df68</td></tr>
<tr>
<td title='AASProductTestCase.AASProductTest.qa.testcases.PTSettingPageTest.PTSettingMAPositiveTest01()'><b>PTSettingMAPositiveTest01</b><br>Test class: AASProductTestCase.AASProductTest.qa.testcases.PTSettingPageTest<br>Parameters: 6, Paiza, org.testng.TestRunner@2d11e25a</td>
<td><div><pre>java.lang.StringIndexOutOfBoundsException: begin 0, end -2, length 4
	at java.base/java.lang.String.checkBoundsBeginEnd(String.java:3756)
	at java.base/java.lang.String.substring(String.java:1902)
	at AASProductTestCase.AASProductTest.qa.pages.PTSettingPage.getGivenPTResultAG(PTSettingPage.java:548)
	at AASProductTestCase.AASProductTest.qa.testcases.PTSettingPageTest.PTSettingMAPositiveTest01(PTSettingPageTest.java:331)
... Removed 30 stack frames</pre></div><a href='#' onClick='toggleBox("stack-trace1806869130", this, "Click to show all stack frames", "Click to hide stack frames")'>Click to show all stack frames</a>
<div class='stack-trace' id='stack-trace1806869130'><pre>java.lang.StringIndexOutOfBoundsException: begin 0, end -2, length 4
	at java.base/java.lang.String.checkBoundsBeginEnd(String.java:3756)
	at java.base/java.lang.String.substring(String.java:1902)
	at AASProductTestCase.AASProductTest.qa.pages.PTSettingPage.getGivenPTResultAG(PTSettingPage.java:548)
	at AASProductTestCase.AASProductTest.qa.testcases.PTSettingPageTest.PTSettingMAPositiveTest01(PTSettingPageTest.java:331)
	at java.base/jdk.internal.reflect.NativeMethodAccessorImpl.invoke0(Native Method)
	at java.base/jdk.internal.reflect.NativeMethodAccessorImpl.invoke(NativeMethodAccessorImpl.java:62)
	at java.base/jdk.internal.reflect.DelegatingMethodAccessorImpl.invoke(DelegatingMethodAccessorImpl.java:43)
	at java.base/java.lang.reflect.Method.invoke(Method.java:564)
	at org.testng.internal.MethodInvocationHelper.invokeMethod(MethodInvocationHelper.java:108)
	at org.testng.internal.Invoker.invokeMethod(Invoker.java:661)
	at org.testng.internal.Invoker.invokeTestMethod(Invoker.java:869)
	at org.testng.internal.Invoker.invokeTestMethods(Invoker.java:1193)
	at org.testng.internal.TestMethodWorker.invokeTestMethods(TestMethodWorker.java:126)
	at org.testng.internal.TestMethodWorker.run(TestMethodWorker.java:109)
	at org.testng.TestRunner.privateRun(TestRunner.java:744)
	at org.testng.TestRunner.run(TestRunner.java:602)
	at org.testng.SuiteRunner.runTest(SuiteRunner.java:380)
	at org.testng.SuiteRunner.runSequentially(SuiteRunner.java:375)
	at org.testng.SuiteRunner.privateRun(SuiteRunner.java:340)
	at org.testng.SuiteRunner.run(SuiteRunner.java:289)
	at org.testng.SuiteRunnerWorker.runSuite(SuiteRunnerWorker.java:52)
	at org.testng.SuiteRunnerWorker.run(SuiteRunnerWorker.java:86)
	at org.testng.TestNG.runSuitesSequentially(TestNG.java:1301)
	at org.testng.TestNG.runSuitesSequentially(TestNG.java:1297)
	at org.testng.TestNG.runSuitesLocally(TestNG.java:1226)
	at org.testng.TestNG.runSuites(TestNG.java:1144)
	at org.testng.TestNG.run(TestNG.java:1115)
	at org.apache.maven.surefire.testng.TestNGExecutor.run(TestNGExecutor.java:283)
	at org.apache.maven.surefire.testng.TestNGXmlTestSuite.execute(TestNGXmlTestSuite.java:75)
	at org.apache.maven.surefire.testng.TestNGProvider.invoke(TestNGProvider.java:120)
	at org.apache.maven.surefire.booter.ForkedBooter.invokeProviderInSameClassLoader(ForkedBooter.java:384)
	at org.apache.maven.surefire.booter.ForkedBooter.runSuitesInProcess(ForkedBooter.java:345)
	at org.apache.maven.surefire.booter.ForkedBooter.execute(ForkedBooter.java:126)
	at org.apache.maven.surefire.booter.ForkedBooter.main(ForkedBooter.java:418)
</pre></div></td>
<td>4</td>
<td>AASProductTestCase.AASProductTest.qa.testcases.PTSettingPageTest@4f83df68</td></tr>
<tr>
<td title='AASProductTestCase.AASProductTest.qa.testcases.PTSettingPageTest.PTSettingMAPositiveTest01()'><b>PTSettingMAPositiveTest01</b><br>Test class: AASProductTestCase.AASProductTest.qa.testcases.PTSettingPageTest<br>Parameters: 7, Praagmatic Gaming, org.testng.TestRunner@2d11e25a</td>
<td><div><pre>java.lang.AssertionError: expected [20] but found [30.5]
	at AASProductTestCase.AASProductTest.qa.testcases.PTSettingPageTest.PTSettingMAPositiveTest01(PTSettingPageTest.java:338)
... Removed 36 stack frames</pre></div><a href='#' onClick='toggleBox("stack-trace1812286287", this, "Click to show all stack frames", "Click to hide stack frames")'>Click to show all stack frames</a>
<div class='stack-trace' id='stack-trace1812286287'><pre>java.lang.AssertionError: expected [20] but found [30.5]
	at org.testng.Assert.fail(Assert.java:93)
	at org.testng.Assert.failNotEquals(Assert.java:512)
	at org.testng.Assert.assertEqualsImpl(Assert.java:134)
	at org.testng.Assert.assertEquals(Assert.java:115)
	at org.testng.Assert.assertEquals(Assert.java:189)
	at org.testng.Assert.assertEquals(Assert.java:199)
	at AASProductTestCase.AASProductTest.qa.testcases.PTSettingPageTest.PTSettingMAPositiveTest01(PTSettingPageTest.java:338)
	at java.base/jdk.internal.reflect.NativeMethodAccessorImpl.invoke0(Native Method)
	at java.base/jdk.internal.reflect.NativeMethodAccessorImpl.invoke(NativeMethodAccessorImpl.java:62)
	at java.base/jdk.internal.reflect.DelegatingMethodAccessorImpl.invoke(DelegatingMethodAccessorImpl.java:43)
	at java.base/java.lang.reflect.Method.invoke(Method.java:564)
	at org.testng.internal.MethodInvocationHelper.invokeMethod(MethodInvocationHelper.java:108)
	at org.testng.internal.Invoker.invokeMethod(Invoker.java:661)
	at org.testng.internal.Invoker.invokeTestMethod(Invoker.java:869)
	at org.testng.internal.Invoker.invokeTestMethods(Invoker.java:1193)
	at org.testng.internal.TestMethodWorker.invokeTestMethods(TestMethodWorker.java:126)
	at org.testng.internal.TestMethodWorker.run(TestMethodWorker.java:109)
	at org.testng.TestRunner.privateRun(TestRunner.java:744)
	at org.testng.TestRunner.run(TestRunner.java:602)
	at org.testng.SuiteRunner.runTest(SuiteRunner.java:380)
	at org.testng.SuiteRunner.runSequentially(SuiteRunner.java:375)
	at org.testng.SuiteRunner.privateRun(SuiteRunner.java:340)
	at org.testng.SuiteRunner.run(SuiteRunner.java:289)
	at org.testng.SuiteRunnerWorker.runSuite(SuiteRunnerWorker.java:52)
	at org.testng.SuiteRunnerWorker.run(SuiteRunnerWorker.java:86)
	at org.testng.TestNG.runSuitesSequentially(TestNG.java:1301)
	at org.testng.TestNG.runSuitesSequentially(TestNG.java:1297)
	at org.testng.TestNG.runSuitesLocally(TestNG.java:1226)
	at org.testng.TestNG.runSuites(TestNG.java:1144)
	at org.testng.TestNG.run(TestNG.java:1115)
	at org.apache.maven.surefire.testng.TestNGExecutor.run(TestNGExecutor.java:283)
	at org.apache.maven.surefire.testng.TestNGXmlTestSuite.execute(TestNGXmlTestSuite.java:75)
	at org.apache.maven.surefire.testng.TestNGProvider.invoke(TestNGProvider.java:120)
	at org.apache.maven.surefire.booter.ForkedBooter.invokeProviderInSameClassLoader(ForkedBooter.java:384)
	at org.apache.maven.surefire.booter.ForkedBooter.runSuitesInProcess(ForkedBooter.java:345)
	at org.apache.maven.surefire.booter.ForkedBooter.execute(ForkedBooter.java:126)
	at org.apache.maven.surefire.booter.ForkedBooter.main(ForkedBooter.java:418)
</pre></div></td>
<td>4</td>
<td>AASProductTestCase.AASProductTest.qa.testcases.PTSettingPageTest@4f83df68</td></tr>
<tr>
<td title='AASProductTestCase.AASProductTest.qa.testcases.PTSettingPageTest.PTSettingMAPositiveTest01()'><b>PTSettingMAPositiveTest01</b><br>Test class: AASProductTestCase.AASProductTest.qa.testcases.PTSettingPageTest<br>Parameters: 8, Sexy Gaming, org.testng.TestRunner@2d11e25a</td>
<td><div><pre>java.lang.StringIndexOutOfBoundsException: begin 0, end -2, length 4
	at java.base/java.lang.String.checkBoundsBeginEnd(String.java:3756)
	at java.base/java.lang.String.substring(String.java:1902)
	at AASProductTestCase.AASProductTest.qa.pages.PTSettingPage.getGivenPTResultAG(PTSettingPage.java:548)
	at AASProductTestCase.AASProductTest.qa.testcases.PTSettingPageTest.PTSettingMAPositiveTest01(PTSettingPageTest.java:324)
... Removed 30 stack frames</pre></div><a href='#' onClick='toggleBox("stack-trace1216826192", this, "Click to show all stack frames", "Click to hide stack frames")'>Click to show all stack frames</a>
<div class='stack-trace' id='stack-trace1216826192'><pre>java.lang.StringIndexOutOfBoundsException: begin 0, end -2, length 4
	at java.base/java.lang.String.checkBoundsBeginEnd(String.java:3756)
	at java.base/java.lang.String.substring(String.java:1902)
	at AASProductTestCase.AASProductTest.qa.pages.PTSettingPage.getGivenPTResultAG(PTSettingPage.java:548)
	at AASProductTestCase.AASProductTest.qa.testcases.PTSettingPageTest.PTSettingMAPositiveTest01(PTSettingPageTest.java:324)
	at java.base/jdk.internal.reflect.NativeMethodAccessorImpl.invoke0(Native Method)
	at java.base/jdk.internal.reflect.NativeMethodAccessorImpl.invoke(NativeMethodAccessorImpl.java:62)
	at java.base/jdk.internal.reflect.DelegatingMethodAccessorImpl.invoke(DelegatingMethodAccessorImpl.java:43)
	at java.base/java.lang.reflect.Method.invoke(Method.java:564)
	at org.testng.internal.MethodInvocationHelper.invokeMethod(MethodInvocationHelper.java:108)
	at org.testng.internal.Invoker.invokeMethod(Invoker.java:661)
	at org.testng.internal.Invoker.invokeTestMethod(Invoker.java:869)
	at org.testng.internal.Invoker.invokeTestMethods(Invoker.java:1193)
	at org.testng.internal.TestMethodWorker.invokeTestMethods(TestMethodWorker.java:126)
	at org.testng.internal.TestMethodWorker.run(TestMethodWorker.java:109)
	at org.testng.TestRunner.privateRun(TestRunner.java:744)
	at org.testng.TestRunner.run(TestRunner.java:602)
	at org.testng.SuiteRunner.runTest(SuiteRunner.java:380)
	at org.testng.SuiteRunner.runSequentially(SuiteRunner.java:375)
	at org.testng.SuiteRunner.privateRun(SuiteRunner.java:340)
	at org.testng.SuiteRunner.run(SuiteRunner.java:289)
	at org.testng.SuiteRunnerWorker.runSuite(SuiteRunnerWorker.java:52)
	at org.testng.SuiteRunnerWorker.run(SuiteRunnerWorker.java:86)
	at org.testng.TestNG.runSuitesSequentially(TestNG.java:1301)
	at org.testng.TestNG.runSuitesSequentially(TestNG.java:1297)
	at org.testng.TestNG.runSuitesLocally(TestNG.java:1226)
	at org.testng.TestNG.runSuites(TestNG.java:1144)
	at org.testng.TestNG.run(TestNG.java:1115)
	at org.apache.maven.surefire.testng.TestNGExecutor.run(TestNGExecutor.java:283)
	at org.apache.maven.surefire.testng.TestNGXmlTestSuite.execute(TestNGXmlTestSuite.java:75)
	at org.apache.maven.surefire.testng.TestNGProvider.invoke(TestNGProvider.java:120)
	at org.apache.maven.surefire.booter.ForkedBooter.invokeProviderInSameClassLoader(ForkedBooter.java:384)
	at org.apache.maven.surefire.booter.ForkedBooter.runSuitesInProcess(ForkedBooter.java:345)
	at org.apache.maven.surefire.booter.ForkedBooter.execute(ForkedBooter.java:126)
	at org.apache.maven.surefire.booter.ForkedBooter.main(ForkedBooter.java:418)
</pre></div></td>
<td>0</td>
<td>AASProductTestCase.AASProductTest.qa.testcases.PTSettingPageTest@4f83df68</td></tr>
<tr>
<td title='AASProductTestCase.AASProductTest.qa.testcases.PTSettingPageTest.PTSettingMAPositiveTest01()'><b>PTSettingMAPositiveTest01</b><br>Test class: AASProductTestCase.AASProductTest.qa.testcases.PTSettingPageTest<br>Parameters: 9, Pragmatic Slot, org.testng.TestRunner@2d11e25a</td>
<td><div><pre>java.lang.StringIndexOutOfBoundsException: begin 0, end -2, length 4
	at java.base/java.lang.String.checkBoundsBeginEnd(String.java:3756)
	at java.base/java.lang.String.substring(String.java:1902)
	at AASProductTestCase.AASProductTest.qa.pages.PTSettingPage.getGivenPTResultAG(PTSettingPage.java:548)
	at AASProductTestCase.AASProductTest.qa.testcases.PTSettingPageTest.PTSettingMAPositiveTest01(PTSettingPageTest.java:331)
... Removed 30 stack frames</pre></div><a href='#' onClick='toggleBox("stack-trace1437598059", this, "Click to show all stack frames", "Click to hide stack frames")'>Click to show all stack frames</a>
<div class='stack-trace' id='stack-trace1437598059'><pre>java.lang.StringIndexOutOfBoundsException: begin 0, end -2, length 4
	at java.base/java.lang.String.checkBoundsBeginEnd(String.java:3756)
	at java.base/java.lang.String.substring(String.java:1902)
	at AASProductTestCase.AASProductTest.qa.pages.PTSettingPage.getGivenPTResultAG(PTSettingPage.java:548)
	at AASProductTestCase.AASProductTest.qa.testcases.PTSettingPageTest.PTSettingMAPositiveTest01(PTSettingPageTest.java:331)
	at java.base/jdk.internal.reflect.NativeMethodAccessorImpl.invoke0(Native Method)
	at java.base/jdk.internal.reflect.NativeMethodAccessorImpl.invoke(NativeMethodAccessorImpl.java:62)
	at java.base/jdk.internal.reflect.DelegatingMethodAccessorImpl.invoke(DelegatingMethodAccessorImpl.java:43)
	at java.base/java.lang.reflect.Method.invoke(Method.java:564)
	at org.testng.internal.MethodInvocationHelper.invokeMethod(MethodInvocationHelper.java:108)
	at org.testng.internal.Invoker.invokeMethod(Invoker.java:661)
	at org.testng.internal.Invoker.invokeTestMethod(Invoker.java:869)
	at org.testng.internal.Invoker.invokeTestMethods(Invoker.java:1193)
	at org.testng.internal.TestMethodWorker.invokeTestMethods(TestMethodWorker.java:126)
	at org.testng.internal.TestMethodWorker.run(TestMethodWorker.java:109)
	at org.testng.TestRunner.privateRun(TestRunner.java:744)
	at org.testng.TestRunner.run(TestRunner.java:602)
	at org.testng.SuiteRunner.runTest(SuiteRunner.java:380)
	at org.testng.SuiteRunner.runSequentially(SuiteRunner.java:375)
	at org.testng.SuiteRunner.privateRun(SuiteRunner.java:340)
	at org.testng.SuiteRunner.run(SuiteRunner.java:289)
	at org.testng.SuiteRunnerWorker.runSuite(SuiteRunnerWorker.java:52)
	at org.testng.SuiteRunnerWorker.run(SuiteRunnerWorker.java:86)
	at org.testng.TestNG.runSuitesSequentially(TestNG.java:1301)
	at org.testng.TestNG.runSuitesSequentially(TestNG.java:1297)
	at org.testng.TestNG.runSuitesLocally(TestNG.java:1226)
	at org.testng.TestNG.runSuites(TestNG.java:1144)
	at org.testng.TestNG.run(TestNG.java:1115)
	at org.apache.maven.surefire.testng.TestNGExecutor.run(TestNGExecutor.java:283)
	at org.apache.maven.surefire.testng.TestNGXmlTestSuite.execute(TestNGXmlTestSuite.java:75)
	at org.apache.maven.surefire.testng.TestNGProvider.invoke(TestNGProvider.java:120)
	at org.apache.maven.surefire.booter.ForkedBooter.invokeProviderInSameClassLoader(ForkedBooter.java:384)
	at org.apache.maven.surefire.booter.ForkedBooter.runSuitesInProcess(ForkedBooter.java:345)
	at org.apache.maven.surefire.booter.ForkedBooter.execute(ForkedBooter.java:126)
	at org.apache.maven.surefire.booter.ForkedBooter.main(ForkedBooter.java:418)
</pre></div></td>
<td>4</td>
<td>AASProductTestCase.AASProductTest.qa.testcases.PTSettingPageTest@4f83df68</td></tr>
<tr>
<td title='AASProductTestCase.AASProductTest.qa.testcases.PTSettingPageTest.PTSettingMAPositiveTest01()'><b>PTSettingMAPositiveTest01</b><br>Test class: AASProductTestCase.AASProductTest.qa.testcases.PTSettingPageTest<br>Parameters: 10, Habanero Slot, org.testng.TestRunner@2d11e25a</td>
<td><div><pre>java.lang.StringIndexOutOfBoundsException: begin 0, end -2, length 4
	at java.base/java.lang.String.checkBoundsBeginEnd(String.java:3756)
	at java.base/java.lang.String.substring(String.java:1902)
	at AASProductTestCase.AASProductTest.qa.pages.PTSettingPage.getGivenPTResultAG(PTSettingPage.java:548)
	at AASProductTestCase.AASProductTest.qa.testcases.PTSettingPageTest.PTSettingMAPositiveTest01(PTSettingPageTest.java:331)
... Removed 30 stack frames</pre></div><a href='#' onClick='toggleBox("stack-trace1045045497", this, "Click to show all stack frames", "Click to hide stack frames")'>Click to show all stack frames</a>
<div class='stack-trace' id='stack-trace1045045497'><pre>java.lang.StringIndexOutOfBoundsException: begin 0, end -2, length 4
	at java.base/java.lang.String.checkBoundsBeginEnd(String.java:3756)
	at java.base/java.lang.String.substring(String.java:1902)
	at AASProductTestCase.AASProductTest.qa.pages.PTSettingPage.getGivenPTResultAG(PTSettingPage.java:548)
	at AASProductTestCase.AASProductTest.qa.testcases.PTSettingPageTest.PTSettingMAPositiveTest01(PTSettingPageTest.java:331)
	at java.base/jdk.internal.reflect.NativeMethodAccessorImpl.invoke0(Native Method)
	at java.base/jdk.internal.reflect.NativeMethodAccessorImpl.invoke(NativeMethodAccessorImpl.java:62)
	at java.base/jdk.internal.reflect.DelegatingMethodAccessorImpl.invoke(DelegatingMethodAccessorImpl.java:43)
	at java.base/java.lang.reflect.Method.invoke(Method.java:564)
	at org.testng.internal.MethodInvocationHelper.invokeMethod(MethodInvocationHelper.java:108)
	at org.testng.internal.Invoker.invokeMethod(Invoker.java:661)
	at org.testng.internal.Invoker.invokeTestMethod(Invoker.java:869)
	at org.testng.internal.Invoker.invokeTestMethods(Invoker.java:1193)
	at org.testng.internal.TestMethodWorker.invokeTestMethods(TestMethodWorker.java:126)
	at org.testng.internal.TestMethodWorker.run(TestMethodWorker.java:109)
	at org.testng.TestRunner.privateRun(TestRunner.java:744)
	at org.testng.TestRunner.run(TestRunner.java:602)
	at org.testng.SuiteRunner.runTest(SuiteRunner.java:380)
	at org.testng.SuiteRunner.runSequentially(SuiteRunner.java:375)
	at org.testng.SuiteRunner.privateRun(SuiteRunner.java:340)
	at org.testng.SuiteRunner.run(SuiteRunner.java:289)
	at org.testng.SuiteRunnerWorker.runSuite(SuiteRunnerWorker.java:52)
	at org.testng.SuiteRunnerWorker.run(SuiteRunnerWorker.java:86)
	at org.testng.TestNG.runSuitesSequentially(TestNG.java:1301)
	at org.testng.TestNG.runSuitesSequentially(TestNG.java:1297)
	at org.testng.TestNG.runSuitesLocally(TestNG.java:1226)
	at org.testng.TestNG.runSuites(TestNG.java:1144)
	at org.testng.TestNG.run(TestNG.java:1115)
	at org.apache.maven.surefire.testng.TestNGExecutor.run(TestNGExecutor.java:283)
	at org.apache.maven.surefire.testng.TestNGXmlTestSuite.execute(TestNGXmlTestSuite.java:75)
	at org.apache.maven.surefire.testng.TestNGProvider.invoke(TestNGProvider.java:120)
	at org.apache.maven.surefire.booter.ForkedBooter.invokeProviderInSameClassLoader(ForkedBooter.java:384)
	at org.apache.maven.surefire.booter.ForkedBooter.runSuitesInProcess(ForkedBooter.java:345)
	at org.apache.maven.surefire.booter.ForkedBooter.execute(ForkedBooter.java:126)
	at org.apache.maven.surefire.booter.ForkedBooter.main(ForkedBooter.java:418)
</pre></div></td>
<td>4</td>
<td>AASProductTestCase.AASProductTest.qa.testcases.PTSettingPageTest@4f83df68</td></tr>
<tr>
<td title='AASProductTestCase.AASProductTest.qa.testcases.PTSettingPageTest.PTSettingMAPositiveTest01()'><b>PTSettingMAPositiveTest01</b><br>Test class: AASProductTestCase.AASProductTest.qa.testcases.PTSettingPageTest<br>Parameters: 11, Maverick Slot, org.testng.TestRunner@2d11e25a</td>
<td><div><pre>java.lang.StringIndexOutOfBoundsException: begin 0, end -2, length 4
	at java.base/java.lang.String.checkBoundsBeginEnd(String.java:3756)
	at java.base/java.lang.String.substring(String.java:1902)
	at AASProductTestCase.AASProductTest.qa.pages.PTSettingPage.getGivenPTResultAG(PTSettingPage.java:548)
	at AASProductTestCase.AASProductTest.qa.testcases.PTSettingPageTest.PTSettingMAPositiveTest01(PTSettingPageTest.java:331)
... Removed 30 stack frames</pre></div><a href='#' onClick='toggleBox("stack-trace497982365", this, "Click to show all stack frames", "Click to hide stack frames")'>Click to show all stack frames</a>
<div class='stack-trace' id='stack-trace497982365'><pre>java.lang.StringIndexOutOfBoundsException: begin 0, end -2, length 4
	at java.base/java.lang.String.checkBoundsBeginEnd(String.java:3756)
	at java.base/java.lang.String.substring(String.java:1902)
	at AASProductTestCase.AASProductTest.qa.pages.PTSettingPage.getGivenPTResultAG(PTSettingPage.java:548)
	at AASProductTestCase.AASProductTest.qa.testcases.PTSettingPageTest.PTSettingMAPositiveTest01(PTSettingPageTest.java:331)
	at java.base/jdk.internal.reflect.NativeMethodAccessorImpl.invoke0(Native Method)
	at java.base/jdk.internal.reflect.NativeMethodAccessorImpl.invoke(NativeMethodAccessorImpl.java:62)
	at java.base/jdk.internal.reflect.DelegatingMethodAccessorImpl.invoke(DelegatingMethodAccessorImpl.java:43)
	at java.base/java.lang.reflect.Method.invoke(Method.java:564)
	at org.testng.internal.MethodInvocationHelper.invokeMethod(MethodInvocationHelper.java:108)
	at org.testng.internal.Invoker.invokeMethod(Invoker.java:661)
	at org.testng.internal.Invoker.invokeTestMethod(Invoker.java:869)
	at org.testng.internal.Invoker.invokeTestMethods(Invoker.java:1193)
	at org.testng.internal.TestMethodWorker.invokeTestMethods(TestMethodWorker.java:126)
	at org.testng.internal.TestMethodWorker.run(TestMethodWorker.java:109)
	at org.testng.TestRunner.privateRun(TestRunner.java:744)
	at org.testng.TestRunner.run(TestRunner.java:602)
	at org.testng.SuiteRunner.runTest(SuiteRunner.java:380)
	at org.testng.SuiteRunner.runSequentially(SuiteRunner.java:375)
	at org.testng.SuiteRunner.privateRun(SuiteRunner.java:340)
	at org.testng.SuiteRunner.run(SuiteRunner.java:289)
	at org.testng.SuiteRunnerWorker.runSuite(SuiteRunnerWorker.java:52)
	at org.testng.SuiteRunnerWorker.run(SuiteRunnerWorker.java:86)
	at org.testng.TestNG.runSuitesSequentially(TestNG.java:1301)
	at org.testng.TestNG.runSuitesSequentially(TestNG.java:1297)
	at org.testng.TestNG.runSuitesLocally(TestNG.java:1226)
	at org.testng.TestNG.runSuites(TestNG.java:1144)
	at org.testng.TestNG.run(TestNG.java:1115)
	at org.apache.maven.surefire.testng.TestNGExecutor.run(TestNGExecutor.java:283)
	at org.apache.maven.surefire.testng.TestNGXmlTestSuite.execute(TestNGXmlTestSuite.java:75)
	at org.apache.maven.surefire.testng.TestNGProvider.invoke(TestNGProvider.java:120)
	at org.apache.maven.surefire.booter.ForkedBooter.invokeProviderInSameClassLoader(ForkedBooter.java:384)
	at org.apache.maven.surefire.booter.ForkedBooter.runSuitesInProcess(ForkedBooter.java:345)
	at org.apache.maven.surefire.booter.ForkedBooter.execute(ForkedBooter.java:126)
	at org.apache.maven.surefire.booter.ForkedBooter.main(ForkedBooter.java:418)
</pre></div></td>
<td>4</td>
<td>AASProductTestCase.AASProductTest.qa.testcases.PTSettingPageTest@4f83df68</td></tr>
<tr>
<td title='AASProductTestCase.AASProductTest.qa.testcases.PTSettingPageTest.PTSettingMAPositiveTest01()'><b>PTSettingMAPositiveTest01</b><br>Test class: AASProductTestCase.AASProductTest.qa.testcases.PTSettingPageTest<br>Parameters: 12, Netent Slot, org.testng.TestRunner@2d11e25a</td>
<td><div><pre>java.lang.StringIndexOutOfBoundsException: begin 0, end -2, length 4
	at java.base/java.lang.String.checkBoundsBeginEnd(String.java:3756)
	at java.base/java.lang.String.substring(String.java:1902)
	at AASProductTestCase.AASProductTest.qa.pages.PTSettingPage.getGivenPTResultAG(PTSettingPage.java:548)
	at AASProductTestCase.AASProductTest.qa.testcases.PTSettingPageTest.PTSettingMAPositiveTest01(PTSettingPageTest.java:331)
... Removed 30 stack frames</pre></div><a href='#' onClick='toggleBox("stack-trace1507671667", this, "Click to show all stack frames", "Click to hide stack frames")'>Click to show all stack frames</a>
<div class='stack-trace' id='stack-trace1507671667'><pre>java.lang.StringIndexOutOfBoundsException: begin 0, end -2, length 4
	at java.base/java.lang.String.checkBoundsBeginEnd(String.java:3756)
	at java.base/java.lang.String.substring(String.java:1902)
	at AASProductTestCase.AASProductTest.qa.pages.PTSettingPage.getGivenPTResultAG(PTSettingPage.java:548)
	at AASProductTestCase.AASProductTest.qa.testcases.PTSettingPageTest.PTSettingMAPositiveTest01(PTSettingPageTest.java:331)
	at java.base/jdk.internal.reflect.NativeMethodAccessorImpl.invoke0(Native Method)
	at java.base/jdk.internal.reflect.NativeMethodAccessorImpl.invoke(NativeMethodAccessorImpl.java:62)
	at java.base/jdk.internal.reflect.DelegatingMethodAccessorImpl.invoke(DelegatingMethodAccessorImpl.java:43)
	at java.base/java.lang.reflect.Method.invoke(Method.java:564)
	at org.testng.internal.MethodInvocationHelper.invokeMethod(MethodInvocationHelper.java:108)
	at org.testng.internal.Invoker.invokeMethod(Invoker.java:661)
	at org.testng.internal.Invoker.invokeTestMethod(Invoker.java:869)
	at org.testng.internal.Invoker.invokeTestMethods(Invoker.java:1193)
	at org.testng.internal.TestMethodWorker.invokeTestMethods(TestMethodWorker.java:126)
	at org.testng.internal.TestMethodWorker.run(TestMethodWorker.java:109)
	at org.testng.TestRunner.privateRun(TestRunner.java:744)
	at org.testng.TestRunner.run(TestRunner.java:602)
	at org.testng.SuiteRunner.runTest(SuiteRunner.java:380)
	at org.testng.SuiteRunner.runSequentially(SuiteRunner.java:375)
	at org.testng.SuiteRunner.privateRun(SuiteRunner.java:340)
	at org.testng.SuiteRunner.run(SuiteRunner.java:289)
	at org.testng.SuiteRunnerWorker.runSuite(SuiteRunnerWorker.java:52)
	at org.testng.SuiteRunnerWorker.run(SuiteRunnerWorker.java:86)
	at org.testng.TestNG.runSuitesSequentially(TestNG.java:1301)
	at org.testng.TestNG.runSuitesSequentially(TestNG.java:1297)
	at org.testng.TestNG.runSuitesLocally(TestNG.java:1226)
	at org.testng.TestNG.runSuites(TestNG.java:1144)
	at org.testng.TestNG.run(TestNG.java:1115)
	at org.apache.maven.surefire.testng.TestNGExecutor.run(TestNGExecutor.java:283)
	at org.apache.maven.surefire.testng.TestNGXmlTestSuite.execute(TestNGXmlTestSuite.java:75)
	at org.apache.maven.surefire.testng.TestNGProvider.invoke(TestNGProvider.java:120)
	at org.apache.maven.surefire.booter.ForkedBooter.invokeProviderInSameClassLoader(ForkedBooter.java:384)
	at org.apache.maven.surefire.booter.ForkedBooter.runSuitesInProcess(ForkedBooter.java:345)
	at org.apache.maven.surefire.booter.ForkedBooter.execute(ForkedBooter.java:126)
	at org.apache.maven.surefire.booter.ForkedBooter.main(ForkedBooter.java:418)
</pre></div></td>
<td>4</td>
<td>AASProductTestCase.AASProductTest.qa.testcases.PTSettingPageTest@4f83df68</td></tr>
<tr>
<td title='AASProductTestCase.AASProductTest.qa.testcases.PTSettingPageTest.PTSettingMAPositiveTest01()'><b>PTSettingMAPositiveTest01</b><br>Test class: AASProductTestCase.AASProductTest.qa.testcases.PTSettingPageTest<br>Parameters: 13, Quicksipn Slot, org.testng.TestRunner@2d11e25a</td>
<td><div><pre>java.lang.StringIndexOutOfBoundsException: begin 0, end -2, length 4
	at java.base/java.lang.String.checkBoundsBeginEnd(String.java:3756)
	at java.base/java.lang.String.substring(String.java:1902)
	at AASProductTestCase.AASProductTest.qa.pages.PTSettingPage.getGivenPTResultAG(PTSettingPage.java:548)
	at AASProductTestCase.AASProductTest.qa.testcases.PTSettingPageTest.PTSettingMAPositiveTest01(PTSettingPageTest.java:331)
... Removed 30 stack frames</pre></div><a href='#' onClick='toggleBox("stack-trace729016662", this, "Click to show all stack frames", "Click to hide stack frames")'>Click to show all stack frames</a>
<div class='stack-trace' id='stack-trace729016662'><pre>java.lang.StringIndexOutOfBoundsException: begin 0, end -2, length 4
	at java.base/java.lang.String.checkBoundsBeginEnd(String.java:3756)
	at java.base/java.lang.String.substring(String.java:1902)
	at AASProductTestCase.AASProductTest.qa.pages.PTSettingPage.getGivenPTResultAG(PTSettingPage.java:548)
	at AASProductTestCase.AASProductTest.qa.testcases.PTSettingPageTest.PTSettingMAPositiveTest01(PTSettingPageTest.java:331)
	at java.base/jdk.internal.reflect.NativeMethodAccessorImpl.invoke0(Native Method)
	at java.base/jdk.internal.reflect.NativeMethodAccessorImpl.invoke(NativeMethodAccessorImpl.java:62)
	at java.base/jdk.internal.reflect.DelegatingMethodAccessorImpl.invoke(DelegatingMethodAccessorImpl.java:43)
	at java.base/java.lang.reflect.Method.invoke(Method.java:564)
	at org.testng.internal.MethodInvocationHelper.invokeMethod(MethodInvocationHelper.java:108)
	at org.testng.internal.Invoker.invokeMethod(Invoker.java:661)
	at org.testng.internal.Invoker.invokeTestMethod(Invoker.java:869)
	at org.testng.internal.Invoker.invokeTestMethods(Invoker.java:1193)
	at org.testng.internal.TestMethodWorker.invokeTestMethods(TestMethodWorker.java:126)
	at org.testng.internal.TestMethodWorker.run(TestMethodWorker.java:109)
	at org.testng.TestRunner.privateRun(TestRunner.java:744)
	at org.testng.TestRunner.run(TestRunner.java:602)
	at org.testng.SuiteRunner.runTest(SuiteRunner.java:380)
	at org.testng.SuiteRunner.runSequentially(SuiteRunner.java:375)
	at org.testng.SuiteRunner.privateRun(SuiteRunner.java:340)
	at org.testng.SuiteRunner.run(SuiteRunner.java:289)
	at org.testng.SuiteRunnerWorker.runSuite(SuiteRunnerWorker.java:52)
	at org.testng.SuiteRunnerWorker.run(SuiteRunnerWorker.java:86)
	at org.testng.TestNG.runSuitesSequentially(TestNG.java:1301)
	at org.testng.TestNG.runSuitesSequentially(TestNG.java:1297)
	at org.testng.TestNG.runSuitesLocally(TestNG.java:1226)
	at org.testng.TestNG.runSuites(TestNG.java:1144)
	at org.testng.TestNG.run(TestNG.java:1115)
	at org.apache.maven.surefire.testng.TestNGExecutor.run(TestNGExecutor.java:283)
	at org.apache.maven.surefire.testng.TestNGXmlTestSuite.execute(TestNGXmlTestSuite.java:75)
	at org.apache.maven.surefire.testng.TestNGProvider.invoke(TestNGProvider.java:120)
	at org.apache.maven.surefire.booter.ForkedBooter.invokeProviderInSameClassLoader(ForkedBooter.java:384)
	at org.apache.maven.surefire.booter.ForkedBooter.runSuitesInProcess(ForkedBooter.java:345)
	at org.apache.maven.surefire.booter.ForkedBooter.execute(ForkedBooter.java:126)
	at org.apache.maven.surefire.booter.ForkedBooter.main(ForkedBooter.java:418)
</pre></div></td>
<td>4</td>
<td>AASProductTestCase.AASProductTest.qa.testcases.PTSettingPageTest@4f83df68</td></tr>
<tr>
<td title='AASProductTestCase.AASProductTest.qa.testcases.PTSettingPageTest.PTSettingMAPositiveTest01()'><b>PTSettingMAPositiveTest01</b><br>Test class: AASProductTestCase.AASProductTest.qa.testcases.PTSettingPageTest<br>Parameters: 14, Spade Gaming Slot, org.testng.TestRunner@2d11e25a</td>
<td><div><pre>java.lang.StringIndexOutOfBoundsException: begin 0, end -2, length 4
	at java.base/java.lang.String.checkBoundsBeginEnd(String.java:3756)
	at java.base/java.lang.String.substring(String.java:1902)
	at AASProductTestCase.AASProductTest.qa.pages.PTSettingPage.getGivenPTResultAG(PTSettingPage.java:548)
	at AASProductTestCase.AASProductTest.qa.testcases.PTSettingPageTest.PTSettingMAPositiveTest01(PTSettingPageTest.java:331)
... Removed 30 stack frames</pre></div><a href='#' onClick='toggleBox("stack-trace594114070", this, "Click to show all stack frames", "Click to hide stack frames")'>Click to show all stack frames</a>
<div class='stack-trace' id='stack-trace594114070'><pre>java.lang.StringIndexOutOfBoundsException: begin 0, end -2, length 4
	at java.base/java.lang.String.checkBoundsBeginEnd(String.java:3756)
	at java.base/java.lang.String.substring(String.java:1902)
	at AASProductTestCase.AASProductTest.qa.pages.PTSettingPage.getGivenPTResultAG(PTSettingPage.java:548)
	at AASProductTestCase.AASProductTest.qa.testcases.PTSettingPageTest.PTSettingMAPositiveTest01(PTSettingPageTest.java:331)
	at java.base/jdk.internal.reflect.NativeMethodAccessorImpl.invoke0(Native Method)
	at java.base/jdk.internal.reflect.NativeMethodAccessorImpl.invoke(NativeMethodAccessorImpl.java:62)
	at java.base/jdk.internal.reflect.DelegatingMethodAccessorImpl.invoke(DelegatingMethodAccessorImpl.java:43)
	at java.base/java.lang.reflect.Method.invoke(Method.java:564)
	at org.testng.internal.MethodInvocationHelper.invokeMethod(MethodInvocationHelper.java:108)
	at org.testng.internal.Invoker.invokeMethod(Invoker.java:661)
	at org.testng.internal.Invoker.invokeTestMethod(Invoker.java:869)
	at org.testng.internal.Invoker.invokeTestMethods(Invoker.java:1193)
	at org.testng.internal.TestMethodWorker.invokeTestMethods(TestMethodWorker.java:126)
	at org.testng.internal.TestMethodWorker.run(TestMethodWorker.java:109)
	at org.testng.TestRunner.privateRun(TestRunner.java:744)
	at org.testng.TestRunner.run(TestRunner.java:602)
	at org.testng.SuiteRunner.runTest(SuiteRunner.java:380)
	at org.testng.SuiteRunner.runSequentially(SuiteRunner.java:375)
	at org.testng.SuiteRunner.privateRun(SuiteRunner.java:340)
	at org.testng.SuiteRunner.run(SuiteRunner.java:289)
	at org.testng.SuiteRunnerWorker.runSuite(SuiteRunnerWorker.java:52)
	at org.testng.SuiteRunnerWorker.run(SuiteRunnerWorker.java:86)
	at org.testng.TestNG.runSuitesSequentially(TestNG.java:1301)
	at org.testng.TestNG.runSuitesSequentially(TestNG.java:1297)
	at org.testng.TestNG.runSuitesLocally(TestNG.java:1226)
	at org.testng.TestNG.runSuites(TestNG.java:1144)
	at org.testng.TestNG.run(TestNG.java:1115)
	at org.apache.maven.surefire.testng.TestNGExecutor.run(TestNGExecutor.java:283)
	at org.apache.maven.surefire.testng.TestNGXmlTestSuite.execute(TestNGXmlTestSuite.java:75)
	at org.apache.maven.surefire.testng.TestNGProvider.invoke(TestNGProvider.java:120)
	at org.apache.maven.surefire.booter.ForkedBooter.invokeProviderInSameClassLoader(ForkedBooter.java:384)
	at org.apache.maven.surefire.booter.ForkedBooter.runSuitesInProcess(ForkedBooter.java:345)
	at org.apache.maven.surefire.booter.ForkedBooter.execute(ForkedBooter.java:126)
	at org.apache.maven.surefire.booter.ForkedBooter.main(ForkedBooter.java:418)
</pre></div></td>
<td>4</td>
<td>AASProductTestCase.AASProductTest.qa.testcases.PTSettingPageTest@4f83df68</td></tr>
<tr>
<td title='AASProductTestCase.AASProductTest.qa.testcases.PTSettingPageTest.PTSettingMAPositiveTest01()'><b>PTSettingMAPositiveTest01</b><br>Test class: AASProductTestCase.AASProductTest.qa.testcases.PTSettingPageTest<br>Parameters: 15, Play n Go, org.testng.TestRunner@2d11e25a</td>
<td><div><pre>java.lang.StringIndexOutOfBoundsException: begin 0, end -2, length 4
	at java.base/java.lang.String.checkBoundsBeginEnd(String.java:3756)
	at java.base/java.lang.String.substring(String.java:1902)
	at AASProductTestCase.AASProductTest.qa.pages.PTSettingPage.getGivenPTResultAG(PTSettingPage.java:548)
	at AASProductTestCase.AASProductTest.qa.testcases.PTSettingPageTest.PTSettingMAPositiveTest01(PTSettingPageTest.java:331)
... Removed 30 stack frames</pre></div><a href='#' onClick='toggleBox("stack-trace1618178090", this, "Click to show all stack frames", "Click to hide stack frames")'>Click to show all stack frames</a>
<div class='stack-trace' id='stack-trace1618178090'><pre>java.lang.StringIndexOutOfBoundsException: begin 0, end -2, length 4
	at java.base/java.lang.String.checkBoundsBeginEnd(String.java:3756)
	at java.base/java.lang.String.substring(String.java:1902)
	at AASProductTestCase.AASProductTest.qa.pages.PTSettingPage.getGivenPTResultAG(PTSettingPage.java:548)
	at AASProductTestCase.AASProductTest.qa.testcases.PTSettingPageTest.PTSettingMAPositiveTest01(PTSettingPageTest.java:331)
	at java.base/jdk.internal.reflect.NativeMethodAccessorImpl.invoke0(Native Method)
	at java.base/jdk.internal.reflect.NativeMethodAccessorImpl.invoke(NativeMethodAccessorImpl.java:62)
	at java.base/jdk.internal.reflect.DelegatingMethodAccessorImpl.invoke(DelegatingMethodAccessorImpl.java:43)
	at java.base/java.lang.reflect.Method.invoke(Method.java:564)
	at org.testng.internal.MethodInvocationHelper.invokeMethod(MethodInvocationHelper.java:108)
	at org.testng.internal.Invoker.invokeMethod(Invoker.java:661)
	at org.testng.internal.Invoker.invokeTestMethod(Invoker.java:869)
	at org.testng.internal.Invoker.invokeTestMethods(Invoker.java:1193)
	at org.testng.internal.TestMethodWorker.invokeTestMethods(TestMethodWorker.java:126)
	at org.testng.internal.TestMethodWorker.run(TestMethodWorker.java:109)
	at org.testng.TestRunner.privateRun(TestRunner.java:744)
	at org.testng.TestRunner.run(TestRunner.java:602)
	at org.testng.SuiteRunner.runTest(SuiteRunner.java:380)
	at org.testng.SuiteRunner.runSequentially(SuiteRunner.java:375)
	at org.testng.SuiteRunner.privateRun(SuiteRunner.java:340)
	at org.testng.SuiteRunner.run(SuiteRunner.java:289)
	at org.testng.SuiteRunnerWorker.runSuite(SuiteRunnerWorker.java:52)
	at org.testng.SuiteRunnerWorker.run(SuiteRunnerWorker.java:86)
	at org.testng.TestNG.runSuitesSequentially(TestNG.java:1301)
	at org.testng.TestNG.runSuitesSequentially(TestNG.java:1297)
	at org.testng.TestNG.runSuitesLocally(TestNG.java:1226)
	at org.testng.TestNG.runSuites(TestNG.java:1144)
	at org.testng.TestNG.run(TestNG.java:1115)
	at org.apache.maven.surefire.testng.TestNGExecutor.run(TestNGExecutor.java:283)
	at org.apache.maven.surefire.testng.TestNGXmlTestSuite.execute(TestNGXmlTestSuite.java:75)
	at org.apache.maven.surefire.testng.TestNGProvider.invoke(TestNGProvider.java:120)
	at org.apache.maven.surefire.booter.ForkedBooter.invokeProviderInSameClassLoader(ForkedBooter.java:384)
	at org.apache.maven.surefire.booter.ForkedBooter.runSuitesInProcess(ForkedBooter.java:345)
	at org.apache.maven.surefire.booter.ForkedBooter.execute(ForkedBooter.java:126)
	at org.apache.maven.surefire.booter.ForkedBooter.main(ForkedBooter.java:418)
</pre></div></td>
<td>4</td>
<td>AASProductTestCase.AASProductTest.qa.testcases.PTSettingPageTest@4f83df68</td></tr>
<tr>
<td title='AASProductTestCase.AASProductTest.qa.testcases.PTSettingPageTest.PTSettingMAPositiveTest02()'><b>PTSettingMAPositiveTest02</b><br>Test class: AASProductTestCase.AASProductTest.qa.testcases.PTSettingPageTest<br>Parameters: 1, Evolution, org.testng.TestRunner@2d11e25a</td>
<td><div><pre>java.lang.StringIndexOutOfBoundsException: begin 0, end -2, length 2
	at java.base/java.lang.String.checkBoundsBeginEnd(String.java:3756)
	at java.base/java.lang.String.substring(String.java:1902)
	at AASProductTestCase.AASProductTest.qa.pages.PTSettingPage.getGivenPTResultAG(PTSettingPage.java:548)
	at AASProductTestCase.AASProductTest.qa.testcases.PTSettingPageTest.PTSettingMAPositiveTest02(PTSettingPageTest.java:376)
... Removed 30 stack frames</pre></div><a href='#' onClick='toggleBox("stack-trace2119224061", this, "Click to show all stack frames", "Click to hide stack frames")'>Click to show all stack frames</a>
<div class='stack-trace' id='stack-trace2119224061'><pre>java.lang.StringIndexOutOfBoundsException: begin 0, end -2, length 2
	at java.base/java.lang.String.checkBoundsBeginEnd(String.java:3756)
	at java.base/java.lang.String.substring(String.java:1902)
	at AASProductTestCase.AASProductTest.qa.pages.PTSettingPage.getGivenPTResultAG(PTSettingPage.java:548)
	at AASProductTestCase.AASProductTest.qa.testcases.PTSettingPageTest.PTSettingMAPositiveTest02(PTSettingPageTest.java:376)
	at java.base/jdk.internal.reflect.NativeMethodAccessorImpl.invoke0(Native Method)
	at java.base/jdk.internal.reflect.NativeMethodAccessorImpl.invoke(NativeMethodAccessorImpl.java:62)
	at java.base/jdk.internal.reflect.DelegatingMethodAccessorImpl.invoke(DelegatingMethodAccessorImpl.java:43)
	at java.base/java.lang.reflect.Method.invoke(Method.java:564)
	at org.testng.internal.MethodInvocationHelper.invokeMethod(MethodInvocationHelper.java:108)
	at org.testng.internal.Invoker.invokeMethod(Invoker.java:661)
	at org.testng.internal.Invoker.invokeTestMethod(Invoker.java:869)
	at org.testng.internal.Invoker.invokeTestMethods(Invoker.java:1193)
	at org.testng.internal.TestMethodWorker.invokeTestMethods(TestMethodWorker.java:126)
	at org.testng.internal.TestMethodWorker.run(TestMethodWorker.java:109)
	at org.testng.TestRunner.privateRun(TestRunner.java:744)
	at org.testng.TestRunner.run(TestRunner.java:602)
	at org.testng.SuiteRunner.runTest(SuiteRunner.java:380)
	at org.testng.SuiteRunner.runSequentially(SuiteRunner.java:375)
	at org.testng.SuiteRunner.privateRun(SuiteRunner.java:340)
	at org.testng.SuiteRunner.run(SuiteRunner.java:289)
	at org.testng.SuiteRunnerWorker.runSuite(SuiteRunnerWorker.java:52)
	at org.testng.SuiteRunnerWorker.run(SuiteRunnerWorker.java:86)
	at org.testng.TestNG.runSuitesSequentially(TestNG.java:1301)
	at org.testng.TestNG.runSuitesSequentially(TestNG.java:1297)
	at org.testng.TestNG.runSuitesLocally(TestNG.java:1226)
	at org.testng.TestNG.runSuites(TestNG.java:1144)
	at org.testng.TestNG.run(TestNG.java:1115)
	at org.apache.maven.surefire.testng.TestNGExecutor.run(TestNGExecutor.java:283)
	at org.apache.maven.surefire.testng.TestNGXmlTestSuite.execute(TestNGXmlTestSuite.java:75)
	at org.apache.maven.surefire.testng.TestNGProvider.invoke(TestNGProvider.java:120)
	at org.apache.maven.surefire.booter.ForkedBooter.invokeProviderInSameClassLoader(ForkedBooter.java:384)
	at org.apache.maven.surefire.booter.ForkedBooter.runSuitesInProcess(ForkedBooter.java:345)
	at org.apache.maven.surefire.booter.ForkedBooter.execute(ForkedBooter.java:126)
	at org.apache.maven.surefire.booter.ForkedBooter.main(ForkedBooter.java:418)
</pre></div></td>
<td>1</td>
<td>AASProductTestCase.AASProductTest.qa.testcases.PTSettingPageTest@4f83df68</td></tr>
<tr>
<td title='AASProductTestCase.AASProductTest.qa.testcases.PTSettingPageTest.PTSettingMAPositiveTest02()'><b>PTSettingMAPositiveTest02</b><br>Test class: AASProductTestCase.AASProductTest.qa.testcases.PTSettingPageTest<br>Parameters: 2, Big Gaming, org.testng.TestRunner@2d11e25a</td>
<td><div><pre>java.lang.StringIndexOutOfBoundsException: begin 0, end -2, length 2
	at java.base/java.lang.String.checkBoundsBeginEnd(String.java:3756)
	at java.base/java.lang.String.substring(String.java:1902)
	at AASProductTestCase.AASProductTest.qa.pages.PTSettingPage.getGivenPTResultAG(PTSettingPage.java:548)
	at AASProductTestCase.AASProductTest.qa.testcases.PTSettingPageTest.PTSettingMAPositiveTest02(PTSettingPageTest.java:376)
... Removed 30 stack frames</pre></div><a href='#' onClick='toggleBox("stack-trace2075922958", this, "Click to show all stack frames", "Click to hide stack frames")'>Click to show all stack frames</a>
<div class='stack-trace' id='stack-trace2075922958'><pre>java.lang.StringIndexOutOfBoundsException: begin 0, end -2, length 2
	at java.base/java.lang.String.checkBoundsBeginEnd(String.java:3756)
	at java.base/java.lang.String.substring(String.java:1902)
	at AASProductTestCase.AASProductTest.qa.pages.PTSettingPage.getGivenPTResultAG(PTSettingPage.java:548)
	at AASProductTestCase.AASProductTest.qa.testcases.PTSettingPageTest.PTSettingMAPositiveTest02(PTSettingPageTest.java:376)
	at java.base/jdk.internal.reflect.NativeMethodAccessorImpl.invoke0(Native Method)
	at java.base/jdk.internal.reflect.NativeMethodAccessorImpl.invoke(NativeMethodAccessorImpl.java:62)
	at java.base/jdk.internal.reflect.DelegatingMethodAccessorImpl.invoke(DelegatingMethodAccessorImpl.java:43)
	at java.base/java.lang.reflect.Method.invoke(Method.java:564)
	at org.testng.internal.MethodInvocationHelper.invokeMethod(MethodInvocationHelper.java:108)
	at org.testng.internal.Invoker.invokeMethod(Invoker.java:661)
	at org.testng.internal.Invoker.invokeTestMethod(Invoker.java:869)
	at org.testng.internal.Invoker.invokeTestMethods(Invoker.java:1193)
	at org.testng.internal.TestMethodWorker.invokeTestMethods(TestMethodWorker.java:126)
	at org.testng.internal.TestMethodWorker.run(TestMethodWorker.java:109)
	at org.testng.TestRunner.privateRun(TestRunner.java:744)
	at org.testng.TestRunner.run(TestRunner.java:602)
	at org.testng.SuiteRunner.runTest(SuiteRunner.java:380)
	at org.testng.SuiteRunner.runSequentially(SuiteRunner.java:375)
	at org.testng.SuiteRunner.privateRun(SuiteRunner.java:340)
	at org.testng.SuiteRunner.run(SuiteRunner.java:289)
	at org.testng.SuiteRunnerWorker.runSuite(SuiteRunnerWorker.java:52)
	at org.testng.SuiteRunnerWorker.run(SuiteRunnerWorker.java:86)
	at org.testng.TestNG.runSuitesSequentially(TestNG.java:1301)
	at org.testng.TestNG.runSuitesSequentially(TestNG.java:1297)
	at org.testng.TestNG.runSuitesLocally(TestNG.java:1226)
	at org.testng.TestNG.runSuites(TestNG.java:1144)
	at org.testng.TestNG.run(TestNG.java:1115)
	at org.apache.maven.surefire.testng.TestNGExecutor.run(TestNGExecutor.java:283)
	at org.apache.maven.surefire.testng.TestNGXmlTestSuite.execute(TestNGXmlTestSuite.java:75)
	at org.apache.maven.surefire.testng.TestNGProvider.invoke(TestNGProvider.java:120)
	at org.apache.maven.surefire.booter.ForkedBooter.invokeProviderInSameClassLoader(ForkedBooter.java:384)
	at org.apache.maven.surefire.booter.ForkedBooter.runSuitesInProcess(ForkedBooter.java:345)
	at org.apache.maven.surefire.booter.ForkedBooter.execute(ForkedBooter.java:126)
	at org.apache.maven.surefire.booter.ForkedBooter.main(ForkedBooter.java:418)
</pre></div></td>
<td>1</td>
<td>AASProductTestCase.AASProductTest.qa.testcases.PTSettingPageTest@4f83df68</td></tr>
<tr>
<td title='AASProductTestCase.AASProductTest.qa.testcases.PTSettingPageTest.PTSettingMAPositiveTest02()'><b>PTSettingMAPositiveTest02</b><br>Test class: AASProductTestCase.AASProductTest.qa.testcases.PTSettingPageTest<br>Parameters: 3, Micro Gaming, org.testng.TestRunner@2d11e25a</td>
<td><div><pre>java.lang.StringIndexOutOfBoundsException: begin 0, end -2, length 2
	at java.base/java.lang.String.checkBoundsBeginEnd(String.java:3756)
	at java.base/java.lang.String.substring(String.java:1902)
	at AASProductTestCase.AASProductTest.qa.pages.PTSettingPage.getGivenPTResultAG(PTSettingPage.java:548)
	at AASProductTestCase.AASProductTest.qa.testcases.PTSettingPageTest.PTSettingMAPositiveTest02(PTSettingPageTest.java:376)
... Removed 30 stack frames</pre></div><a href='#' onClick='toggleBox("stack-trace1380882881", this, "Click to show all stack frames", "Click to hide stack frames")'>Click to show all stack frames</a>
<div class='stack-trace' id='stack-trace1380882881'><pre>java.lang.StringIndexOutOfBoundsException: begin 0, end -2, length 2
	at java.base/java.lang.String.checkBoundsBeginEnd(String.java:3756)
	at java.base/java.lang.String.substring(String.java:1902)
	at AASProductTestCase.AASProductTest.qa.pages.PTSettingPage.getGivenPTResultAG(PTSettingPage.java:548)
	at AASProductTestCase.AASProductTest.qa.testcases.PTSettingPageTest.PTSettingMAPositiveTest02(PTSettingPageTest.java:376)
	at java.base/jdk.internal.reflect.NativeMethodAccessorImpl.invoke0(Native Method)
	at java.base/jdk.internal.reflect.NativeMethodAccessorImpl.invoke(NativeMethodAccessorImpl.java:62)
	at java.base/jdk.internal.reflect.DelegatingMethodAccessorImpl.invoke(DelegatingMethodAccessorImpl.java:43)
	at java.base/java.lang.reflect.Method.invoke(Method.java:564)
	at org.testng.internal.MethodInvocationHelper.invokeMethod(MethodInvocationHelper.java:108)
	at org.testng.internal.Invoker.invokeMethod(Invoker.java:661)
	at org.testng.internal.Invoker.invokeTestMethod(Invoker.java:869)
	at org.testng.internal.Invoker.invokeTestMethods(Invoker.java:1193)
	at org.testng.internal.TestMethodWorker.invokeTestMethods(TestMethodWorker.java:126)
	at org.testng.internal.TestMethodWorker.run(TestMethodWorker.java:109)
	at org.testng.TestRunner.privateRun(TestRunner.java:744)
	at org.testng.TestRunner.run(TestRunner.java:602)
	at org.testng.SuiteRunner.runTest(SuiteRunner.java:380)
	at org.testng.SuiteRunner.runSequentially(SuiteRunner.java:375)
	at org.testng.SuiteRunner.privateRun(SuiteRunner.java:340)
	at org.testng.SuiteRunner.run(SuiteRunner.java:289)
	at org.testng.SuiteRunnerWorker.runSuite(SuiteRunnerWorker.java:52)
	at org.testng.SuiteRunnerWorker.run(SuiteRunnerWorker.java:86)
	at org.testng.TestNG.runSuitesSequentially(TestNG.java:1301)
	at org.testng.TestNG.runSuitesSequentially(TestNG.java:1297)
	at org.testng.TestNG.runSuitesLocally(TestNG.java:1226)
	at org.testng.TestNG.runSuites(TestNG.java:1144)
	at org.testng.TestNG.run(TestNG.java:1115)
	at org.apache.maven.surefire.testng.TestNGExecutor.run(TestNGExecutor.java:283)
	at org.apache.maven.surefire.testng.TestNGXmlTestSuite.execute(TestNGXmlTestSuite.java:75)
	at org.apache.maven.surefire.testng.TestNGProvider.invoke(TestNGProvider.java:120)
	at org.apache.maven.surefire.booter.ForkedBooter.invokeProviderInSameClassLoader(ForkedBooter.java:384)
	at org.apache.maven.surefire.booter.ForkedBooter.runSuitesInProcess(ForkedBooter.java:345)
	at org.apache.maven.surefire.booter.ForkedBooter.execute(ForkedBooter.java:126)
	at org.apache.maven.surefire.booter.ForkedBooter.main(ForkedBooter.java:418)
</pre></div></td>
<td>1</td>
<td>AASProductTestCase.AASProductTest.qa.testcases.PTSettingPageTest@4f83df68</td></tr>
<tr>
<td title='AASProductTestCase.AASProductTest.qa.testcases.PTSettingPageTest.PTSettingMAPositiveTest02()'><b>PTSettingMAPositiveTest02</b><br>Test class: AASProductTestCase.AASProductTest.qa.testcases.PTSettingPageTest<br>Parameters: 4, Asia Gaming, org.testng.TestRunner@2d11e25a</td>
<td><div><pre>java.lang.StringIndexOutOfBoundsException: begin 0, end -2, length 2
	at java.base/java.lang.String.checkBoundsBeginEnd(String.java:3756)
	at java.base/java.lang.String.substring(String.java:1902)
	at AASProductTestCase.AASProductTest.qa.pages.PTSettingPage.getGivenPTResultAG(PTSettingPage.java:548)
	at AASProductTestCase.AASProductTest.qa.testcases.PTSettingPageTest.PTSettingMAPositiveTest02(PTSettingPageTest.java:376)
... Removed 30 stack frames</pre></div><a href='#' onClick='toggleBox("stack-trace1686520000", this, "Click to show all stack frames", "Click to hide stack frames")'>Click to show all stack frames</a>
<div class='stack-trace' id='stack-trace1686520000'><pre>java.lang.StringIndexOutOfBoundsException: begin 0, end -2, length 2
	at java.base/java.lang.String.checkBoundsBeginEnd(String.java:3756)
	at java.base/java.lang.String.substring(String.java:1902)
	at AASProductTestCase.AASProductTest.qa.pages.PTSettingPage.getGivenPTResultAG(PTSettingPage.java:548)
	at AASProductTestCase.AASProductTest.qa.testcases.PTSettingPageTest.PTSettingMAPositiveTest02(PTSettingPageTest.java:376)
	at java.base/jdk.internal.reflect.NativeMethodAccessorImpl.invoke0(Native Method)
	at java.base/jdk.internal.reflect.NativeMethodAccessorImpl.invoke(NativeMethodAccessorImpl.java:62)
	at java.base/jdk.internal.reflect.DelegatingMethodAccessorImpl.invoke(DelegatingMethodAccessorImpl.java:43)
	at java.base/java.lang.reflect.Method.invoke(Method.java:564)
	at org.testng.internal.MethodInvocationHelper.invokeMethod(MethodInvocationHelper.java:108)
	at org.testng.internal.Invoker.invokeMethod(Invoker.java:661)
	at org.testng.internal.Invoker.invokeTestMethod(Invoker.java:869)
	at org.testng.internal.Invoker.invokeTestMethods(Invoker.java:1193)
	at org.testng.internal.TestMethodWorker.invokeTestMethods(TestMethodWorker.java:126)
	at org.testng.internal.TestMethodWorker.run(TestMethodWorker.java:109)
	at org.testng.TestRunner.privateRun(TestRunner.java:744)
	at org.testng.TestRunner.run(TestRunner.java:602)
	at org.testng.SuiteRunner.runTest(SuiteRunner.java:380)
	at org.testng.SuiteRunner.runSequentially(SuiteRunner.java:375)
	at org.testng.SuiteRunner.privateRun(SuiteRunner.java:340)
	at org.testng.SuiteRunner.run(SuiteRunner.java:289)
	at org.testng.SuiteRunnerWorker.runSuite(SuiteRunnerWorker.java:52)
	at org.testng.SuiteRunnerWorker.run(SuiteRunnerWorker.java:86)
	at org.testng.TestNG.runSuitesSequentially(TestNG.java:1301)
	at org.testng.TestNG.runSuitesSequentially(TestNG.java:1297)
	at org.testng.TestNG.runSuitesLocally(TestNG.java:1226)
	at org.testng.TestNG.runSuites(TestNG.java:1144)
	at org.testng.TestNG.run(TestNG.java:1115)
	at org.apache.maven.surefire.testng.TestNGExecutor.run(TestNGExecutor.java:283)
	at org.apache.maven.surefire.testng.TestNGXmlTestSuite.execute(TestNGXmlTestSuite.java:75)
	at org.apache.maven.surefire.testng.TestNGProvider.invoke(TestNGProvider.java:120)
	at org.apache.maven.surefire.booter.ForkedBooter.invokeProviderInSameClassLoader(ForkedBooter.java:384)
	at org.apache.maven.surefire.booter.ForkedBooter.runSuitesInProcess(ForkedBooter.java:345)
	at org.apache.maven.surefire.booter.ForkedBooter.execute(ForkedBooter.java:126)
	at org.apache.maven.surefire.booter.ForkedBooter.main(ForkedBooter.java:418)
</pre></div></td>
<td>1</td>
<td>AASProductTestCase.AASProductTest.qa.testcases.PTSettingPageTest@4f83df68</td></tr>
<tr>
<td title='AASProductTestCase.AASProductTest.qa.testcases.PTSettingPageTest.PTSettingMAPositiveTest02()'><b>PTSettingMAPositiveTest02</b><br>Test class: AASProductTestCase.AASProductTest.qa.testcases.PTSettingPageTest<br>Parameters: 5, Dream Gaming, org.testng.TestRunner@2d11e25a</td>
<td><div><pre>java.lang.StringIndexOutOfBoundsException: begin 0, end -2, length 2
	at java.base/java.lang.String.checkBoundsBeginEnd(String.java:3756)
	at java.base/java.lang.String.substring(String.java:1902)
	at AASProductTestCase.AASProductTest.qa.pages.PTSettingPage.getGivenPTResultAG(PTSettingPage.java:548)
	at AASProductTestCase.AASProductTest.qa.testcases.PTSettingPageTest.PTSettingMAPositiveTest02(PTSettingPageTest.java:376)
... Removed 30 stack frames</pre></div><a href='#' onClick='toggleBox("stack-trace902586547", this, "Click to show all stack frames", "Click to hide stack frames")'>Click to show all stack frames</a>
<div class='stack-trace' id='stack-trace902586547'><pre>java.lang.StringIndexOutOfBoundsException: begin 0, end -2, length 2
	at java.base/java.lang.String.checkBoundsBeginEnd(String.java:3756)
	at java.base/java.lang.String.substring(String.java:1902)
	at AASProductTestCase.AASProductTest.qa.pages.PTSettingPage.getGivenPTResultAG(PTSettingPage.java:548)
	at AASProductTestCase.AASProductTest.qa.testcases.PTSettingPageTest.PTSettingMAPositiveTest02(PTSettingPageTest.java:376)
	at java.base/jdk.internal.reflect.NativeMethodAccessorImpl.invoke0(Native Method)
	at java.base/jdk.internal.reflect.NativeMethodAccessorImpl.invoke(NativeMethodAccessorImpl.java:62)
	at java.base/jdk.internal.reflect.DelegatingMethodAccessorImpl.invoke(DelegatingMethodAccessorImpl.java:43)
	at java.base/java.lang.reflect.Method.invoke(Method.java:564)
	at org.testng.internal.MethodInvocationHelper.invokeMethod(MethodInvocationHelper.java:108)
	at org.testng.internal.Invoker.invokeMethod(Invoker.java:661)
	at org.testng.internal.Invoker.invokeTestMethod(Invoker.java:869)
	at org.testng.internal.Invoker.invokeTestMethods(Invoker.java:1193)
	at org.testng.internal.TestMethodWorker.invokeTestMethods(TestMethodWorker.java:126)
	at org.testng.internal.TestMethodWorker.run(TestMethodWorker.java:109)
	at org.testng.TestRunner.privateRun(TestRunner.java:744)
	at org.testng.TestRunner.run(TestRunner.java:602)
	at org.testng.SuiteRunner.runTest(SuiteRunner.java:380)
	at org.testng.SuiteRunner.runSequentially(SuiteRunner.java:375)
	at org.testng.SuiteRunner.privateRun(SuiteRunner.java:340)
	at org.testng.SuiteRunner.run(SuiteRunner.java:289)
	at org.testng.SuiteRunnerWorker.runSuite(SuiteRunnerWorker.java:52)
	at org.testng.SuiteRunnerWorker.run(SuiteRunnerWorker.java:86)
	at org.testng.TestNG.runSuitesSequentially(TestNG.java:1301)
	at org.testng.TestNG.runSuitesSequentially(TestNG.java:1297)
	at org.testng.TestNG.runSuitesLocally(TestNG.java:1226)
	at org.testng.TestNG.runSuites(TestNG.java:1144)
	at org.testng.TestNG.run(TestNG.java:1115)
	at org.apache.maven.surefire.testng.TestNGExecutor.run(TestNGExecutor.java:283)
	at org.apache.maven.surefire.testng.TestNGXmlTestSuite.execute(TestNGXmlTestSuite.java:75)
	at org.apache.maven.surefire.testng.TestNGProvider.invoke(TestNGProvider.java:120)
	at org.apache.maven.surefire.booter.ForkedBooter.invokeProviderInSameClassLoader(ForkedBooter.java:384)
	at org.apache.maven.surefire.booter.ForkedBooter.runSuitesInProcess(ForkedBooter.java:345)
	at org.apache.maven.surefire.booter.ForkedBooter.execute(ForkedBooter.java:126)
	at org.apache.maven.surefire.booter.ForkedBooter.main(ForkedBooter.java:418)
</pre></div></td>
<td>1</td>
<td>AASProductTestCase.AASProductTest.qa.testcases.PTSettingPageTest@4f83df68</td></tr>
<tr>
<td title='AASProductTestCase.AASProductTest.qa.testcases.PTSettingPageTest.PTSettingMAPositiveTest02()'><b>PTSettingMAPositiveTest02</b><br>Test class: AASProductTestCase.AASProductTest.qa.testcases.PTSettingPageTest<br>Parameters: 6, Paiza, org.testng.TestRunner@2d11e25a</td>
<td><div><pre>java.lang.StringIndexOutOfBoundsException: begin 0, end -2, length 2
	at java.base/java.lang.String.checkBoundsBeginEnd(String.java:3756)
	at java.base/java.lang.String.substring(String.java:1902)
	at AASProductTestCase.AASProductTest.qa.pages.PTSettingPage.getGivenPTResultAG(PTSettingPage.java:548)
	at AASProductTestCase.AASProductTest.qa.testcases.PTSettingPageTest.PTSettingMAPositiveTest02(PTSettingPageTest.java:376)
... Removed 30 stack frames</pre></div><a href='#' onClick='toggleBox("stack-trace1122752299", this, "Click to show all stack frames", "Click to hide stack frames")'>Click to show all stack frames</a>
<div class='stack-trace' id='stack-trace1122752299'><pre>java.lang.StringIndexOutOfBoundsException: begin 0, end -2, length 2
	at java.base/java.lang.String.checkBoundsBeginEnd(String.java:3756)
	at java.base/java.lang.String.substring(String.java:1902)
	at AASProductTestCase.AASProductTest.qa.pages.PTSettingPage.getGivenPTResultAG(PTSettingPage.java:548)
	at AASProductTestCase.AASProductTest.qa.testcases.PTSettingPageTest.PTSettingMAPositiveTest02(PTSettingPageTest.java:376)
	at java.base/jdk.internal.reflect.NativeMethodAccessorImpl.invoke0(Native Method)
	at java.base/jdk.internal.reflect.NativeMethodAccessorImpl.invoke(NativeMethodAccessorImpl.java:62)
	at java.base/jdk.internal.reflect.DelegatingMethodAccessorImpl.invoke(DelegatingMethodAccessorImpl.java:43)
	at java.base/java.lang.reflect.Method.invoke(Method.java:564)
	at org.testng.internal.MethodInvocationHelper.invokeMethod(MethodInvocationHelper.java:108)
	at org.testng.internal.Invoker.invokeMethod(Invoker.java:661)
	at org.testng.internal.Invoker.invokeTestMethod(Invoker.java:869)
	at org.testng.internal.Invoker.invokeTestMethods(Invoker.java:1193)
	at org.testng.internal.TestMethodWorker.invokeTestMethods(TestMethodWorker.java:126)
	at org.testng.internal.TestMethodWorker.run(TestMethodWorker.java:109)
	at org.testng.TestRunner.privateRun(TestRunner.java:744)
	at org.testng.TestRunner.run(TestRunner.java:602)
	at org.testng.SuiteRunner.runTest(SuiteRunner.java:380)
	at org.testng.SuiteRunner.runSequentially(SuiteRunner.java:375)
	at org.testng.SuiteRunner.privateRun(SuiteRunner.java:340)
	at org.testng.SuiteRunner.run(SuiteRunner.java:289)
	at org.testng.SuiteRunnerWorker.runSuite(SuiteRunnerWorker.java:52)
	at org.testng.SuiteRunnerWorker.run(SuiteRunnerWorker.java:86)
	at org.testng.TestNG.runSuitesSequentially(TestNG.java:1301)
	at org.testng.TestNG.runSuitesSequentially(TestNG.java:1297)
	at org.testng.TestNG.runSuitesLocally(TestNG.java:1226)
	at org.testng.TestNG.runSuites(TestNG.java:1144)
	at org.testng.TestNG.run(TestNG.java:1115)
	at org.apache.maven.surefire.testng.TestNGExecutor.run(TestNGExecutor.java:283)
	at org.apache.maven.surefire.testng.TestNGXmlTestSuite.execute(TestNGXmlTestSuite.java:75)
	at org.apache.maven.surefire.testng.TestNGProvider.invoke(TestNGProvider.java:120)
	at org.apache.maven.surefire.booter.ForkedBooter.invokeProviderInSameClassLoader(ForkedBooter.java:384)
	at org.apache.maven.surefire.booter.ForkedBooter.runSuitesInProcess(ForkedBooter.java:345)
	at org.apache.maven.surefire.booter.ForkedBooter.execute(ForkedBooter.java:126)
	at org.apache.maven.surefire.booter.ForkedBooter.main(ForkedBooter.java:418)
</pre></div></td>
<td>1</td>
<td>AASProductTestCase.AASProductTest.qa.testcases.PTSettingPageTest@4f83df68</td></tr>
<tr>
<td title='AASProductTestCase.AASProductTest.qa.testcases.PTSettingPageTest.PTSettingMAPositiveTest02()'><b>PTSettingMAPositiveTest02</b><br>Test class: AASProductTestCase.AASProductTest.qa.testcases.PTSettingPageTest<br>Parameters: 7, Praagmatic Gaming, org.testng.TestRunner@2d11e25a</td>
<td><div><pre>java.lang.StringIndexOutOfBoundsException: begin 0, end -2, length 2
	at java.base/java.lang.String.checkBoundsBeginEnd(String.java:3756)
	at java.base/java.lang.String.substring(String.java:1902)
	at AASProductTestCase.AASProductTest.qa.pages.PTSettingPage.getGivenPTResultAG(PTSettingPage.java:548)
	at AASProductTestCase.AASProductTest.qa.testcases.PTSettingPageTest.PTSettingMAPositiveTest02(PTSettingPageTest.java:376)
... Removed 30 stack frames</pre></div><a href='#' onClick='toggleBox("stack-trace950076646", this, "Click to show all stack frames", "Click to hide stack frames")'>Click to show all stack frames</a>
<div class='stack-trace' id='stack-trace950076646'><pre>java.lang.StringIndexOutOfBoundsException: begin 0, end -2, length 2
	at java.base/java.lang.String.checkBoundsBeginEnd(String.java:3756)
	at java.base/java.lang.String.substring(String.java:1902)
	at AASProductTestCase.AASProductTest.qa.pages.PTSettingPage.getGivenPTResultAG(PTSettingPage.java:548)
	at AASProductTestCase.AASProductTest.qa.testcases.PTSettingPageTest.PTSettingMAPositiveTest02(PTSettingPageTest.java:376)
	at java.base/jdk.internal.reflect.NativeMethodAccessorImpl.invoke0(Native Method)
	at java.base/jdk.internal.reflect.NativeMethodAccessorImpl.invoke(NativeMethodAccessorImpl.java:62)
	at java.base/jdk.internal.reflect.DelegatingMethodAccessorImpl.invoke(DelegatingMethodAccessorImpl.java:43)
	at java.base/java.lang.reflect.Method.invoke(Method.java:564)
	at org.testng.internal.MethodInvocationHelper.invokeMethod(MethodInvocationHelper.java:108)
	at org.testng.internal.Invoker.invokeMethod(Invoker.java:661)
	at org.testng.internal.Invoker.invokeTestMethod(Invoker.java:869)
	at org.testng.internal.Invoker.invokeTestMethods(Invoker.java:1193)
	at org.testng.internal.TestMethodWorker.invokeTestMethods(TestMethodWorker.java:126)
	at org.testng.internal.TestMethodWorker.run(TestMethodWorker.java:109)
	at org.testng.TestRunner.privateRun(TestRunner.java:744)
	at org.testng.TestRunner.run(TestRunner.java:602)
	at org.testng.SuiteRunner.runTest(SuiteRunner.java:380)
	at org.testng.SuiteRunner.runSequentially(SuiteRunner.java:375)
	at org.testng.SuiteRunner.privateRun(SuiteRunner.java:340)
	at org.testng.SuiteRunner.run(SuiteRunner.java:289)
	at org.testng.SuiteRunnerWorker.runSuite(SuiteRunnerWorker.java:52)
	at org.testng.SuiteRunnerWorker.run(SuiteRunnerWorker.java:86)
	at org.testng.TestNG.runSuitesSequentially(TestNG.java:1301)
	at org.testng.TestNG.runSuitesSequentially(TestNG.java:1297)
	at org.testng.TestNG.runSuitesLocally(TestNG.java:1226)
	at org.testng.TestNG.runSuites(TestNG.java:1144)
	at org.testng.TestNG.run(TestNG.java:1115)
	at org.apache.maven.surefire.testng.TestNGExecutor.run(TestNGExecutor.java:283)
	at org.apache.maven.surefire.testng.TestNGXmlTestSuite.execute(TestNGXmlTestSuite.java:75)
	at org.apache.maven.surefire.testng.TestNGProvider.invoke(TestNGProvider.java:120)
	at org.apache.maven.surefire.booter.ForkedBooter.invokeProviderInSameClassLoader(ForkedBooter.java:384)
	at org.apache.maven.surefire.booter.ForkedBooter.runSuitesInProcess(ForkedBooter.java:345)
	at org.apache.maven.surefire.booter.ForkedBooter.execute(ForkedBooter.java:126)
	at org.apache.maven.surefire.booter.ForkedBooter.main(ForkedBooter.java:418)
</pre></div></td>
<td>1</td>
<td>AASProductTestCase.AASProductTest.qa.testcases.PTSettingPageTest@4f83df68</td></tr>
<tr>
<td title='AASProductTestCase.AASProductTest.qa.testcases.PTSettingPageTest.PTSettingMAPositiveTest02()'><b>PTSettingMAPositiveTest02</b><br>Test class: AASProductTestCase.AASProductTest.qa.testcases.PTSettingPageTest<br>Parameters: 8, Sexy Gaming, org.testng.TestRunner@2d11e25a</td>
<td><div><pre>java.lang.StringIndexOutOfBoundsException: begin 0, end -2, length 2
	at java.base/java.lang.String.checkBoundsBeginEnd(String.java:3756)
	at java.base/java.lang.String.substring(String.java:1902)
	at AASProductTestCase.AASProductTest.qa.pages.PTSettingPage.getGivenPTResultAG(PTSettingPage.java:548)
	at AASProductTestCase.AASProductTest.qa.testcases.PTSettingPageTest.PTSettingMAPositiveTest02(PTSettingPageTest.java:376)
... Removed 30 stack frames</pre></div><a href='#' onClick='toggleBox("stack-trace757912630", this, "Click to show all stack frames", "Click to hide stack frames")'>Click to show all stack frames</a>
<div class='stack-trace' id='stack-trace757912630'><pre>java.lang.StringIndexOutOfBoundsException: begin 0, end -2, length 2
	at java.base/java.lang.String.checkBoundsBeginEnd(String.java:3756)
	at java.base/java.lang.String.substring(String.java:1902)
	at AASProductTestCase.AASProductTest.qa.pages.PTSettingPage.getGivenPTResultAG(PTSettingPage.java:548)
	at AASProductTestCase.AASProductTest.qa.testcases.PTSettingPageTest.PTSettingMAPositiveTest02(PTSettingPageTest.java:376)
	at java.base/jdk.internal.reflect.NativeMethodAccessorImpl.invoke0(Native Method)
	at java.base/jdk.internal.reflect.NativeMethodAccessorImpl.invoke(NativeMethodAccessorImpl.java:62)
	at java.base/jdk.internal.reflect.DelegatingMethodAccessorImpl.invoke(DelegatingMethodAccessorImpl.java:43)
	at java.base/java.lang.reflect.Method.invoke(Method.java:564)
	at org.testng.internal.MethodInvocationHelper.invokeMethod(MethodInvocationHelper.java:108)
	at org.testng.internal.Invoker.invokeMethod(Invoker.java:661)
	at org.testng.internal.Invoker.invokeTestMethod(Invoker.java:869)
	at org.testng.internal.Invoker.invokeTestMethods(Invoker.java:1193)
	at org.testng.internal.TestMethodWorker.invokeTestMethods(TestMethodWorker.java:126)
	at org.testng.internal.TestMethodWorker.run(TestMethodWorker.java:109)
	at org.testng.TestRunner.privateRun(TestRunner.java:744)
	at org.testng.TestRunner.run(TestRunner.java:602)
	at org.testng.SuiteRunner.runTest(SuiteRunner.java:380)
	at org.testng.SuiteRunner.runSequentially(SuiteRunner.java:375)
	at org.testng.SuiteRunner.privateRun(SuiteRunner.java:340)
	at org.testng.SuiteRunner.run(SuiteRunner.java:289)
	at org.testng.SuiteRunnerWorker.runSuite(SuiteRunnerWorker.java:52)
	at org.testng.SuiteRunnerWorker.run(SuiteRunnerWorker.java:86)
	at org.testng.TestNG.runSuitesSequentially(TestNG.java:1301)
	at org.testng.TestNG.runSuitesSequentially(TestNG.java:1297)
	at org.testng.TestNG.runSuitesLocally(TestNG.java:1226)
	at org.testng.TestNG.runSuites(TestNG.java:1144)
	at org.testng.TestNG.run(TestNG.java:1115)
	at org.apache.maven.surefire.testng.TestNGExecutor.run(TestNGExecutor.java:283)
	at org.apache.maven.surefire.testng.TestNGXmlTestSuite.execute(TestNGXmlTestSuite.java:75)
	at org.apache.maven.surefire.testng.TestNGProvider.invoke(TestNGProvider.java:120)
	at org.apache.maven.surefire.booter.ForkedBooter.invokeProviderInSameClassLoader(ForkedBooter.java:384)
	at org.apache.maven.surefire.booter.ForkedBooter.runSuitesInProcess(ForkedBooter.java:345)
	at org.apache.maven.surefire.booter.ForkedBooter.execute(ForkedBooter.java:126)
	at org.apache.maven.surefire.booter.ForkedBooter.main(ForkedBooter.java:418)
</pre></div></td>
<td>1</td>
<td>AASProductTestCase.AASProductTest.qa.testcases.PTSettingPageTest@4f83df68</td></tr>
<tr>
<td title='AASProductTestCase.AASProductTest.qa.testcases.PTSettingPageTest.PTSettingMAPositiveTest02()'><b>PTSettingMAPositiveTest02</b><br>Test class: AASProductTestCase.AASProductTest.qa.testcases.PTSettingPageTest<br>Parameters: 9, Pragmatic Slot, org.testng.TestRunner@2d11e25a</td>
<td><div><pre>java.lang.StringIndexOutOfBoundsException: begin 0, end -2, length 2
	at java.base/java.lang.String.checkBoundsBeginEnd(String.java:3756)
	at java.base/java.lang.String.substring(String.java:1902)
	at AASProductTestCase.AASProductTest.qa.pages.PTSettingPage.getGivenPTResultAG(PTSettingPage.java:548)
	at AASProductTestCase.AASProductTest.qa.testcases.PTSettingPageTest.PTSettingMAPositiveTest02(PTSettingPageTest.java:376)
... Removed 30 stack frames</pre></div><a href='#' onClick='toggleBox("stack-trace1106822607", this, "Click to show all stack frames", "Click to hide stack frames")'>Click to show all stack frames</a>
<div class='stack-trace' id='stack-trace1106822607'><pre>java.lang.StringIndexOutOfBoundsException: begin 0, end -2, length 2
	at java.base/java.lang.String.checkBoundsBeginEnd(String.java:3756)
	at java.base/java.lang.String.substring(String.java:1902)
	at AASProductTestCase.AASProductTest.qa.pages.PTSettingPage.getGivenPTResultAG(PTSettingPage.java:548)
	at AASProductTestCase.AASProductTest.qa.testcases.PTSettingPageTest.PTSettingMAPositiveTest02(PTSettingPageTest.java:376)
	at java.base/jdk.internal.reflect.NativeMethodAccessorImpl.invoke0(Native Method)
	at java.base/jdk.internal.reflect.NativeMethodAccessorImpl.invoke(NativeMethodAccessorImpl.java:62)
	at java.base/jdk.internal.reflect.DelegatingMethodAccessorImpl.invoke(DelegatingMethodAccessorImpl.java:43)
	at java.base/java.lang.reflect.Method.invoke(Method.java:564)
	at org.testng.internal.MethodInvocationHelper.invokeMethod(MethodInvocationHelper.java:108)
	at org.testng.internal.Invoker.invokeMethod(Invoker.java:661)
	at org.testng.internal.Invoker.invokeTestMethod(Invoker.java:869)
	at org.testng.internal.Invoker.invokeTestMethods(Invoker.java:1193)
	at org.testng.internal.TestMethodWorker.invokeTestMethods(TestMethodWorker.java:126)
	at org.testng.internal.TestMethodWorker.run(TestMethodWorker.java:109)
	at org.testng.TestRunner.privateRun(TestRunner.java:744)
	at org.testng.TestRunner.run(TestRunner.java:602)
	at org.testng.SuiteRunner.runTest(SuiteRunner.java:380)
	at org.testng.SuiteRunner.runSequentially(SuiteRunner.java:375)
	at org.testng.SuiteRunner.privateRun(SuiteRunner.java:340)
	at org.testng.SuiteRunner.run(SuiteRunner.java:289)
	at org.testng.SuiteRunnerWorker.runSuite(SuiteRunnerWorker.java:52)
	at org.testng.SuiteRunnerWorker.run(SuiteRunnerWorker.java:86)
	at org.testng.TestNG.runSuitesSequentially(TestNG.java:1301)
	at org.testng.TestNG.runSuitesSequentially(TestNG.java:1297)
	at org.testng.TestNG.runSuitesLocally(TestNG.java:1226)
	at org.testng.TestNG.runSuites(TestNG.java:1144)
	at org.testng.TestNG.run(TestNG.java:1115)
	at org.apache.maven.surefire.testng.TestNGExecutor.run(TestNGExecutor.java:283)
	at org.apache.maven.surefire.testng.TestNGXmlTestSuite.execute(TestNGXmlTestSuite.java:75)
	at org.apache.maven.surefire.testng.TestNGProvider.invoke(TestNGProvider.java:120)
	at org.apache.maven.surefire.booter.ForkedBooter.invokeProviderInSameClassLoader(ForkedBooter.java:384)
	at org.apache.maven.surefire.booter.ForkedBooter.runSuitesInProcess(ForkedBooter.java:345)
	at org.apache.maven.surefire.booter.ForkedBooter.execute(ForkedBooter.java:126)
	at org.apache.maven.surefire.booter.ForkedBooter.main(ForkedBooter.java:418)
</pre></div></td>
<td>1</td>
<td>AASProductTestCase.AASProductTest.qa.testcases.PTSettingPageTest@4f83df68</td></tr>
<tr>
<td title='AASProductTestCase.AASProductTest.qa.testcases.PTSettingPageTest.PTSettingMAPositiveTest02()'><b>PTSettingMAPositiveTest02</b><br>Test class: AASProductTestCase.AASProductTest.qa.testcases.PTSettingPageTest<br>Parameters: 10, Habanero Slot, org.testng.TestRunner@2d11e25a</td>
<td><div><pre>java.lang.StringIndexOutOfBoundsException: begin 0, end -2, length 2
	at java.base/java.lang.String.checkBoundsBeginEnd(String.java:3756)
	at java.base/java.lang.String.substring(String.java:1902)
	at AASProductTestCase.AASProductTest.qa.pages.PTSettingPage.getGivenPTResultAG(PTSettingPage.java:548)
	at AASProductTestCase.AASProductTest.qa.testcases.PTSettingPageTest.PTSettingMAPositiveTest02(PTSettingPageTest.java:376)
... Removed 30 stack frames</pre></div><a href='#' onClick='toggleBox("stack-trace1458064441", this, "Click to show all stack frames", "Click to hide stack frames")'>Click to show all stack frames</a>
<div class='stack-trace' id='stack-trace1458064441'><pre>java.lang.StringIndexOutOfBoundsException: begin 0, end -2, length 2
	at java.base/java.lang.String.checkBoundsBeginEnd(String.java:3756)
	at java.base/java.lang.String.substring(String.java:1902)
	at AASProductTestCase.AASProductTest.qa.pages.PTSettingPage.getGivenPTResultAG(PTSettingPage.java:548)
	at AASProductTestCase.AASProductTest.qa.testcases.PTSettingPageTest.PTSettingMAPositiveTest02(PTSettingPageTest.java:376)
	at java.base/jdk.internal.reflect.NativeMethodAccessorImpl.invoke0(Native Method)
	at java.base/jdk.internal.reflect.NativeMethodAccessorImpl.invoke(NativeMethodAccessorImpl.java:62)
	at java.base/jdk.internal.reflect.DelegatingMethodAccessorImpl.invoke(DelegatingMethodAccessorImpl.java:43)
	at java.base/java.lang.reflect.Method.invoke(Method.java:564)
	at org.testng.internal.MethodInvocationHelper.invokeMethod(MethodInvocationHelper.java:108)
	at org.testng.internal.Invoker.invokeMethod(Invoker.java:661)
	at org.testng.internal.Invoker.invokeTestMethod(Invoker.java:869)
	at org.testng.internal.Invoker.invokeTestMethods(Invoker.java:1193)
	at org.testng.internal.TestMethodWorker.invokeTestMethods(TestMethodWorker.java:126)
	at org.testng.internal.TestMethodWorker.run(TestMethodWorker.java:109)
	at org.testng.TestRunner.privateRun(TestRunner.java:744)
	at org.testng.TestRunner.run(TestRunner.java:602)
	at org.testng.SuiteRunner.runTest(SuiteRunner.java:380)
	at org.testng.SuiteRunner.runSequentially(SuiteRunner.java:375)
	at org.testng.SuiteRunner.privateRun(SuiteRunner.java:340)
	at org.testng.SuiteRunner.run(SuiteRunner.java:289)
	at org.testng.SuiteRunnerWorker.runSuite(SuiteRunnerWorker.java:52)
	at org.testng.SuiteRunnerWorker.run(SuiteRunnerWorker.java:86)
	at org.testng.TestNG.runSuitesSequentially(TestNG.java:1301)
	at org.testng.TestNG.runSuitesSequentially(TestNG.java:1297)
	at org.testng.TestNG.runSuitesLocally(TestNG.java:1226)
	at org.testng.TestNG.runSuites(TestNG.java:1144)
	at org.testng.TestNG.run(TestNG.java:1115)
	at org.apache.maven.surefire.testng.TestNGExecutor.run(TestNGExecutor.java:283)
	at org.apache.maven.surefire.testng.TestNGXmlTestSuite.execute(TestNGXmlTestSuite.java:75)
	at org.apache.maven.surefire.testng.TestNGProvider.invoke(TestNGProvider.java:120)
	at org.apache.maven.surefire.booter.ForkedBooter.invokeProviderInSameClassLoader(ForkedBooter.java:384)
	at org.apache.maven.surefire.booter.ForkedBooter.runSuitesInProcess(ForkedBooter.java:345)
	at org.apache.maven.surefire.booter.ForkedBooter.execute(ForkedBooter.java:126)
	at org.apache.maven.surefire.booter.ForkedBooter.main(ForkedBooter.java:418)
</pre></div></td>
<td>1</td>
<td>AASProductTestCase.AASProductTest.qa.testcases.PTSettingPageTest@4f83df68</td></tr>
<tr>
<td title='AASProductTestCase.AASProductTest.qa.testcases.PTSettingPageTest.PTSettingMAPositiveTest02()'><b>PTSettingMAPositiveTest02</b><br>Test class: AASProductTestCase.AASProductTest.qa.testcases.PTSettingPageTest<br>Parameters: 11, Maverick Slot, org.testng.TestRunner@2d11e25a</td>
<td><div><pre>java.lang.StringIndexOutOfBoundsException: begin 0, end -2, length 2
	at java.base/java.lang.String.checkBoundsBeginEnd(String.java:3756)
	at java.base/java.lang.String.substring(String.java:1902)
	at AASProductTestCase.AASProductTest.qa.pages.PTSettingPage.getGivenPTResultAG(PTSettingPage.java:548)
	at AASProductTestCase.AASProductTest.qa.testcases.PTSettingPageTest.PTSettingMAPositiveTest02(PTSettingPageTest.java:376)
... Removed 30 stack frames</pre></div><a href='#' onClick='toggleBox("stack-trace745615791", this, "Click to show all stack frames", "Click to hide stack frames")'>Click to show all stack frames</a>
<div class='stack-trace' id='stack-trace745615791'><pre>java.lang.StringIndexOutOfBoundsException: begin 0, end -2, length 2
	at java.base/java.lang.String.checkBoundsBeginEnd(String.java:3756)
	at java.base/java.lang.String.substring(String.java:1902)
	at AASProductTestCase.AASProductTest.qa.pages.PTSettingPage.getGivenPTResultAG(PTSettingPage.java:548)
	at AASProductTestCase.AASProductTest.qa.testcases.PTSettingPageTest.PTSettingMAPositiveTest02(PTSettingPageTest.java:376)
	at java.base/jdk.internal.reflect.NativeMethodAccessorImpl.invoke0(Native Method)
	at java.base/jdk.internal.reflect.NativeMethodAccessorImpl.invoke(NativeMethodAccessorImpl.java:62)
	at java.base/jdk.internal.reflect.DelegatingMethodAccessorImpl.invoke(DelegatingMethodAccessorImpl.java:43)
	at java.base/java.lang.reflect.Method.invoke(Method.java:564)
	at org.testng.internal.MethodInvocationHelper.invokeMethod(MethodInvocationHelper.java:108)
	at org.testng.internal.Invoker.invokeMethod(Invoker.java:661)
	at org.testng.internal.Invoker.invokeTestMethod(Invoker.java:869)
	at org.testng.internal.Invoker.invokeTestMethods(Invoker.java:1193)
	at org.testng.internal.TestMethodWorker.invokeTestMethods(TestMethodWorker.java:126)
	at org.testng.internal.TestMethodWorker.run(TestMethodWorker.java:109)
	at org.testng.TestRunner.privateRun(TestRunner.java:744)
	at org.testng.TestRunner.run(TestRunner.java:602)
	at org.testng.SuiteRunner.runTest(SuiteRunner.java:380)
	at org.testng.SuiteRunner.runSequentially(SuiteRunner.java:375)
	at org.testng.SuiteRunner.privateRun(SuiteRunner.java:340)
	at org.testng.SuiteRunner.run(SuiteRunner.java:289)
	at org.testng.SuiteRunnerWorker.runSuite(SuiteRunnerWorker.java:52)
	at org.testng.SuiteRunnerWorker.run(SuiteRunnerWorker.java:86)
	at org.testng.TestNG.runSuitesSequentially(TestNG.java:1301)
	at org.testng.TestNG.runSuitesSequentially(TestNG.java:1297)
	at org.testng.TestNG.runSuitesLocally(TestNG.java:1226)
	at org.testng.TestNG.runSuites(TestNG.java:1144)
	at org.testng.TestNG.run(TestNG.java:1115)
	at org.apache.maven.surefire.testng.TestNGExecutor.run(TestNGExecutor.java:283)
	at org.apache.maven.surefire.testng.TestNGXmlTestSuite.execute(TestNGXmlTestSuite.java:75)
	at org.apache.maven.surefire.testng.TestNGProvider.invoke(TestNGProvider.java:120)
	at org.apache.maven.surefire.booter.ForkedBooter.invokeProviderInSameClassLoader(ForkedBooter.java:384)
	at org.apache.maven.surefire.booter.ForkedBooter.runSuitesInProcess(ForkedBooter.java:345)
	at org.apache.maven.surefire.booter.ForkedBooter.execute(ForkedBooter.java:126)
	at org.apache.maven.surefire.booter.ForkedBooter.main(ForkedBooter.java:418)
</pre></div></td>
<td>1</td>
<td>AASProductTestCase.AASProductTest.qa.testcases.PTSettingPageTest@4f83df68</td></tr>
<tr>
<td title='AASProductTestCase.AASProductTest.qa.testcases.PTSettingPageTest.PTSettingMAPositiveTest02()'><b>PTSettingMAPositiveTest02</b><br>Test class: AASProductTestCase.AASProductTest.qa.testcases.PTSettingPageTest<br>Parameters: 12, Netent Slot, org.testng.TestRunner@2d11e25a</td>
<td><div><pre>java.lang.StringIndexOutOfBoundsException: begin 0, end -2, length 2
	at java.base/java.lang.String.checkBoundsBeginEnd(String.java:3756)
	at java.base/java.lang.String.substring(String.java:1902)
	at AASProductTestCase.AASProductTest.qa.pages.PTSettingPage.getGivenPTResultAG(PTSettingPage.java:548)
	at AASProductTestCase.AASProductTest.qa.testcases.PTSettingPageTest.PTSettingMAPositiveTest02(PTSettingPageTest.java:376)
... Removed 30 stack frames</pre></div><a href='#' onClick='toggleBox("stack-trace698611428", this, "Click to show all stack frames", "Click to hide stack frames")'>Click to show all stack frames</a>
<div class='stack-trace' id='stack-trace698611428'><pre>java.lang.StringIndexOutOfBoundsException: begin 0, end -2, length 2
	at java.base/java.lang.String.checkBoundsBeginEnd(String.java:3756)
	at java.base/java.lang.String.substring(String.java:1902)
	at AASProductTestCase.AASProductTest.qa.pages.PTSettingPage.getGivenPTResultAG(PTSettingPage.java:548)
	at AASProductTestCase.AASProductTest.qa.testcases.PTSettingPageTest.PTSettingMAPositiveTest02(PTSettingPageTest.java:376)
	at java.base/jdk.internal.reflect.NativeMethodAccessorImpl.invoke0(Native Method)
	at java.base/jdk.internal.reflect.NativeMethodAccessorImpl.invoke(NativeMethodAccessorImpl.java:62)
	at java.base/jdk.internal.reflect.DelegatingMethodAccessorImpl.invoke(DelegatingMethodAccessorImpl.java:43)
	at java.base/java.lang.reflect.Method.invoke(Method.java:564)
	at org.testng.internal.MethodInvocationHelper.invokeMethod(MethodInvocationHelper.java:108)
	at org.testng.internal.Invoker.invokeMethod(Invoker.java:661)
	at org.testng.internal.Invoker.invokeTestMethod(Invoker.java:869)
	at org.testng.internal.Invoker.invokeTestMethods(Invoker.java:1193)
	at org.testng.internal.TestMethodWorker.invokeTestMethods(TestMethodWorker.java:126)
	at org.testng.internal.TestMethodWorker.run(TestMethodWorker.java:109)
	at org.testng.TestRunner.privateRun(TestRunner.java:744)
	at org.testng.TestRunner.run(TestRunner.java:602)
	at org.testng.SuiteRunner.runTest(SuiteRunner.java:380)
	at org.testng.SuiteRunner.runSequentially(SuiteRunner.java:375)
	at org.testng.SuiteRunner.privateRun(SuiteRunner.java:340)
	at org.testng.SuiteRunner.run(SuiteRunner.java:289)
	at org.testng.SuiteRunnerWorker.runSuite(SuiteRunnerWorker.java:52)
	at org.testng.SuiteRunnerWorker.run(SuiteRunnerWorker.java:86)
	at org.testng.TestNG.runSuitesSequentially(TestNG.java:1301)
	at org.testng.TestNG.runSuitesSequentially(TestNG.java:1297)
	at org.testng.TestNG.runSuitesLocally(TestNG.java:1226)
	at org.testng.TestNG.runSuites(TestNG.java:1144)
	at org.testng.TestNG.run(TestNG.java:1115)
	at org.apache.maven.surefire.testng.TestNGExecutor.run(TestNGExecutor.java:283)
	at org.apache.maven.surefire.testng.TestNGXmlTestSuite.execute(TestNGXmlTestSuite.java:75)
	at org.apache.maven.surefire.testng.TestNGProvider.invoke(TestNGProvider.java:120)
	at org.apache.maven.surefire.booter.ForkedBooter.invokeProviderInSameClassLoader(ForkedBooter.java:384)
	at org.apache.maven.surefire.booter.ForkedBooter.runSuitesInProcess(ForkedBooter.java:345)
	at org.apache.maven.surefire.booter.ForkedBooter.execute(ForkedBooter.java:126)
	at org.apache.maven.surefire.booter.ForkedBooter.main(ForkedBooter.java:418)
</pre></div></td>
<td>1</td>
<td>AASProductTestCase.AASProductTest.qa.testcases.PTSettingPageTest@4f83df68</td></tr>
<tr>
<td title='AASProductTestCase.AASProductTest.qa.testcases.PTSettingPageTest.PTSettingMAPositiveTest02()'><b>PTSettingMAPositiveTest02</b><br>Test class: AASProductTestCase.AASProductTest.qa.testcases.PTSettingPageTest<br>Parameters: 13, Quicksipn Slot, org.testng.TestRunner@2d11e25a</td>
<td><div><pre>java.lang.StringIndexOutOfBoundsException: begin 0, end -2, length 2
	at java.base/java.lang.String.checkBoundsBeginEnd(String.java:3756)
	at java.base/java.lang.String.substring(String.java:1902)
	at AASProductTestCase.AASProductTest.qa.pages.PTSettingPage.getGivenPTResultAG(PTSettingPage.java:548)
	at AASProductTestCase.AASProductTest.qa.testcases.PTSettingPageTest.PTSettingMAPositiveTest02(PTSettingPageTest.java:376)
... Removed 30 stack frames</pre></div><a href='#' onClick='toggleBox("stack-trace1876956312", this, "Click to show all stack frames", "Click to hide stack frames")'>Click to show all stack frames</a>
<div class='stack-trace' id='stack-trace1876956312'><pre>java.lang.StringIndexOutOfBoundsException: begin 0, end -2, length 2
	at java.base/java.lang.String.checkBoundsBeginEnd(String.java:3756)
	at java.base/java.lang.String.substring(String.java:1902)
	at AASProductTestCase.AASProductTest.qa.pages.PTSettingPage.getGivenPTResultAG(PTSettingPage.java:548)
	at AASProductTestCase.AASProductTest.qa.testcases.PTSettingPageTest.PTSettingMAPositiveTest02(PTSettingPageTest.java:376)
	at java.base/jdk.internal.reflect.NativeMethodAccessorImpl.invoke0(Native Method)
	at java.base/jdk.internal.reflect.NativeMethodAccessorImpl.invoke(NativeMethodAccessorImpl.java:62)
	at java.base/jdk.internal.reflect.DelegatingMethodAccessorImpl.invoke(DelegatingMethodAccessorImpl.java:43)
	at java.base/java.lang.reflect.Method.invoke(Method.java:564)
	at org.testng.internal.MethodInvocationHelper.invokeMethod(MethodInvocationHelper.java:108)
	at org.testng.internal.Invoker.invokeMethod(Invoker.java:661)
	at org.testng.internal.Invoker.invokeTestMethod(Invoker.java:869)
	at org.testng.internal.Invoker.invokeTestMethods(Invoker.java:1193)
	at org.testng.internal.TestMethodWorker.invokeTestMethods(TestMethodWorker.java:126)
	at org.testng.internal.TestMethodWorker.run(TestMethodWorker.java:109)
	at org.testng.TestRunner.privateRun(TestRunner.java:744)
	at org.testng.TestRunner.run(TestRunner.java:602)
	at org.testng.SuiteRunner.runTest(SuiteRunner.java:380)
	at org.testng.SuiteRunner.runSequentially(SuiteRunner.java:375)
	at org.testng.SuiteRunner.privateRun(SuiteRunner.java:340)
	at org.testng.SuiteRunner.run(SuiteRunner.java:289)
	at org.testng.SuiteRunnerWorker.runSuite(SuiteRunnerWorker.java:52)
	at org.testng.SuiteRunnerWorker.run(SuiteRunnerWorker.java:86)
	at org.testng.TestNG.runSuitesSequentially(TestNG.java:1301)
	at org.testng.TestNG.runSuitesSequentially(TestNG.java:1297)
	at org.testng.TestNG.runSuitesLocally(TestNG.java:1226)
	at org.testng.TestNG.runSuites(TestNG.java:1144)
	at org.testng.TestNG.run(TestNG.java:1115)
	at org.apache.maven.surefire.testng.TestNGExecutor.run(TestNGExecutor.java:283)
	at org.apache.maven.surefire.testng.TestNGXmlTestSuite.execute(TestNGXmlTestSuite.java:75)
	at org.apache.maven.surefire.testng.TestNGProvider.invoke(TestNGProvider.java:120)
	at org.apache.maven.surefire.booter.ForkedBooter.invokeProviderInSameClassLoader(ForkedBooter.java:384)
	at org.apache.maven.surefire.booter.ForkedBooter.runSuitesInProcess(ForkedBooter.java:345)
	at org.apache.maven.surefire.booter.ForkedBooter.execute(ForkedBooter.java:126)
	at org.apache.maven.surefire.booter.ForkedBooter.main(ForkedBooter.java:418)
</pre></div></td>
<td>1</td>
<td>AASProductTestCase.AASProductTest.qa.testcases.PTSettingPageTest@4f83df68</td></tr>
<tr>
<td title='AASProductTestCase.AASProductTest.qa.testcases.PTSettingPageTest.PTSettingMAPositiveTest02()'><b>PTSettingMAPositiveTest02</b><br>Test class: AASProductTestCase.AASProductTest.qa.testcases.PTSettingPageTest<br>Parameters: 14, Spade Gaming Slot, org.testng.TestRunner@2d11e25a</td>
<td><div><pre>java.lang.StringIndexOutOfBoundsException: begin 0, end -2, length 2
	at java.base/java.lang.String.checkBoundsBeginEnd(String.java:3756)
	at java.base/java.lang.String.substring(String.java:1902)
	at AASProductTestCase.AASProductTest.qa.pages.PTSettingPage.getGivenPTResultAG(PTSettingPage.java:548)
	at AASProductTestCase.AASProductTest.qa.testcases.PTSettingPageTest.PTSettingMAPositiveTest02(PTSettingPageTest.java:376)
... Removed 30 stack frames</pre></div><a href='#' onClick='toggleBox("stack-trace529090595", this, "Click to show all stack frames", "Click to hide stack frames")'>Click to show all stack frames</a>
<div class='stack-trace' id='stack-trace529090595'><pre>java.lang.StringIndexOutOfBoundsException: begin 0, end -2, length 2
	at java.base/java.lang.String.checkBoundsBeginEnd(String.java:3756)
	at java.base/java.lang.String.substring(String.java:1902)
	at AASProductTestCase.AASProductTest.qa.pages.PTSettingPage.getGivenPTResultAG(PTSettingPage.java:548)
	at AASProductTestCase.AASProductTest.qa.testcases.PTSettingPageTest.PTSettingMAPositiveTest02(PTSettingPageTest.java:376)
	at java.base/jdk.internal.reflect.NativeMethodAccessorImpl.invoke0(Native Method)
	at java.base/jdk.internal.reflect.NativeMethodAccessorImpl.invoke(NativeMethodAccessorImpl.java:62)
	at java.base/jdk.internal.reflect.DelegatingMethodAccessorImpl.invoke(DelegatingMethodAccessorImpl.java:43)
	at java.base/java.lang.reflect.Method.invoke(Method.java:564)
	at org.testng.internal.MethodInvocationHelper.invokeMethod(MethodInvocationHelper.java:108)
	at org.testng.internal.Invoker.invokeMethod(Invoker.java:661)
	at org.testng.internal.Invoker.invokeTestMethod(Invoker.java:869)
	at org.testng.internal.Invoker.invokeTestMethods(Invoker.java:1193)
	at org.testng.internal.TestMethodWorker.invokeTestMethods(TestMethodWorker.java:126)
	at org.testng.internal.TestMethodWorker.run(TestMethodWorker.java:109)
	at org.testng.TestRunner.privateRun(TestRunner.java:744)
	at org.testng.TestRunner.run(TestRunner.java:602)
	at org.testng.SuiteRunner.runTest(SuiteRunner.java:380)
	at org.testng.SuiteRunner.runSequentially(SuiteRunner.java:375)
	at org.testng.SuiteRunner.privateRun(SuiteRunner.java:340)
	at org.testng.SuiteRunner.run(SuiteRunner.java:289)
	at org.testng.SuiteRunnerWorker.runSuite(SuiteRunnerWorker.java:52)
	at org.testng.SuiteRunnerWorker.run(SuiteRunnerWorker.java:86)
	at org.testng.TestNG.runSuitesSequentially(TestNG.java:1301)
	at org.testng.TestNG.runSuitesSequentially(TestNG.java:1297)
	at org.testng.TestNG.runSuitesLocally(TestNG.java:1226)
	at org.testng.TestNG.runSuites(TestNG.java:1144)
	at org.testng.TestNG.run(TestNG.java:1115)
	at org.apache.maven.surefire.testng.TestNGExecutor.run(TestNGExecutor.java:283)
	at org.apache.maven.surefire.testng.TestNGXmlTestSuite.execute(TestNGXmlTestSuite.java:75)
	at org.apache.maven.surefire.testng.TestNGProvider.invoke(TestNGProvider.java:120)
	at org.apache.maven.surefire.booter.ForkedBooter.invokeProviderInSameClassLoader(ForkedBooter.java:384)
	at org.apache.maven.surefire.booter.ForkedBooter.runSuitesInProcess(ForkedBooter.java:345)
	at org.apache.maven.surefire.booter.ForkedBooter.execute(ForkedBooter.java:126)
	at org.apache.maven.surefire.booter.ForkedBooter.main(ForkedBooter.java:418)
</pre></div></td>
<td>1</td>
<td>AASProductTestCase.AASProductTest.qa.testcases.PTSettingPageTest@4f83df68</td></tr>
<tr>
<td title='AASProductTestCase.AASProductTest.qa.testcases.PTSettingPageTest.PTSettingMAPositiveTest02()'><b>PTSettingMAPositiveTest02</b><br>Test class: AASProductTestCase.AASProductTest.qa.testcases.PTSettingPageTest<br>Parameters: 15, Play n Go, org.testng.TestRunner@2d11e25a</td>
<td><div><pre>java.lang.StringIndexOutOfBoundsException: begin 0, end -2, length 2
	at java.base/java.lang.String.checkBoundsBeginEnd(String.java:3756)
	at java.base/java.lang.String.substring(String.java:1902)
	at AASProductTestCase.AASProductTest.qa.pages.PTSettingPage.getGivenPTResultAG(PTSettingPage.java:548)
	at AASProductTestCase.AASProductTest.qa.testcases.PTSettingPageTest.PTSettingMAPositiveTest02(PTSettingPageTest.java:376)
... Removed 30 stack frames</pre></div><a href='#' onClick='toggleBox("stack-trace1462421400", this, "Click to show all stack frames", "Click to hide stack frames")'>Click to show all stack frames</a>
<div class='stack-trace' id='stack-trace1462421400'><pre>java.lang.StringIndexOutOfBoundsException: begin 0, end -2, length 2
	at java.base/java.lang.String.checkBoundsBeginEnd(String.java:3756)
	at java.base/java.lang.String.substring(String.java:1902)
	at AASProductTestCase.AASProductTest.qa.pages.PTSettingPage.getGivenPTResultAG(PTSettingPage.java:548)
	at AASProductTestCase.AASProductTest.qa.testcases.PTSettingPageTest.PTSettingMAPositiveTest02(PTSettingPageTest.java:376)
	at java.base/jdk.internal.reflect.NativeMethodAccessorImpl.invoke0(Native Method)
	at java.base/jdk.internal.reflect.NativeMethodAccessorImpl.invoke(NativeMethodAccessorImpl.java:62)
	at java.base/jdk.internal.reflect.DelegatingMethodAccessorImpl.invoke(DelegatingMethodAccessorImpl.java:43)
	at java.base/java.lang.reflect.Method.invoke(Method.java:564)
	at org.testng.internal.MethodInvocationHelper.invokeMethod(MethodInvocationHelper.java:108)
	at org.testng.internal.Invoker.invokeMethod(Invoker.java:661)
	at org.testng.internal.Invoker.invokeTestMethod(Invoker.java:869)
	at org.testng.internal.Invoker.invokeTestMethods(Invoker.java:1193)
	at org.testng.internal.TestMethodWorker.invokeTestMethods(TestMethodWorker.java:126)
	at org.testng.internal.TestMethodWorker.run(TestMethodWorker.java:109)
	at org.testng.TestRunner.privateRun(TestRunner.java:744)
	at org.testng.TestRunner.run(TestRunner.java:602)
	at org.testng.SuiteRunner.runTest(SuiteRunner.java:380)
	at org.testng.SuiteRunner.runSequentially(SuiteRunner.java:375)
	at org.testng.SuiteRunner.privateRun(SuiteRunner.java:340)
	at org.testng.SuiteRunner.run(SuiteRunner.java:289)
	at org.testng.SuiteRunnerWorker.runSuite(SuiteRunnerWorker.java:52)
	at org.testng.SuiteRunnerWorker.run(SuiteRunnerWorker.java:86)
	at org.testng.TestNG.runSuitesSequentially(TestNG.java:1301)
	at org.testng.TestNG.runSuitesSequentially(TestNG.java:1297)
	at org.testng.TestNG.runSuitesLocally(TestNG.java:1226)
	at org.testng.TestNG.runSuites(TestNG.java:1144)
	at org.testng.TestNG.run(TestNG.java:1115)
	at org.apache.maven.surefire.testng.TestNGExecutor.run(TestNGExecutor.java:283)
	at org.apache.maven.surefire.testng.TestNGXmlTestSuite.execute(TestNGXmlTestSuite.java:75)
	at org.apache.maven.surefire.testng.TestNGProvider.invoke(TestNGProvider.java:120)
	at org.apache.maven.surefire.booter.ForkedBooter.invokeProviderInSameClassLoader(ForkedBooter.java:384)
	at org.apache.maven.surefire.booter.ForkedBooter.runSuitesInProcess(ForkedBooter.java:345)
	at org.apache.maven.surefire.booter.ForkedBooter.execute(ForkedBooter.java:126)
	at org.apache.maven.surefire.booter.ForkedBooter.main(ForkedBooter.java:418)
</pre></div></td>
<td>1</td>
<td>AASProductTestCase.AASProductTest.qa.testcases.PTSettingPageTest@4f83df68</td></tr>
<tr>
<td title='AASProductTestCase.AASProductTest.qa.testcases.PTSettingPageTest.PTSettingSMAPositiveTest01()'><b>PTSettingSMAPositiveTest01</b><br>Test class: AASProductTestCase.AASProductTest.qa.testcases.PTSettingPageTest<br>Parameters: 7, Praagmatic Gaming, org.testng.TestRunner@2d11e25a</td>
<td><div><pre>java.lang.AssertionError: expected [50] but found [20.5]
	at AASProductTestCase.AASProductTest.qa.testcases.PTSettingPageTest.PTSettingSMAPositiveTest01(PTSettingPageTest.java:225)
... Removed 36 stack frames</pre></div><a href='#' onClick='toggleBox("stack-trace1911527326", this, "Click to show all stack frames", "Click to hide stack frames")'>Click to show all stack frames</a>
<div class='stack-trace' id='stack-trace1911527326'><pre>java.lang.AssertionError: expected [50] but found [20.5]
	at org.testng.Assert.fail(Assert.java:93)
	at org.testng.Assert.failNotEquals(Assert.java:512)
	at org.testng.Assert.assertEqualsImpl(Assert.java:134)
	at org.testng.Assert.assertEquals(Assert.java:115)
	at org.testng.Assert.assertEquals(Assert.java:189)
	at org.testng.Assert.assertEquals(Assert.java:199)
	at AASProductTestCase.AASProductTest.qa.testcases.PTSettingPageTest.PTSettingSMAPositiveTest01(PTSettingPageTest.java:225)
	at java.base/jdk.internal.reflect.NativeMethodAccessorImpl.invoke0(Native Method)
	at java.base/jdk.internal.reflect.NativeMethodAccessorImpl.invoke(NativeMethodAccessorImpl.java:62)
	at java.base/jdk.internal.reflect.DelegatingMethodAccessorImpl.invoke(DelegatingMethodAccessorImpl.java:43)
	at java.base/java.lang.reflect.Method.invoke(Method.java:564)
	at org.testng.internal.MethodInvocationHelper.invokeMethod(MethodInvocationHelper.java:108)
	at org.testng.internal.Invoker.invokeMethod(Invoker.java:661)
	at org.testng.internal.Invoker.invokeTestMethod(Invoker.java:869)
	at org.testng.internal.Invoker.invokeTestMethods(Invoker.java:1193)
	at org.testng.internal.TestMethodWorker.invokeTestMethods(TestMethodWorker.java:126)
	at org.testng.internal.TestMethodWorker.run(TestMethodWorker.java:109)
	at org.testng.TestRunner.privateRun(TestRunner.java:744)
	at org.testng.TestRunner.run(TestRunner.java:602)
	at org.testng.SuiteRunner.runTest(SuiteRunner.java:380)
	at org.testng.SuiteRunner.runSequentially(SuiteRunner.java:375)
	at org.testng.SuiteRunner.privateRun(SuiteRunner.java:340)
	at org.testng.SuiteRunner.run(SuiteRunner.java:289)
	at org.testng.SuiteRunnerWorker.runSuite(SuiteRunnerWorker.java:52)
	at org.testng.SuiteRunnerWorker.run(SuiteRunnerWorker.java:86)
	at org.testng.TestNG.runSuitesSequentially(TestNG.java:1301)
	at org.testng.TestNG.runSuitesSequentially(TestNG.java:1297)
	at org.testng.TestNG.runSuitesLocally(TestNG.java:1226)
	at org.testng.TestNG.runSuites(TestNG.java:1144)
	at org.testng.TestNG.run(TestNG.java:1115)
	at org.apache.maven.surefire.testng.TestNGExecutor.run(TestNGExecutor.java:283)
	at org.apache.maven.surefire.testng.TestNGXmlTestSuite.execute(TestNGXmlTestSuite.java:75)
	at org.apache.maven.surefire.testng.TestNGProvider.invoke(TestNGProvider.java:120)
	at org.apache.maven.surefire.booter.ForkedBooter.invokeProviderInSameClassLoader(ForkedBooter.java:384)
	at org.apache.maven.surefire.booter.ForkedBooter.runSuitesInProcess(ForkedBooter.java:345)
	at org.apache.maven.surefire.booter.ForkedBooter.execute(ForkedBooter.java:126)
	at org.apache.maven.surefire.booter.ForkedBooter.main(ForkedBooter.java:418)
</pre></div></td>
<td>4</td>
<td>AASProductTestCase.AASProductTest.qa.testcases.PTSettingPageTest@4f83df68</td></tr>
</table><p>
<table width='100%' border='1' class='invocation-passed'>
<tr><td colspan='4' align='center'><b>PASSED TESTS</b></td></tr>
<tr><td><b>Test method</b></td>
<td width="30%"><b>Exception</b></td>
<td width="10%"><b>Time (seconds)</b></td>
<td><b>Instance</b></td>
</tr>
<tr>
<td title='AASProductTestCase.AASProductTest.qa.testcases.PTSettingPageTest.PTSettingCAGroupUpdate()'><b>PTSettingCAGroupUpdate</b><br>Test class: AASProductTestCase.AASProductTest.qa.testcases.PTSettingPageTest<br>Parameters: org.testng.TestRunner@2d11e25a</td>
<td></td>
<td>8</td>
<td>AASProductTestCase.AASProductTest.qa.testcases.PTSettingPageTest@4f83df68</td></tr>
<tr>
<td title='AASProductTestCase.AASProductTest.qa.testcases.PTSettingPageTest.PTSettingCANegativeTest01()'><b>PTSettingCANegativeTest01</b><br>Test class: AASProductTestCase.AASProductTest.qa.testcases.PTSettingPageTest<br>Parameters: 1, Evolution, org.testng.TestRunner@2d11e25a</td>
<td></td>
<td>4</td>
<td>AASProductTestCase.AASProductTest.qa.testcases.PTSettingPageTest@4f83df68</td></tr>
<tr>
<td title='AASProductTestCase.AASProductTest.qa.testcases.PTSettingPageTest.PTSettingCANegativeTest01()'><b>PTSettingCANegativeTest01</b><br>Test class: AASProductTestCase.AASProductTest.qa.testcases.PTSettingPageTest<br>Parameters: 2, Big Gaming, org.testng.TestRunner@2d11e25a</td>
<td></td>
<td>4</td>
<td>AASProductTestCase.AASProductTest.qa.testcases.PTSettingPageTest@4f83df68</td></tr>
<tr>
<td title='AASProductTestCase.AASProductTest.qa.testcases.PTSettingPageTest.PTSettingCANegativeTest01()'><b>PTSettingCANegativeTest01</b><br>Test class: AASProductTestCase.AASProductTest.qa.testcases.PTSettingPageTest<br>Parameters: 3, Micro Gaming, org.testng.TestRunner@2d11e25a</td>
<td></td>
<td>4</td>
<td>AASProductTestCase.AASProductTest.qa.testcases.PTSettingPageTest@4f83df68</td></tr>
<tr>
<td title='AASProductTestCase.AASProductTest.qa.testcases.PTSettingPageTest.PTSettingCANegativeTest01()'><b>PTSettingCANegativeTest01</b><br>Test class: AASProductTestCase.AASProductTest.qa.testcases.PTSettingPageTest<br>Parameters: 4, Asia Gaming, org.testng.TestRunner@2d11e25a</td>
<td></td>
<td>5</td>
<td>AASProductTestCase.AASProductTest.qa.testcases.PTSettingPageTest@4f83df68</td></tr>
<tr>
<td title='AASProductTestCase.AASProductTest.qa.testcases.PTSettingPageTest.PTSettingCANegativeTest01()'><b>PTSettingCANegativeTest01</b><br>Test class: AASProductTestCase.AASProductTest.qa.testcases.PTSettingPageTest<br>Parameters: 5, Dream Gaming, org.testng.TestRunner@2d11e25a</td>
<td></td>
<td>4</td>
<td>AASProductTestCase.AASProductTest.qa.testcases.PTSettingPageTest@4f83df68</td></tr>
<tr>
<td title='AASProductTestCase.AASProductTest.qa.testcases.PTSettingPageTest.PTSettingCANegativeTest01()'><b>PTSettingCANegativeTest01</b><br>Test class: AASProductTestCase.AASProductTest.qa.testcases.PTSettingPageTest<br>Parameters: 6, Paiza, org.testng.TestRunner@2d11e25a</td>
<td></td>
<td>4</td>
<td>AASProductTestCase.AASProductTest.qa.testcases.PTSettingPageTest@4f83df68</td></tr>
<tr>
<td title='AASProductTestCase.AASProductTest.qa.testcases.PTSettingPageTest.PTSettingCANegativeTest01()'><b>PTSettingCANegativeTest01</b><br>Test class: AASProductTestCase.AASProductTest.qa.testcases.PTSettingPageTest<br>Parameters: 7, Praagmatic Gaming, org.testng.TestRunner@2d11e25a</td>
<td></td>
<td>4</td>
<td>AASProductTestCase.AASProductTest.qa.testcases.PTSettingPageTest@4f83df68</td></tr>
<tr>
<td title='AASProductTestCase.AASProductTest.qa.testcases.PTSettingPageTest.PTSettingCANegativeTest01()'><b>PTSettingCANegativeTest01</b><br>Test class: AASProductTestCase.AASProductTest.qa.testcases.PTSettingPageTest<br>Parameters: 8, Sexy Gaming, org.testng.TestRunner@2d11e25a</td>
<td></td>
<td>4</td>
<td>AASProductTestCase.AASProductTest.qa.testcases.PTSettingPageTest@4f83df68</td></tr>
<tr>
<td title='AASProductTestCase.AASProductTest.qa.testcases.PTSettingPageTest.PTSettingCANegativeTest01()'><b>PTSettingCANegativeTest01</b><br>Test class: AASProductTestCase.AASProductTest.qa.testcases.PTSettingPageTest<br>Parameters: 9, Pragmatic Slot, org.testng.TestRunner@2d11e25a</td>
<td></td>
<td>4</td>
<td>AASProductTestCase.AASProductTest.qa.testcases.PTSettingPageTest@4f83df68</td></tr>
<tr>
<td title='AASProductTestCase.AASProductTest.qa.testcases.PTSettingPageTest.PTSettingCANegativeTest01()'><b>PTSettingCANegativeTest01</b><br>Test class: AASProductTestCase.AASProductTest.qa.testcases.PTSettingPageTest<br>Parameters: 10, Habanero Slot, org.testng.TestRunner@2d11e25a</td>
<td></td>
<td>4</td>
<td>AASProductTestCase.AASProductTest.qa.testcases.PTSettingPageTest@4f83df68</td></tr>
<tr>
<td title='AASProductTestCase.AASProductTest.qa.testcases.PTSettingPageTest.PTSettingCANegativeTest01()'><b>PTSettingCANegativeTest01</b><br>Test class: AASProductTestCase.AASProductTest.qa.testcases.PTSettingPageTest<br>Parameters: 11, Maverick Slot, org.testng.TestRunner@2d11e25a</td>
<td></td>
<td>4</td>
<td>AASProductTestCase.AASProductTest.qa.testcases.PTSettingPageTest@4f83df68</td></tr>
<tr>
<td title='AASProductTestCase.AASProductTest.qa.testcases.PTSettingPageTest.PTSettingCANegativeTest01()'><b>PTSettingCANegativeTest01</b><br>Test class: AASProductTestCase.AASProductTest.qa.testcases.PTSettingPageTest<br>Parameters: 12, Netent Slot, org.testng.TestRunner@2d11e25a</td>
<td></td>
<td>4</td>
<td>AASProductTestCase.AASProductTest.qa.testcases.PTSettingPageTest@4f83df68</td></tr>
<tr>
<td title='AASProductTestCase.AASProductTest.qa.testcases.PTSettingPageTest.PTSettingCANegativeTest01()'><b>PTSettingCANegativeTest01</b><br>Test class: AASProductTestCase.AASProductTest.qa.testcases.PTSettingPageTest<br>Parameters: 13, Quicksipn Slot, org.testng.TestRunner@2d11e25a</td>
<td></td>
<td>4</td>
<td>AASProductTestCase.AASProductTest.qa.testcases.PTSettingPageTest@4f83df68</td></tr>
<tr>
<td title='AASProductTestCase.AASProductTest.qa.testcases.PTSettingPageTest.PTSettingCANegativeTest01()'><b>PTSettingCANegativeTest01</b><br>Test class: AASProductTestCase.AASProductTest.qa.testcases.PTSettingPageTest<br>Parameters: 14, Spade Gaming Slot, org.testng.TestRunner@2d11e25a</td>
<td></td>
<td>4</td>
<td>AASProductTestCase.AASProductTest.qa.testcases.PTSettingPageTest@4f83df68</td></tr>
<tr>
<td title='AASProductTestCase.AASProductTest.qa.testcases.PTSettingPageTest.PTSettingCANegativeTest01()'><b>PTSettingCANegativeTest01</b><br>Test class: AASProductTestCase.AASProductTest.qa.testcases.PTSettingPageTest<br>Parameters: 15, Play n Go, org.testng.TestRunner@2d11e25a</td>
<td></td>
<td>4</td>
<td>AASProductTestCase.AASProductTest.qa.testcases.PTSettingPageTest@4f83df68</td></tr>
<tr>
<td title='AASProductTestCase.AASProductTest.qa.testcases.PTSettingPageTest.PTSettingCANegativeTest02()'><b>PTSettingCANegativeTest02</b><br>Test class: AASProductTestCase.AASProductTest.qa.testcases.PTSettingPageTest<br>Parameters: 1, Evolution, org.testng.TestRunner@2d11e25a</td>
<td></td>
<td>4</td>
<td>AASProductTestCase.AASProductTest.qa.testcases.PTSettingPageTest@4f83df68</td></tr>
<tr>
<td title='AASProductTestCase.AASProductTest.qa.testcases.PTSettingPageTest.PTSettingCANegativeTest02()'><b>PTSettingCANegativeTest02</b><br>Test class: AASProductTestCase.AASProductTest.qa.testcases.PTSettingPageTest<br>Parameters: 2, Big Gaming, org.testng.TestRunner@2d11e25a</td>
<td></td>
<td>4</td>
<td>AASProductTestCase.AASProductTest.qa.testcases.PTSettingPageTest@4f83df68</td></tr>
<tr>
<td title='AASProductTestCase.AASProductTest.qa.testcases.PTSettingPageTest.PTSettingCANegativeTest02()'><b>PTSettingCANegativeTest02</b><br>Test class: AASProductTestCase.AASProductTest.qa.testcases.PTSettingPageTest<br>Parameters: 3, Micro Gaming, org.testng.TestRunner@2d11e25a</td>
<td></td>
<td>4</td>
<td>AASProductTestCase.AASProductTest.qa.testcases.PTSettingPageTest@4f83df68</td></tr>
<tr>
<td title='AASProductTestCase.AASProductTest.qa.testcases.PTSettingPageTest.PTSettingCANegativeTest02()'><b>PTSettingCANegativeTest02</b><br>Test class: AASProductTestCase.AASProductTest.qa.testcases.PTSettingPageTest<br>Parameters: 4, Asia Gaming, org.testng.TestRunner@2d11e25a</td>
<td></td>
<td>4</td>
<td>AASProductTestCase.AASProductTest.qa.testcases.PTSettingPageTest@4f83df68</td></tr>
<tr>
<td title='AASProductTestCase.AASProductTest.qa.testcases.PTSettingPageTest.PTSettingCANegativeTest02()'><b>PTSettingCANegativeTest02</b><br>Test class: AASProductTestCase.AASProductTest.qa.testcases.PTSettingPageTest<br>Parameters: 5, Dream Gaming, org.testng.TestRunner@2d11e25a</td>
<td></td>
<td>4</td>
<td>AASProductTestCase.AASProductTest.qa.testcases.PTSettingPageTest@4f83df68</td></tr>
<tr>
<td title='AASProductTestCase.AASProductTest.qa.testcases.PTSettingPageTest.PTSettingCANegativeTest02()'><b>PTSettingCANegativeTest02</b><br>Test class: AASProductTestCase.AASProductTest.qa.testcases.PTSettingPageTest<br>Parameters: 6, Paiza, org.testng.TestRunner@2d11e25a</td>
<td></td>
<td>4</td>
<td>AASProductTestCase.AASProductTest.qa.testcases.PTSettingPageTest@4f83df68</td></tr>
<tr>
<td title='AASProductTestCase.AASProductTest.qa.testcases.PTSettingPageTest.PTSettingCANegativeTest02()'><b>PTSettingCANegativeTest02</b><br>Test class: AASProductTestCase.AASProductTest.qa.testcases.PTSettingPageTest<br>Parameters: 7, Praagmatic Gaming, org.testng.TestRunner@2d11e25a</td>
<td></td>
<td>4</td>
<td>AASProductTestCase.AASProductTest.qa.testcases.PTSettingPageTest@4f83df68</td></tr>
<tr>
<td title='AASProductTestCase.AASProductTest.qa.testcases.PTSettingPageTest.PTSettingCANegativeTest02()'><b>PTSettingCANegativeTest02</b><br>Test class: AASProductTestCase.AASProductTest.qa.testcases.PTSettingPageTest<br>Parameters: 8, Sexy Gaming, org.testng.TestRunner@2d11e25a</td>
<td></td>
<td>4</td>
<td>AASProductTestCase.AASProductTest.qa.testcases.PTSettingPageTest@4f83df68</td></tr>
<tr>
<td title='AASProductTestCase.AASProductTest.qa.testcases.PTSettingPageTest.PTSettingCANegativeTest02()'><b>PTSettingCANegativeTest02</b><br>Test class: AASProductTestCase.AASProductTest.qa.testcases.PTSettingPageTest<br>Parameters: 9, Pragmatic Slot, org.testng.TestRunner@2d11e25a</td>
<td></td>
<td>4</td>
<td>AASProductTestCase.AASProductTest.qa.testcases.PTSettingPageTest@4f83df68</td></tr>
<tr>
<td title='AASProductTestCase.AASProductTest.qa.testcases.PTSettingPageTest.PTSettingCANegativeTest02()'><b>PTSettingCANegativeTest02</b><br>Test class: AASProductTestCase.AASProductTest.qa.testcases.PTSettingPageTest<br>Parameters: 10, Habanero Slot, org.testng.TestRunner@2d11e25a</td>
<td></td>
<td>4</td>
<td>AASProductTestCase.AASProductTest.qa.testcases.PTSettingPageTest@4f83df68</td></tr>
<tr>
<td title='AASProductTestCase.AASProductTest.qa.testcases.PTSettingPageTest.PTSettingCANegativeTest02()'><b>PTSettingCANegativeTest02</b><br>Test class: AASProductTestCase.AASProductTest.qa.testcases.PTSettingPageTest<br>Parameters: 11, Maverick Slot, org.testng.TestRunner@2d11e25a</td>
<td></td>
<td>4</td>
<td>AASProductTestCase.AASProductTest.qa.testcases.PTSettingPageTest@4f83df68</td></tr>
<tr>
<td title='AASProductTestCase.AASProductTest.qa.testcases.PTSettingPageTest.PTSettingCANegativeTest02()'><b>PTSettingCANegativeTest02</b><br>Test class: AASProductTestCase.AASProductTest.qa.testcases.PTSettingPageTest<br>Parameters: 12, Netent Slot, org.testng.TestRunner@2d11e25a</td>
<td></td>
<td>4</td>
<td>AASProductTestCase.AASProductTest.qa.testcases.PTSettingPageTest@4f83df68</td></tr>
<tr>
<td title='AASProductTestCase.AASProductTest.qa.testcases.PTSettingPageTest.PTSettingCANegativeTest02()'><b>PTSettingCANegativeTest02</b><br>Test class: AASProductTestCase.AASProductTest.qa.testcases.PTSettingPageTest<br>Parameters: 13, Quicksipn Slot, org.testng.TestRunner@2d11e25a</td>
<td></td>
<td>4</td>
<td>AASProductTestCase.AASProductTest.qa.testcases.PTSettingPageTest@4f83df68</td></tr>
<tr>
<td title='AASProductTestCase.AASProductTest.qa.testcases.PTSettingPageTest.PTSettingCANegativeTest02()'><b>PTSettingCANegativeTest02</b><br>Test class: AASProductTestCase.AASProductTest.qa.testcases.PTSettingPageTest<br>Parameters: 14, Spade Gaming Slot, org.testng.TestRunner@2d11e25a</td>
<td></td>
<td>4</td>
<td>AASProductTestCase.AASProductTest.qa.testcases.PTSettingPageTest@4f83df68</td></tr>
<tr>
<td title='AASProductTestCase.AASProductTest.qa.testcases.PTSettingPageTest.PTSettingCANegativeTest02()'><b>PTSettingCANegativeTest02</b><br>Test class: AASProductTestCase.AASProductTest.qa.testcases.PTSettingPageTest<br>Parameters: 15, Play n Go, org.testng.TestRunner@2d11e25a</td>
<td></td>
<td>4</td>
<td>AASProductTestCase.AASProductTest.qa.testcases.PTSettingPageTest@4f83df68</td></tr>
<tr>
<td title='AASProductTestCase.AASProductTest.qa.testcases.PTSettingPageTest.PTSettingCAPositiveTest01()'><b>PTSettingCAPositiveTest01</b><br>Test class: AASProductTestCase.AASProductTest.qa.testcases.PTSettingPageTest<br>Parameters: 1, Evolution, org.testng.TestRunner@2d11e25a</td>
<td></td>
<td>4</td>
<td>AASProductTestCase.AASProductTest.qa.testcases.PTSettingPageTest@4f83df68</td></tr>
<tr>
<td title='AASProductTestCase.AASProductTest.qa.testcases.PTSettingPageTest.PTSettingCAPositiveTest01()'><b>PTSettingCAPositiveTest01</b><br>Test class: AASProductTestCase.AASProductTest.qa.testcases.PTSettingPageTest<br>Parameters: 2, Big Gaming, org.testng.TestRunner@2d11e25a</td>
<td></td>
<td>4</td>
<td>AASProductTestCase.AASProductTest.qa.testcases.PTSettingPageTest@4f83df68</td></tr>
<tr>
<td title='AASProductTestCase.AASProductTest.qa.testcases.PTSettingPageTest.PTSettingCAPositiveTest01()'><b>PTSettingCAPositiveTest01</b><br>Test class: AASProductTestCase.AASProductTest.qa.testcases.PTSettingPageTest<br>Parameters: 3, Micro Gaming, org.testng.TestRunner@2d11e25a</td>
<td></td>
<td>4</td>
<td>AASProductTestCase.AASProductTest.qa.testcases.PTSettingPageTest@4f83df68</td></tr>
<tr>
<td title='AASProductTestCase.AASProductTest.qa.testcases.PTSettingPageTest.PTSettingCAPositiveTest01()'><b>PTSettingCAPositiveTest01</b><br>Test class: AASProductTestCase.AASProductTest.qa.testcases.PTSettingPageTest<br>Parameters: 4, Asia Gaming, org.testng.TestRunner@2d11e25a</td>
<td></td>
<td>4</td>
<td>AASProductTestCase.AASProductTest.qa.testcases.PTSettingPageTest@4f83df68</td></tr>
<tr>
<td title='AASProductTestCase.AASProductTest.qa.testcases.PTSettingPageTest.PTSettingCAPositiveTest01()'><b>PTSettingCAPositiveTest01</b><br>Test class: AASProductTestCase.AASProductTest.qa.testcases.PTSettingPageTest<br>Parameters: 5, Dream Gaming, org.testng.TestRunner@2d11e25a</td>
<td></td>
<td>4</td>
<td>AASProductTestCase.AASProductTest.qa.testcases.PTSettingPageTest@4f83df68</td></tr>
<tr>
<td title='AASProductTestCase.AASProductTest.qa.testcases.PTSettingPageTest.PTSettingCAPositiveTest01()'><b>PTSettingCAPositiveTest01</b><br>Test class: AASProductTestCase.AASProductTest.qa.testcases.PTSettingPageTest<br>Parameters: 6, Paiza, org.testng.TestRunner@2d11e25a</td>
<td></td>
<td>4</td>
<td>AASProductTestCase.AASProductTest.qa.testcases.PTSettingPageTest@4f83df68</td></tr>
<tr>
<td title='AASProductTestCase.AASProductTest.qa.testcases.PTSettingPageTest.PTSettingCAPositiveTest01()'><b>PTSettingCAPositiveTest01</b><br>Test class: AASProductTestCase.AASProductTest.qa.testcases.PTSettingPageTest<br>Parameters: 8, Sexy Gaming, org.testng.TestRunner@2d11e25a</td>
<td></td>
<td>4</td>
<td>AASProductTestCase.AASProductTest.qa.testcases.PTSettingPageTest@4f83df68</td></tr>
<tr>
<td title='AASProductTestCase.AASProductTest.qa.testcases.PTSettingPageTest.PTSettingCAPositiveTest01()'><b>PTSettingCAPositiveTest01</b><br>Test class: AASProductTestCase.AASProductTest.qa.testcases.PTSettingPageTest<br>Parameters: 9, Pragmatic Slot, org.testng.TestRunner@2d11e25a</td>
<td></td>
<td>4</td>
<td>AASProductTestCase.AASProductTest.qa.testcases.PTSettingPageTest@4f83df68</td></tr>
<tr>
<td title='AASProductTestCase.AASProductTest.qa.testcases.PTSettingPageTest.PTSettingCAPositiveTest01()'><b>PTSettingCAPositiveTest01</b><br>Test class: AASProductTestCase.AASProductTest.qa.testcases.PTSettingPageTest<br>Parameters: 10, Habanero Slot, org.testng.TestRunner@2d11e25a</td>
<td></td>
<td>4</td>
<td>AASProductTestCase.AASProductTest.qa.testcases.PTSettingPageTest@4f83df68</td></tr>
<tr>
<td title='AASProductTestCase.AASProductTest.qa.testcases.PTSettingPageTest.PTSettingCAPositiveTest01()'><b>PTSettingCAPositiveTest01</b><br>Test class: AASProductTestCase.AASProductTest.qa.testcases.PTSettingPageTest<br>Parameters: 11, Maverick Slot, org.testng.TestRunner@2d11e25a</td>
<td></td>
<td>4</td>
<td>AASProductTestCase.AASProductTest.qa.testcases.PTSettingPageTest@4f83df68</td></tr>
<tr>
<td title='AASProductTestCase.AASProductTest.qa.testcases.PTSettingPageTest.PTSettingCAPositiveTest01()'><b>PTSettingCAPositiveTest01</b><br>Test class: AASProductTestCase.AASProductTest.qa.testcases.PTSettingPageTest<br>Parameters: 12, Netent Slot, org.testng.TestRunner@2d11e25a</td>
<td></td>
<td>4</td>
<td>AASProductTestCase.AASProductTest.qa.testcases.PTSettingPageTest@4f83df68</td></tr>
<tr>
<td title='AASProductTestCase.AASProductTest.qa.testcases.PTSettingPageTest.PTSettingCAPositiveTest01()'><b>PTSettingCAPositiveTest01</b><br>Test class: AASProductTestCase.AASProductTest.qa.testcases.PTSettingPageTest<br>Parameters: 13, Quicksipn Slot, org.testng.TestRunner@2d11e25a</td>
<td></td>
<td>4</td>
<td>AASProductTestCase.AASProductTest.qa.testcases.PTSettingPageTest@4f83df68</td></tr>
<tr>
<td title='AASProductTestCase.AASProductTest.qa.testcases.PTSettingPageTest.PTSettingCAPositiveTest01()'><b>PTSettingCAPositiveTest01</b><br>Test class: AASProductTestCase.AASProductTest.qa.testcases.PTSettingPageTest<br>Parameters: 14, Spade Gaming Slot, org.testng.TestRunner@2d11e25a</td>
<td></td>
<td>4</td>
<td>AASProductTestCase.AASProductTest.qa.testcases.PTSettingPageTest@4f83df68</td></tr>
<tr>
<td title='AASProductTestCase.AASProductTest.qa.testcases.PTSettingPageTest.PTSettingCAPositiveTest01()'><b>PTSettingCAPositiveTest01</b><br>Test class: AASProductTestCase.AASProductTest.qa.testcases.PTSettingPageTest<br>Parameters: 15, Play n Go, org.testng.TestRunner@2d11e25a</td>
<td></td>
<td>4</td>
<td>AASProductTestCase.AASProductTest.qa.testcases.PTSettingPageTest@4f83df68</td></tr>
<tr>
<td title='AASProductTestCase.AASProductTest.qa.testcases.PTSettingPageTest.PTSettingCAPositiveTest02()'><b>PTSettingCAPositiveTest02</b><br>Test class: AASProductTestCase.AASProductTest.qa.testcases.PTSettingPageTest<br>Parameters: 1, Evolution, org.testng.TestRunner@2d11e25a</td>
<td></td>
<td>1</td>
<td>AASProductTestCase.AASProductTest.qa.testcases.PTSettingPageTest@4f83df68</td></tr>
<tr>
<td title='AASProductTestCase.AASProductTest.qa.testcases.PTSettingPageTest.PTSettingCAPositiveTest02()'><b>PTSettingCAPositiveTest02</b><br>Test class: AASProductTestCase.AASProductTest.qa.testcases.PTSettingPageTest<br>Parameters: 2, Big Gaming, org.testng.TestRunner@2d11e25a</td>
<td></td>
<td>1</td>
<td>AASProductTestCase.AASProductTest.qa.testcases.PTSettingPageTest@4f83df68</td></tr>
<tr>
<td title='AASProductTestCase.AASProductTest.qa.testcases.PTSettingPageTest.PTSettingCAPositiveTest02()'><b>PTSettingCAPositiveTest02</b><br>Test class: AASProductTestCase.AASProductTest.qa.testcases.PTSettingPageTest<br>Parameters: 3, Micro Gaming, org.testng.TestRunner@2d11e25a</td>
<td></td>
<td>1</td>
<td>AASProductTestCase.AASProductTest.qa.testcases.PTSettingPageTest@4f83df68</td></tr>
<tr>
<td title='AASProductTestCase.AASProductTest.qa.testcases.PTSettingPageTest.PTSettingCAPositiveTest02()'><b>PTSettingCAPositiveTest02</b><br>Test class: AASProductTestCase.AASProductTest.qa.testcases.PTSettingPageTest<br>Parameters: 4, Asia Gaming, org.testng.TestRunner@2d11e25a</td>
<td></td>
<td>1</td>
<td>AASProductTestCase.AASProductTest.qa.testcases.PTSettingPageTest@4f83df68</td></tr>
<tr>
<td title='AASProductTestCase.AASProductTest.qa.testcases.PTSettingPageTest.PTSettingCAPositiveTest02()'><b>PTSettingCAPositiveTest02</b><br>Test class: AASProductTestCase.AASProductTest.qa.testcases.PTSettingPageTest<br>Parameters: 5, Dream Gaming, org.testng.TestRunner@2d11e25a</td>
<td></td>
<td>1</td>
<td>AASProductTestCase.AASProductTest.qa.testcases.PTSettingPageTest@4f83df68</td></tr>
<tr>
<td title='AASProductTestCase.AASProductTest.qa.testcases.PTSettingPageTest.PTSettingCAPositiveTest02()'><b>PTSettingCAPositiveTest02</b><br>Test class: AASProductTestCase.AASProductTest.qa.testcases.PTSettingPageTest<br>Parameters: 6, Paiza, org.testng.TestRunner@2d11e25a</td>
<td></td>
<td>1</td>
<td>AASProductTestCase.AASProductTest.qa.testcases.PTSettingPageTest@4f83df68</td></tr>
<tr>
<td title='AASProductTestCase.AASProductTest.qa.testcases.PTSettingPageTest.PTSettingCAPositiveTest02()'><b>PTSettingCAPositiveTest02</b><br>Test class: AASProductTestCase.AASProductTest.qa.testcases.PTSettingPageTest<br>Parameters: 7, Praagmatic Gaming, org.testng.TestRunner@2d11e25a</td>
<td></td>
<td>1</td>
<td>AASProductTestCase.AASProductTest.qa.testcases.PTSettingPageTest@4f83df68</td></tr>
<tr>
<td title='AASProductTestCase.AASProductTest.qa.testcases.PTSettingPageTest.PTSettingCAPositiveTest02()'><b>PTSettingCAPositiveTest02</b><br>Test class: AASProductTestCase.AASProductTest.qa.testcases.PTSettingPageTest<br>Parameters: 8, Sexy Gaming, org.testng.TestRunner@2d11e25a</td>
<td></td>
<td>1</td>
<td>AASProductTestCase.AASProductTest.qa.testcases.PTSettingPageTest@4f83df68</td></tr>
<tr>
<td title='AASProductTestCase.AASProductTest.qa.testcases.PTSettingPageTest.PTSettingCAPositiveTest02()'><b>PTSettingCAPositiveTest02</b><br>Test class: AASProductTestCase.AASProductTest.qa.testcases.PTSettingPageTest<br>Parameters: 9, Pragmatic Slot, org.testng.TestRunner@2d11e25a</td>
<td></td>
<td>1</td>
<td>AASProductTestCase.AASProductTest.qa.testcases.PTSettingPageTest@4f83df68</td></tr>
<tr>
<td title='AASProductTestCase.AASProductTest.qa.testcases.PTSettingPageTest.PTSettingCAPositiveTest02()'><b>PTSettingCAPositiveTest02</b><br>Test class: AASProductTestCase.AASProductTest.qa.testcases.PTSettingPageTest<br>Parameters: 10, Habanero Slot, org.testng.TestRunner@2d11e25a</td>
<td></td>
<td>1</td>
<td>AASProductTestCase.AASProductTest.qa.testcases.PTSettingPageTest@4f83df68</td></tr>
<tr>
<td title='AASProductTestCase.AASProductTest.qa.testcases.PTSettingPageTest.PTSettingCAPositiveTest02()'><b>PTSettingCAPositiveTest02</b><br>Test class: AASProductTestCase.AASProductTest.qa.testcases.PTSettingPageTest<br>Parameters: 11, Maverick Slot, org.testng.TestRunner@2d11e25a</td>
<td></td>
<td>1</td>
<td>AASProductTestCase.AASProductTest.qa.testcases.PTSettingPageTest@4f83df68</td></tr>
<tr>
<td title='AASProductTestCase.AASProductTest.qa.testcases.PTSettingPageTest.PTSettingCAPositiveTest02()'><b>PTSettingCAPositiveTest02</b><br>Test class: AASProductTestCase.AASProductTest.qa.testcases.PTSettingPageTest<br>Parameters: 12, Netent Slot, org.testng.TestRunner@2d11e25a</td>
<td></td>
<td>1</td>
<td>AASProductTestCase.AASProductTest.qa.testcases.PTSettingPageTest@4f83df68</td></tr>
<tr>
<td title='AASProductTestCase.AASProductTest.qa.testcases.PTSettingPageTest.PTSettingCAPositiveTest02()'><b>PTSettingCAPositiveTest02</b><br>Test class: AASProductTestCase.AASProductTest.qa.testcases.PTSettingPageTest<br>Parameters: 13, Quicksipn Slot, org.testng.TestRunner@2d11e25a</td>
<td></td>
<td>1</td>
<td>AASProductTestCase.AASProductTest.qa.testcases.PTSettingPageTest@4f83df68</td></tr>
<tr>
<td title='AASProductTestCase.AASProductTest.qa.testcases.PTSettingPageTest.PTSettingCAPositiveTest02()'><b>PTSettingCAPositiveTest02</b><br>Test class: AASProductTestCase.AASProductTest.qa.testcases.PTSettingPageTest<br>Parameters: 14, Spade Gaming Slot, org.testng.TestRunner@2d11e25a</td>
<td></td>
<td>1</td>
<td>AASProductTestCase.AASProductTest.qa.testcases.PTSettingPageTest@4f83df68</td></tr>
<tr>
<td title='AASProductTestCase.AASProductTest.qa.testcases.PTSettingPageTest.PTSettingCAPositiveTest02()'><b>PTSettingCAPositiveTest02</b><br>Test class: AASProductTestCase.AASProductTest.qa.testcases.PTSettingPageTest<br>Parameters: 15, Play n Go, org.testng.TestRunner@2d11e25a</td>
<td></td>
<td>1</td>
<td>AASProductTestCase.AASProductTest.qa.testcases.PTSettingPageTest@4f83df68</td></tr>
<tr>
<td title='AASProductTestCase.AASProductTest.qa.testcases.PTSettingPageTest.PTSettingMAGivenPTCheck()'><b>PTSettingMAGivenPTCheck</b><br>Test class: AASProductTestCase.AASProductTest.qa.testcases.PTSettingPageTest<br>Parameters: 1, Evolution, org.testng.TestRunner@2d11e25a</td>
<td></td>
<td>1</td>
<td>AASProductTestCase.AASProductTest.qa.testcases.PTSettingPageTest@4f83df68</td></tr>
<tr>
<td title='AASProductTestCase.AASProductTest.qa.testcases.PTSettingPageTest.PTSettingMAGivenPTCheck()'><b>PTSettingMAGivenPTCheck</b><br>Test class: AASProductTestCase.AASProductTest.qa.testcases.PTSettingPageTest<br>Parameters: 2, Big Gaming, org.testng.TestRunner@2d11e25a</td>
<td></td>
<td>1</td>
<td>AASProductTestCase.AASProductTest.qa.testcases.PTSettingPageTest@4f83df68</td></tr>
<tr>
<td title='AASProductTestCase.AASProductTest.qa.testcases.PTSettingPageTest.PTSettingMAGivenPTCheck()'><b>PTSettingMAGivenPTCheck</b><br>Test class: AASProductTestCase.AASProductTest.qa.testcases.PTSettingPageTest<br>Parameters: 3, Micro Gaming, org.testng.TestRunner@2d11e25a</td>
<td></td>
<td>1</td>
<td>AASProductTestCase.AASProductTest.qa.testcases.PTSettingPageTest@4f83df68</td></tr>
<tr>
<td title='AASProductTestCase.AASProductTest.qa.testcases.PTSettingPageTest.PTSettingMAGivenPTCheck()'><b>PTSettingMAGivenPTCheck</b><br>Test class: AASProductTestCase.AASProductTest.qa.testcases.PTSettingPageTest<br>Parameters: 4, Asia Gaming, org.testng.TestRunner@2d11e25a</td>
<td></td>
<td>1</td>
<td>AASProductTestCase.AASProductTest.qa.testcases.PTSettingPageTest@4f83df68</td></tr>
<tr>
<td title='AASProductTestCase.AASProductTest.qa.testcases.PTSettingPageTest.PTSettingMAGivenPTCheck()'><b>PTSettingMAGivenPTCheck</b><br>Test class: AASProductTestCase.AASProductTest.qa.testcases.PTSettingPageTest<br>Parameters: 5, Dream Gaming, org.testng.TestRunner@2d11e25a</td>
<td></td>
<td>1</td>
<td>AASProductTestCase.AASProductTest.qa.testcases.PTSettingPageTest@4f83df68</td></tr>
<tr>
<td title='AASProductTestCase.AASProductTest.qa.testcases.PTSettingPageTest.PTSettingMAGivenPTCheck()'><b>PTSettingMAGivenPTCheck</b><br>Test class: AASProductTestCase.AASProductTest.qa.testcases.PTSettingPageTest<br>Parameters: 6, Paiza, org.testng.TestRunner@2d11e25a</td>
<td></td>
<td>1</td>
<td>AASProductTestCase.AASProductTest.qa.testcases.PTSettingPageTest@4f83df68</td></tr>
<tr>
<td title='AASProductTestCase.AASProductTest.qa.testcases.PTSettingPageTest.PTSettingMAGivenPTCheck()'><b>PTSettingMAGivenPTCheck</b><br>Test class: AASProductTestCase.AASProductTest.qa.testcases.PTSettingPageTest<br>Parameters: 7, Praagmatic Gaming, org.testng.TestRunner@2d11e25a</td>
<td></td>
<td>1</td>
<td>AASProductTestCase.AASProductTest.qa.testcases.PTSettingPageTest@4f83df68</td></tr>
<tr>
<td title='AASProductTestCase.AASProductTest.qa.testcases.PTSettingPageTest.PTSettingMAGivenPTCheck()'><b>PTSettingMAGivenPTCheck</b><br>Test class: AASProductTestCase.AASProductTest.qa.testcases.PTSettingPageTest<br>Parameters: 8, Sexy Gaming, org.testng.TestRunner@2d11e25a</td>
<td></td>
<td>1</td>
<td>AASProductTestCase.AASProductTest.qa.testcases.PTSettingPageTest@4f83df68</td></tr>
<tr>
<td title='AASProductTestCase.AASProductTest.qa.testcases.PTSettingPageTest.PTSettingMAGivenPTCheck()'><b>PTSettingMAGivenPTCheck</b><br>Test class: AASProductTestCase.AASProductTest.qa.testcases.PTSettingPageTest<br>Parameters: 9, Pragmatic Slot, org.testng.TestRunner@2d11e25a</td>
<td></td>
<td>1</td>
<td>AASProductTestCase.AASProductTest.qa.testcases.PTSettingPageTest@4f83df68</td></tr>
<tr>
<td title='AASProductTestCase.AASProductTest.qa.testcases.PTSettingPageTest.PTSettingMAGivenPTCheck()'><b>PTSettingMAGivenPTCheck</b><br>Test class: AASProductTestCase.AASProductTest.qa.testcases.PTSettingPageTest<br>Parameters: 10, Habanero Slot, org.testng.TestRunner@2d11e25a</td>
<td></td>
<td>1</td>
<td>AASProductTestCase.AASProductTest.qa.testcases.PTSettingPageTest@4f83df68</td></tr>
<tr>
<td title='AASProductTestCase.AASProductTest.qa.testcases.PTSettingPageTest.PTSettingMAGivenPTCheck()'><b>PTSettingMAGivenPTCheck</b><br>Test class: AASProductTestCase.AASProductTest.qa.testcases.PTSettingPageTest<br>Parameters: 11, Maverick Slot, org.testng.TestRunner@2d11e25a</td>
<td></td>
<td>1</td>
<td>AASProductTestCase.AASProductTest.qa.testcases.PTSettingPageTest@4f83df68</td></tr>
<tr>
<td title='AASProductTestCase.AASProductTest.qa.testcases.PTSettingPageTest.PTSettingMAGivenPTCheck()'><b>PTSettingMAGivenPTCheck</b><br>Test class: AASProductTestCase.AASProductTest.qa.testcases.PTSettingPageTest<br>Parameters: 12, Netent Slot, org.testng.TestRunner@2d11e25a</td>
<td></td>
<td>1</td>
<td>AASProductTestCase.AASProductTest.qa.testcases.PTSettingPageTest@4f83df68</td></tr>
<tr>
<td title='AASProductTestCase.AASProductTest.qa.testcases.PTSettingPageTest.PTSettingMAGivenPTCheck()'><b>PTSettingMAGivenPTCheck</b><br>Test class: AASProductTestCase.AASProductTest.qa.testcases.PTSettingPageTest<br>Parameters: 13, Quicksipn Slot, org.testng.TestRunner@2d11e25a</td>
<td></td>
<td>1</td>
<td>AASProductTestCase.AASProductTest.qa.testcases.PTSettingPageTest@4f83df68</td></tr>
<tr>
<td title='AASProductTestCase.AASProductTest.qa.testcases.PTSettingPageTest.PTSettingMAGivenPTCheck()'><b>PTSettingMAGivenPTCheck</b><br>Test class: AASProductTestCase.AASProductTest.qa.testcases.PTSettingPageTest<br>Parameters: 14, Spade Gaming Slot, org.testng.TestRunner@2d11e25a</td>
<td></td>
<td>1</td>
<td>AASProductTestCase.AASProductTest.qa.testcases.PTSettingPageTest@4f83df68</td></tr>
<tr>
<td title='AASProductTestCase.AASProductTest.qa.testcases.PTSettingPageTest.PTSettingMAGivenPTCheck()'><b>PTSettingMAGivenPTCheck</b><br>Test class: AASProductTestCase.AASProductTest.qa.testcases.PTSettingPageTest<br>Parameters: 15, Play n Go, org.testng.TestRunner@2d11e25a</td>
<td></td>
<td>1</td>
<td>AASProductTestCase.AASProductTest.qa.testcases.PTSettingPageTest@4f83df68</td></tr>
<tr>
<td title='AASProductTestCase.AASProductTest.qa.testcases.PTSettingPageTest.PTSettingMAGroupUpdate()'><b>PTSettingMAGroupUpdate</b><br>Test class: AASProductTestCase.AASProductTest.qa.testcases.PTSettingPageTest<br>Parameters: org.testng.TestRunner@2d11e25a</td>
<td></td>
<td>8</td>
<td>AASProductTestCase.AASProductTest.qa.testcases.PTSettingPageTest@4f83df68</td></tr>
<tr>
<td title='AASProductTestCase.AASProductTest.qa.testcases.PTSettingPageTest.PTSettingMANegativeTest01()'><b>PTSettingMANegativeTest01</b><br>Test class: AASProductTestCase.AASProductTest.qa.testcases.PTSettingPageTest<br>Parameters: 7, Praagmatic Gaming, org.testng.TestRunner@2d11e25a</td>
<td></td>
<td>4</td>
<td>AASProductTestCase.AASProductTest.qa.testcases.PTSettingPageTest@4f83df68</td></tr>
<tr>
<td title='AASProductTestCase.AASProductTest.qa.testcases.PTSettingPageTest.PTSettingSMAGivenPTCheck()'><b>PTSettingSMAGivenPTCheck</b><br>Test class: AASProductTestCase.AASProductTest.qa.testcases.PTSettingPageTest<br>Parameters: 1, Evolution, org.testng.TestRunner@2d11e25a</td>
<td></td>
<td>1</td>
<td>AASProductTestCase.AASProductTest.qa.testcases.PTSettingPageTest@4f83df68</td></tr>
<tr>
<td title='AASProductTestCase.AASProductTest.qa.testcases.PTSettingPageTest.PTSettingSMAGivenPTCheck()'><b>PTSettingSMAGivenPTCheck</b><br>Test class: AASProductTestCase.AASProductTest.qa.testcases.PTSettingPageTest<br>Parameters: 2, Big Gaming, org.testng.TestRunner@2d11e25a</td>
<td></td>
<td>1</td>
<td>AASProductTestCase.AASProductTest.qa.testcases.PTSettingPageTest@4f83df68</td></tr>
<tr>
<td title='AASProductTestCase.AASProductTest.qa.testcases.PTSettingPageTest.PTSettingSMAGivenPTCheck()'><b>PTSettingSMAGivenPTCheck</b><br>Test class: AASProductTestCase.AASProductTest.qa.testcases.PTSettingPageTest<br>Parameters: 3, Micro Gaming, org.testng.TestRunner@2d11e25a</td>
<td></td>
<td>1</td>
<td>AASProductTestCase.AASProductTest.qa.testcases.PTSettingPageTest@4f83df68</td></tr>
<tr>
<td title='AASProductTestCase.AASProductTest.qa.testcases.PTSettingPageTest.PTSettingSMAGivenPTCheck()'><b>PTSettingSMAGivenPTCheck</b><br>Test class: AASProductTestCase.AASProductTest.qa.testcases.PTSettingPageTest<br>Parameters: 4, Asia Gaming, org.testng.TestRunner@2d11e25a</td>
<td></td>
<td>1</td>
<td>AASProductTestCase.AASProductTest.qa.testcases.PTSettingPageTest@4f83df68</td></tr>
<tr>
<td title='AASProductTestCase.AASProductTest.qa.testcases.PTSettingPageTest.PTSettingSMAGivenPTCheck()'><b>PTSettingSMAGivenPTCheck</b><br>Test class: AASProductTestCase.AASProductTest.qa.testcases.PTSettingPageTest<br>Parameters: 5, Dream Gaming, org.testng.TestRunner@2d11e25a</td>
<td></td>
<td>1</td>
<td>AASProductTestCase.AASProductTest.qa.testcases.PTSettingPageTest@4f83df68</td></tr>
<tr>
<td title='AASProductTestCase.AASProductTest.qa.testcases.PTSettingPageTest.PTSettingSMAGivenPTCheck()'><b>PTSettingSMAGivenPTCheck</b><br>Test class: AASProductTestCase.AASProductTest.qa.testcases.PTSettingPageTest<br>Parameters: 6, Paiza, org.testng.TestRunner@2d11e25a</td>
<td></td>
<td>1</td>
<td>AASProductTestCase.AASProductTest.qa.testcases.PTSettingPageTest@4f83df68</td></tr>
<tr>
<td title='AASProductTestCase.AASProductTest.qa.testcases.PTSettingPageTest.PTSettingSMAGivenPTCheck()'><b>PTSettingSMAGivenPTCheck</b><br>Test class: AASProductTestCase.AASProductTest.qa.testcases.PTSettingPageTest<br>Parameters: 7, Praagmatic Gaming, org.testng.TestRunner@2d11e25a</td>
<td></td>
<td>1</td>
<td>AASProductTestCase.AASProductTest.qa.testcases.PTSettingPageTest@4f83df68</td></tr>
<tr>
<td title='AASProductTestCase.AASProductTest.qa.testcases.PTSettingPageTest.PTSettingSMAGivenPTCheck()'><b>PTSettingSMAGivenPTCheck</b><br>Test class: AASProductTestCase.AASProductTest.qa.testcases.PTSettingPageTest<br>Parameters: 8, Sexy Gaming, org.testng.TestRunner@2d11e25a</td>
<td></td>
<td>1</td>
<td>AASProductTestCase.AASProductTest.qa.testcases.PTSettingPageTest@4f83df68</td></tr>
<tr>
<td title='AASProductTestCase.AASProductTest.qa.testcases.PTSettingPageTest.PTSettingSMAGivenPTCheck()'><b>PTSettingSMAGivenPTCheck</b><br>Test class: AASProductTestCase.AASProductTest.qa.testcases.PTSettingPageTest<br>Parameters: 9, Pragmatic Slot, org.testng.TestRunner@2d11e25a</td>
<td></td>
<td>1</td>
<td>AASProductTestCase.AASProductTest.qa.testcases.PTSettingPageTest@4f83df68</td></tr>
<tr>
<td title='AASProductTestCase.AASProductTest.qa.testcases.PTSettingPageTest.PTSettingSMAGivenPTCheck()'><b>PTSettingSMAGivenPTCheck</b><br>Test class: AASProductTestCase.AASProductTest.qa.testcases.PTSettingPageTest<br>Parameters: 10, Habanero Slot, org.testng.TestRunner@2d11e25a</td>
<td></td>
<td>1</td>
<td>AASProductTestCase.AASProductTest.qa.testcases.PTSettingPageTest@4f83df68</td></tr>
<tr>
<td title='AASProductTestCase.AASProductTest.qa.testcases.PTSettingPageTest.PTSettingSMAGivenPTCheck()'><b>PTSettingSMAGivenPTCheck</b><br>Test class: AASProductTestCase.AASProductTest.qa.testcases.PTSettingPageTest<br>Parameters: 11, Maverick Slot, org.testng.TestRunner@2d11e25a</td>
<td></td>
<td>1</td>
<td>AASProductTestCase.AASProductTest.qa.testcases.PTSettingPageTest@4f83df68</td></tr>
<tr>
<td title='AASProductTestCase.AASProductTest.qa.testcases.PTSettingPageTest.PTSettingSMAGivenPTCheck()'><b>PTSettingSMAGivenPTCheck</b><br>Test class: AASProductTestCase.AASProductTest.qa.testcases.PTSettingPageTest<br>Parameters: 12, Netent Slot, org.testng.TestRunner@2d11e25a</td>
<td></td>
<td>1</td>
<td>AASProductTestCase.AASProductTest.qa.testcases.PTSettingPageTest@4f83df68</td></tr>
<tr>
<td title='AASProductTestCase.AASProductTest.qa.testcases.PTSettingPageTest.PTSettingSMAGivenPTCheck()'><b>PTSettingSMAGivenPTCheck</b><br>Test class: AASProductTestCase.AASProductTest.qa.testcases.PTSettingPageTest<br>Parameters: 13, Quicksipn Slot, org.testng.TestRunner@2d11e25a</td>
<td></td>
<td>1</td>
<td>AASProductTestCase.AASProductTest.qa.testcases.PTSettingPageTest@4f83df68</td></tr>
<tr>
<td title='AASProductTestCase.AASProductTest.qa.testcases.PTSettingPageTest.PTSettingSMAGivenPTCheck()'><b>PTSettingSMAGivenPTCheck</b><br>Test class: AASProductTestCase.AASProductTest.qa.testcases.PTSettingPageTest<br>Parameters: 14, Spade Gaming Slot, org.testng.TestRunner@2d11e25a</td>
<td></td>
<td>1</td>
<td>AASProductTestCase.AASProductTest.qa.testcases.PTSettingPageTest@4f83df68</td></tr>
<tr>
<td title='AASProductTestCase.AASProductTest.qa.testcases.PTSettingPageTest.PTSettingSMAGivenPTCheck()'><b>PTSettingSMAGivenPTCheck</b><br>Test class: AASProductTestCase.AASProductTest.qa.testcases.PTSettingPageTest<br>Parameters: 15, Play n Go, org.testng.TestRunner@2d11e25a</td>
<td></td>
<td>1</td>
<td>AASProductTestCase.AASProductTest.qa.testcases.PTSettingPageTest@4f83df68</td></tr>
<tr>
<td title='AASProductTestCase.AASProductTest.qa.testcases.PTSettingPageTest.PTSettingSMAGroupUpdate()'><b>PTSettingSMAGroupUpdate</b><br>Test class: AASProductTestCase.AASProductTest.qa.testcases.PTSettingPageTest<br>Parameters: org.testng.TestRunner@2d11e25a</td>
<td></td>
<td>8</td>
<td>AASProductTestCase.AASProductTest.qa.testcases.PTSettingPageTest@4f83df68</td></tr>
<tr>
<td title='AASProductTestCase.AASProductTest.qa.testcases.PTSettingPageTest.PTSettingSMANegativeTest01()'><b>PTSettingSMANegativeTest01</b><br>Test class: AASProductTestCase.AASProductTest.qa.testcases.PTSettingPageTest<br>Parameters: 1, Evolution, org.testng.TestRunner@2d11e25a</td>
<td></td>
<td>4</td>
<td>AASProductTestCase.AASProductTest.qa.testcases.PTSettingPageTest@4f83df68</td></tr>
<tr>
<td title='AASProductTestCase.AASProductTest.qa.testcases.PTSettingPageTest.PTSettingSMANegativeTest01()'><b>PTSettingSMANegativeTest01</b><br>Test class: AASProductTestCase.AASProductTest.qa.testcases.PTSettingPageTest<br>Parameters: 2, Big Gaming, org.testng.TestRunner@2d11e25a</td>
<td></td>
<td>4</td>
<td>AASProductTestCase.AASProductTest.qa.testcases.PTSettingPageTest@4f83df68</td></tr>
<tr>
<td title='AASProductTestCase.AASProductTest.qa.testcases.PTSettingPageTest.PTSettingSMANegativeTest01()'><b>PTSettingSMANegativeTest01</b><br>Test class: AASProductTestCase.AASProductTest.qa.testcases.PTSettingPageTest<br>Parameters: 3, Micro Gaming, org.testng.TestRunner@2d11e25a</td>
<td></td>
<td>4</td>
<td>AASProductTestCase.AASProductTest.qa.testcases.PTSettingPageTest@4f83df68</td></tr>
<tr>
<td title='AASProductTestCase.AASProductTest.qa.testcases.PTSettingPageTest.PTSettingSMANegativeTest01()'><b>PTSettingSMANegativeTest01</b><br>Test class: AASProductTestCase.AASProductTest.qa.testcases.PTSettingPageTest<br>Parameters: 4, Asia Gaming, org.testng.TestRunner@2d11e25a</td>
<td></td>
<td>4</td>
<td>AASProductTestCase.AASProductTest.qa.testcases.PTSettingPageTest@4f83df68</td></tr>
<tr>
<td title='AASProductTestCase.AASProductTest.qa.testcases.PTSettingPageTest.PTSettingSMANegativeTest01()'><b>PTSettingSMANegativeTest01</b><br>Test class: AASProductTestCase.AASProductTest.qa.testcases.PTSettingPageTest<br>Parameters: 5, Dream Gaming, org.testng.TestRunner@2d11e25a</td>
<td></td>
<td>4</td>
<td>AASProductTestCase.AASProductTest.qa.testcases.PTSettingPageTest@4f83df68</td></tr>
<tr>
<td title='AASProductTestCase.AASProductTest.qa.testcases.PTSettingPageTest.PTSettingSMANegativeTest01()'><b>PTSettingSMANegativeTest01</b><br>Test class: AASProductTestCase.AASProductTest.qa.testcases.PTSettingPageTest<br>Parameters: 6, Paiza, org.testng.TestRunner@2d11e25a</td>
<td></td>
<td>4</td>
<td>AASProductTestCase.AASProductTest.qa.testcases.PTSettingPageTest@4f83df68</td></tr>
<tr>
<td title='AASProductTestCase.AASProductTest.qa.testcases.PTSettingPageTest.PTSettingSMANegativeTest01()'><b>PTSettingSMANegativeTest01</b><br>Test class: AASProductTestCase.AASProductTest.qa.testcases.PTSettingPageTest<br>Parameters: 7, Praagmatic Gaming, org.testng.TestRunner@2d11e25a</td>
<td></td>
<td>4</td>
<td>AASProductTestCase.AASProductTest.qa.testcases.PTSettingPageTest@4f83df68</td></tr>
<tr>
<td title='AASProductTestCase.AASProductTest.qa.testcases.PTSettingPageTest.PTSettingSMANegativeTest01()'><b>PTSettingSMANegativeTest01</b><br>Test class: AASProductTestCase.AASProductTest.qa.testcases.PTSettingPageTest<br>Parameters: 8, Sexy Gaming, org.testng.TestRunner@2d11e25a</td>
<td></td>
<td>4</td>
<td>AASProductTestCase.AASProductTest.qa.testcases.PTSettingPageTest@4f83df68</td></tr>
<tr>
<td title='AASProductTestCase.AASProductTest.qa.testcases.PTSettingPageTest.PTSettingSMANegativeTest01()'><b>PTSettingSMANegativeTest01</b><br>Test class: AASProductTestCase.AASProductTest.qa.testcases.PTSettingPageTest<br>Parameters: 9, Pragmatic Slot, org.testng.TestRunner@2d11e25a</td>
<td></td>
<td>4</td>
<td>AASProductTestCase.AASProductTest.qa.testcases.PTSettingPageTest@4f83df68</td></tr>
<tr>
<td title='AASProductTestCase.AASProductTest.qa.testcases.PTSettingPageTest.PTSettingSMANegativeTest01()'><b>PTSettingSMANegativeTest01</b><br>Test class: AASProductTestCase.AASProductTest.qa.testcases.PTSettingPageTest<br>Parameters: 10, Habanero Slot, org.testng.TestRunner@2d11e25a</td>
<td></td>
<td>4</td>
<td>AASProductTestCase.AASProductTest.qa.testcases.PTSettingPageTest@4f83df68</td></tr>
<tr>
<td title='AASProductTestCase.AASProductTest.qa.testcases.PTSettingPageTest.PTSettingSMANegativeTest01()'><b>PTSettingSMANegativeTest01</b><br>Test class: AASProductTestCase.AASProductTest.qa.testcases.PTSettingPageTest<br>Parameters: 11, Maverick Slot, org.testng.TestRunner@2d11e25a</td>
<td></td>
<td>4</td>
<td>AASProductTestCase.AASProductTest.qa.testcases.PTSettingPageTest@4f83df68</td></tr>
<tr>
<td title='AASProductTestCase.AASProductTest.qa.testcases.PTSettingPageTest.PTSettingSMANegativeTest01()'><b>PTSettingSMANegativeTest01</b><br>Test class: AASProductTestCase.AASProductTest.qa.testcases.PTSettingPageTest<br>Parameters: 12, Netent Slot, org.testng.TestRunner@2d11e25a</td>
<td></td>
<td>4</td>
<td>AASProductTestCase.AASProductTest.qa.testcases.PTSettingPageTest@4f83df68</td></tr>
<tr>
<td title='AASProductTestCase.AASProductTest.qa.testcases.PTSettingPageTest.PTSettingSMANegativeTest01()'><b>PTSettingSMANegativeTest01</b><br>Test class: AASProductTestCase.AASProductTest.qa.testcases.PTSettingPageTest<br>Parameters: 13, Quicksipn Slot, org.testng.TestRunner@2d11e25a</td>
<td></td>
<td>4</td>
<td>AASProductTestCase.AASProductTest.qa.testcases.PTSettingPageTest@4f83df68</td></tr>
<tr>
<td title='AASProductTestCase.AASProductTest.qa.testcases.PTSettingPageTest.PTSettingSMANegativeTest01()'><b>PTSettingSMANegativeTest01</b><br>Test class: AASProductTestCase.AASProductTest.qa.testcases.PTSettingPageTest<br>Parameters: 14, Spade Gaming Slot, org.testng.TestRunner@2d11e25a</td>
<td></td>
<td>4</td>
<td>AASProductTestCase.AASProductTest.qa.testcases.PTSettingPageTest@4f83df68</td></tr>
<tr>
<td title='AASProductTestCase.AASProductTest.qa.testcases.PTSettingPageTest.PTSettingSMANegativeTest01()'><b>PTSettingSMANegativeTest01</b><br>Test class: AASProductTestCase.AASProductTest.qa.testcases.PTSettingPageTest<br>Parameters: 15, Play n Go, org.testng.TestRunner@2d11e25a</td>
<td></td>
<td>4</td>
<td>AASProductTestCase.AASProductTest.qa.testcases.PTSettingPageTest@4f83df68</td></tr>
<tr>
<td title='AASProductTestCase.AASProductTest.qa.testcases.PTSettingPageTest.PTSettingSMANegativeTest02()'><b>PTSettingSMANegativeTest02</b><br>Test class: AASProductTestCase.AASProductTest.qa.testcases.PTSettingPageTest<br>Parameters: 1, Evolution, org.testng.TestRunner@2d11e25a</td>
<td></td>
<td>4</td>
<td>AASProductTestCase.AASProductTest.qa.testcases.PTSettingPageTest@4f83df68</td></tr>
<tr>
<td title='AASProductTestCase.AASProductTest.qa.testcases.PTSettingPageTest.PTSettingSMANegativeTest02()'><b>PTSettingSMANegativeTest02</b><br>Test class: AASProductTestCase.AASProductTest.qa.testcases.PTSettingPageTest<br>Parameters: 2, Big Gaming, org.testng.TestRunner@2d11e25a</td>
<td></td>
<td>4</td>
<td>AASProductTestCase.AASProductTest.qa.testcases.PTSettingPageTest@4f83df68</td></tr>
<tr>
<td title='AASProductTestCase.AASProductTest.qa.testcases.PTSettingPageTest.PTSettingSMANegativeTest02()'><b>PTSettingSMANegativeTest02</b><br>Test class: AASProductTestCase.AASProductTest.qa.testcases.PTSettingPageTest<br>Parameters: 3, Micro Gaming, org.testng.TestRunner@2d11e25a</td>
<td></td>
<td>4</td>
<td>AASProductTestCase.AASProductTest.qa.testcases.PTSettingPageTest@4f83df68</td></tr>
<tr>
<td title='AASProductTestCase.AASProductTest.qa.testcases.PTSettingPageTest.PTSettingSMANegativeTest02()'><b>PTSettingSMANegativeTest02</b><br>Test class: AASProductTestCase.AASProductTest.qa.testcases.PTSettingPageTest<br>Parameters: 4, Asia Gaming, org.testng.TestRunner@2d11e25a</td>
<td></td>
<td>4</td>
<td>AASProductTestCase.AASProductTest.qa.testcases.PTSettingPageTest@4f83df68</td></tr>
<tr>
<td title='AASProductTestCase.AASProductTest.qa.testcases.PTSettingPageTest.PTSettingSMANegativeTest02()'><b>PTSettingSMANegativeTest02</b><br>Test class: AASProductTestCase.AASProductTest.qa.testcases.PTSettingPageTest<br>Parameters: 5, Dream Gaming, org.testng.TestRunner@2d11e25a</td>
<td></td>
<td>4</td>
<td>AASProductTestCase.AASProductTest.qa.testcases.PTSettingPageTest@4f83df68</td></tr>
<tr>
<td title='AASProductTestCase.AASProductTest.qa.testcases.PTSettingPageTest.PTSettingSMANegativeTest02()'><b>PTSettingSMANegativeTest02</b><br>Test class: AASProductTestCase.AASProductTest.qa.testcases.PTSettingPageTest<br>Parameters: 6, Paiza, org.testng.TestRunner@2d11e25a</td>
<td></td>
<td>4</td>
<td>AASProductTestCase.AASProductTest.qa.testcases.PTSettingPageTest@4f83df68</td></tr>
<tr>
<td title='AASProductTestCase.AASProductTest.qa.testcases.PTSettingPageTest.PTSettingSMANegativeTest02()'><b>PTSettingSMANegativeTest02</b><br>Test class: AASProductTestCase.AASProductTest.qa.testcases.PTSettingPageTest<br>Parameters: 7, Praagmatic Gaming, org.testng.TestRunner@2d11e25a</td>
<td></td>
<td>4</td>
<td>AASProductTestCase.AASProductTest.qa.testcases.PTSettingPageTest@4f83df68</td></tr>
<tr>
<td title='AASProductTestCase.AASProductTest.qa.testcases.PTSettingPageTest.PTSettingSMANegativeTest02()'><b>PTSettingSMANegativeTest02</b><br>Test class: AASProductTestCase.AASProductTest.qa.testcases.PTSettingPageTest<br>Parameters: 8, Sexy Gaming, org.testng.TestRunner@2d11e25a</td>
<td></td>
<td>4</td>
<td>AASProductTestCase.AASProductTest.qa.testcases.PTSettingPageTest@4f83df68</td></tr>
<tr>
<td title='AASProductTestCase.AASProductTest.qa.testcases.PTSettingPageTest.PTSettingSMANegativeTest02()'><b>PTSettingSMANegativeTest02</b><br>Test class: AASProductTestCase.AASProductTest.qa.testcases.PTSettingPageTest<br>Parameters: 9, Pragmatic Slot, org.testng.TestRunner@2d11e25a</td>
<td></td>
<td>4</td>
<td>AASProductTestCase.AASProductTest.qa.testcases.PTSettingPageTest@4f83df68</td></tr>
<tr>
<td title='AASProductTestCase.AASProductTest.qa.testcases.PTSettingPageTest.PTSettingSMANegativeTest02()'><b>PTSettingSMANegativeTest02</b><br>Test class: AASProductTestCase.AASProductTest.qa.testcases.PTSettingPageTest<br>Parameters: 10, Habanero Slot, org.testng.TestRunner@2d11e25a</td>
<td></td>
<td>4</td>
<td>AASProductTestCase.AASProductTest.qa.testcases.PTSettingPageTest@4f83df68</td></tr>
<tr>
<td title='AASProductTestCase.AASProductTest.qa.testcases.PTSettingPageTest.PTSettingSMANegativeTest02()'><b>PTSettingSMANegativeTest02</b><br>Test class: AASProductTestCase.AASProductTest.qa.testcases.PTSettingPageTest<br>Parameters: 11, Maverick Slot, org.testng.TestRunner@2d11e25a</td>
<td></td>
<td>4</td>
<td>AASProductTestCase.AASProductTest.qa.testcases.PTSettingPageTest@4f83df68</td></tr>
<tr>
<td title='AASProductTestCase.AASProductTest.qa.testcases.PTSettingPageTest.PTSettingSMANegativeTest02()'><b>PTSettingSMANegativeTest02</b><br>Test class: AASProductTestCase.AASProductTest.qa.testcases.PTSettingPageTest<br>Parameters: 12, Netent Slot, org.testng.TestRunner@2d11e25a</td>
<td></td>
<td>4</td>
<td>AASProductTestCase.AASProductTest.qa.testcases.PTSettingPageTest@4f83df68</td></tr>
<tr>
<td title='AASProductTestCase.AASProductTest.qa.testcases.PTSettingPageTest.PTSettingSMANegativeTest02()'><b>PTSettingSMANegativeTest02</b><br>Test class: AASProductTestCase.AASProductTest.qa.testcases.PTSettingPageTest<br>Parameters: 13, Quicksipn Slot, org.testng.TestRunner@2d11e25a</td>
<td></td>
<td>4</td>
<td>AASProductTestCase.AASProductTest.qa.testcases.PTSettingPageTest@4f83df68</td></tr>
<tr>
<td title='AASProductTestCase.AASProductTest.qa.testcases.PTSettingPageTest.PTSettingSMANegativeTest02()'><b>PTSettingSMANegativeTest02</b><br>Test class: AASProductTestCase.AASProductTest.qa.testcases.PTSettingPageTest<br>Parameters: 14, Spade Gaming Slot, org.testng.TestRunner@2d11e25a</td>
<td></td>
<td>4</td>
<td>AASProductTestCase.AASProductTest.qa.testcases.PTSettingPageTest@4f83df68</td></tr>
<tr>
<td title='AASProductTestCase.AASProductTest.qa.testcases.PTSettingPageTest.PTSettingSMANegativeTest02()'><b>PTSettingSMANegativeTest02</b><br>Test class: AASProductTestCase.AASProductTest.qa.testcases.PTSettingPageTest<br>Parameters: 15, Play n Go, org.testng.TestRunner@2d11e25a</td>
<td></td>
<td>4</td>
<td>AASProductTestCase.AASProductTest.qa.testcases.PTSettingPageTest@4f83df68</td></tr>
<tr>
<td title='AASProductTestCase.AASProductTest.qa.testcases.PTSettingPageTest.PTSettingSMAPositiveTest01()'><b>PTSettingSMAPositiveTest01</b><br>Test class: AASProductTestCase.AASProductTest.qa.testcases.PTSettingPageTest<br>Parameters: 1, Evolution, org.testng.TestRunner@2d11e25a</td>
<td></td>
<td>5</td>
<td>AASProductTestCase.AASProductTest.qa.testcases.PTSettingPageTest@4f83df68</td></tr>
<tr>
<td title='AASProductTestCase.AASProductTest.qa.testcases.PTSettingPageTest.PTSettingSMAPositiveTest01()'><b>PTSettingSMAPositiveTest01</b><br>Test class: AASProductTestCase.AASProductTest.qa.testcases.PTSettingPageTest<br>Parameters: 2, Big Gaming, org.testng.TestRunner@2d11e25a</td>
<td></td>
<td>4</td>
<td>AASProductTestCase.AASProductTest.qa.testcases.PTSettingPageTest@4f83df68</td></tr>
<tr>
<td title='AASProductTestCase.AASProductTest.qa.testcases.PTSettingPageTest.PTSettingSMAPositiveTest01()'><b>PTSettingSMAPositiveTest01</b><br>Test class: AASProductTestCase.AASProductTest.qa.testcases.PTSettingPageTest<br>Parameters: 3, Micro Gaming, org.testng.TestRunner@2d11e25a</td>
<td></td>
<td>4</td>
<td>AASProductTestCase.AASProductTest.qa.testcases.PTSettingPageTest@4f83df68</td></tr>
<tr>
<td title='AASProductTestCase.AASProductTest.qa.testcases.PTSettingPageTest.PTSettingSMAPositiveTest01()'><b>PTSettingSMAPositiveTest01</b><br>Test class: AASProductTestCase.AASProductTest.qa.testcases.PTSettingPageTest<br>Parameters: 4, Asia Gaming, org.testng.TestRunner@2d11e25a</td>
<td></td>
<td>4</td>
<td>AASProductTestCase.AASProductTest.qa.testcases.PTSettingPageTest@4f83df68</td></tr>
<tr>
<td title='AASProductTestCase.AASProductTest.qa.testcases.PTSettingPageTest.PTSettingSMAPositiveTest01()'><b>PTSettingSMAPositiveTest01</b><br>Test class: AASProductTestCase.AASProductTest.qa.testcases.PTSettingPageTest<br>Parameters: 5, Dream Gaming, org.testng.TestRunner@2d11e25a</td>
<td></td>
<td>4</td>
<td>AASProductTestCase.AASProductTest.qa.testcases.PTSettingPageTest@4f83df68</td></tr>
<tr>
<td title='AASProductTestCase.AASProductTest.qa.testcases.PTSettingPageTest.PTSettingSMAPositiveTest01()'><b>PTSettingSMAPositiveTest01</b><br>Test class: AASProductTestCase.AASProductTest.qa.testcases.PTSettingPageTest<br>Parameters: 6, Paiza, org.testng.TestRunner@2d11e25a</td>
<td></td>
<td>4</td>
<td>AASProductTestCase.AASProductTest.qa.testcases.PTSettingPageTest@4f83df68</td></tr>
<tr>
<td title='AASProductTestCase.AASProductTest.qa.testcases.PTSettingPageTest.PTSettingSMAPositiveTest01()'><b>PTSettingSMAPositiveTest01</b><br>Test class: AASProductTestCase.AASProductTest.qa.testcases.PTSettingPageTest<br>Parameters: 8, Sexy Gaming, org.testng.TestRunner@2d11e25a</td>
<td></td>
<td>4</td>
<td>AASProductTestCase.AASProductTest.qa.testcases.PTSettingPageTest@4f83df68</td></tr>
<tr>
<td title='AASProductTestCase.AASProductTest.qa.testcases.PTSettingPageTest.PTSettingSMAPositiveTest01()'><b>PTSettingSMAPositiveTest01</b><br>Test class: AASProductTestCase.AASProductTest.qa.testcases.PTSettingPageTest<br>Parameters: 9, Pragmatic Slot, org.testng.TestRunner@2d11e25a</td>
<td></td>
<td>4</td>
<td>AASProductTestCase.AASProductTest.qa.testcases.PTSettingPageTest@4f83df68</td></tr>
<tr>
<td title='AASProductTestCase.AASProductTest.qa.testcases.PTSettingPageTest.PTSettingSMAPositiveTest01()'><b>PTSettingSMAPositiveTest01</b><br>Test class: AASProductTestCase.AASProductTest.qa.testcases.PTSettingPageTest<br>Parameters: 10, Habanero Slot, org.testng.TestRunner@2d11e25a</td>
<td></td>
<td>4</td>
<td>AASProductTestCase.AASProductTest.qa.testcases.PTSettingPageTest@4f83df68</td></tr>
<tr>
<td title='AASProductTestCase.AASProductTest.qa.testcases.PTSettingPageTest.PTSettingSMAPositiveTest01()'><b>PTSettingSMAPositiveTest01</b><br>Test class: AASProductTestCase.AASProductTest.qa.testcases.PTSettingPageTest<br>Parameters: 11, Maverick Slot, org.testng.TestRunner@2d11e25a</td>
<td></td>
<td>4</td>
<td>AASProductTestCase.AASProductTest.qa.testcases.PTSettingPageTest@4f83df68</td></tr>
<tr>
<td title='AASProductTestCase.AASProductTest.qa.testcases.PTSettingPageTest.PTSettingSMAPositiveTest01()'><b>PTSettingSMAPositiveTest01</b><br>Test class: AASProductTestCase.AASProductTest.qa.testcases.PTSettingPageTest<br>Parameters: 12, Netent Slot, org.testng.TestRunner@2d11e25a</td>
<td></td>
<td>4</td>
<td>AASProductTestCase.AASProductTest.qa.testcases.PTSettingPageTest@4f83df68</td></tr>
<tr>
<td title='AASProductTestCase.AASProductTest.qa.testcases.PTSettingPageTest.PTSettingSMAPositiveTest01()'><b>PTSettingSMAPositiveTest01</b><br>Test class: AASProductTestCase.AASProductTest.qa.testcases.PTSettingPageTest<br>Parameters: 13, Quicksipn Slot, org.testng.TestRunner@2d11e25a</td>
<td></td>
<td>4</td>
<td>AASProductTestCase.AASProductTest.qa.testcases.PTSettingPageTest@4f83df68</td></tr>
<tr>
<td title='AASProductTestCase.AASProductTest.qa.testcases.PTSettingPageTest.PTSettingSMAPositiveTest01()'><b>PTSettingSMAPositiveTest01</b><br>Test class: AASProductTestCase.AASProductTest.qa.testcases.PTSettingPageTest<br>Parameters: 14, Spade Gaming Slot, org.testng.TestRunner@2d11e25a</td>
<td></td>
<td>4</td>
<td>AASProductTestCase.AASProductTest.qa.testcases.PTSettingPageTest@4f83df68</td></tr>
<tr>
<td title='AASProductTestCase.AASProductTest.qa.testcases.PTSettingPageTest.PTSettingSMAPositiveTest01()'><b>PTSettingSMAPositiveTest01</b><br>Test class: AASProductTestCase.AASProductTest.qa.testcases.PTSettingPageTest<br>Parameters: 15, Play n Go, org.testng.TestRunner@2d11e25a</td>
<td></td>
<td>4</td>
<td>AASProductTestCase.AASProductTest.qa.testcases.PTSettingPageTest@4f83df68</td></tr>
<tr>
<td title='AASProductTestCase.AASProductTest.qa.testcases.PTSettingPageTest.PTSettingSMAPositiveTest02()'><b>PTSettingSMAPositiveTest02</b><br>Test class: AASProductTestCase.AASProductTest.qa.testcases.PTSettingPageTest<br>Parameters: 1, Evolution, org.testng.TestRunner@2d11e25a</td>
<td></td>
<td>1</td>
<td>AASProductTestCase.AASProductTest.qa.testcases.PTSettingPageTest@4f83df68</td></tr>
<tr>
<td title='AASProductTestCase.AASProductTest.qa.testcases.PTSettingPageTest.PTSettingSMAPositiveTest02()'><b>PTSettingSMAPositiveTest02</b><br>Test class: AASProductTestCase.AASProductTest.qa.testcases.PTSettingPageTest<br>Parameters: 2, Big Gaming, org.testng.TestRunner@2d11e25a</td>
<td></td>
<td>1</td>
<td>AASProductTestCase.AASProductTest.qa.testcases.PTSettingPageTest@4f83df68</td></tr>
<tr>
<td title='AASProductTestCase.AASProductTest.qa.testcases.PTSettingPageTest.PTSettingSMAPositiveTest02()'><b>PTSettingSMAPositiveTest02</b><br>Test class: AASProductTestCase.AASProductTest.qa.testcases.PTSettingPageTest<br>Parameters: 3, Micro Gaming, org.testng.TestRunner@2d11e25a</td>
<td></td>
<td>1</td>
<td>AASProductTestCase.AASProductTest.qa.testcases.PTSettingPageTest@4f83df68</td></tr>
<tr>
<td title='AASProductTestCase.AASProductTest.qa.testcases.PTSettingPageTest.PTSettingSMAPositiveTest02()'><b>PTSettingSMAPositiveTest02</b><br>Test class: AASProductTestCase.AASProductTest.qa.testcases.PTSettingPageTest<br>Parameters: 4, Asia Gaming, org.testng.TestRunner@2d11e25a</td>
<td></td>
<td>1</td>
<td>AASProductTestCase.AASProductTest.qa.testcases.PTSettingPageTest@4f83df68</td></tr>
<tr>
<td title='AASProductTestCase.AASProductTest.qa.testcases.PTSettingPageTest.PTSettingSMAPositiveTest02()'><b>PTSettingSMAPositiveTest02</b><br>Test class: AASProductTestCase.AASProductTest.qa.testcases.PTSettingPageTest<br>Parameters: 5, Dream Gaming, org.testng.TestRunner@2d11e25a</td>
<td></td>
<td>1</td>
<td>AASProductTestCase.AASProductTest.qa.testcases.PTSettingPageTest@4f83df68</td></tr>
<tr>
<td title='AASProductTestCase.AASProductTest.qa.testcases.PTSettingPageTest.PTSettingSMAPositiveTest02()'><b>PTSettingSMAPositiveTest02</b><br>Test class: AASProductTestCase.AASProductTest.qa.testcases.PTSettingPageTest<br>Parameters: 6, Paiza, org.testng.TestRunner@2d11e25a</td>
<td></td>
<td>1</td>
<td>AASProductTestCase.AASProductTest.qa.testcases.PTSettingPageTest@4f83df68</td></tr>
<tr>
<td title='AASProductTestCase.AASProductTest.qa.testcases.PTSettingPageTest.PTSettingSMAPositiveTest02()'><b>PTSettingSMAPositiveTest02</b><br>Test class: AASProductTestCase.AASProductTest.qa.testcases.PTSettingPageTest<br>Parameters: 7, Praagmatic Gaming, org.testng.TestRunner@2d11e25a</td>
<td></td>
<td>1</td>
<td>AASProductTestCase.AASProductTest.qa.testcases.PTSettingPageTest@4f83df68</td></tr>
<tr>
<td title='AASProductTestCase.AASProductTest.qa.testcases.PTSettingPageTest.PTSettingSMAPositiveTest02()'><b>PTSettingSMAPositiveTest02</b><br>Test class: AASProductTestCase.AASProductTest.qa.testcases.PTSettingPageTest<br>Parameters: 8, Sexy Gaming, org.testng.TestRunner@2d11e25a</td>
<td></td>
<td>1</td>
<td>AASProductTestCase.AASProductTest.qa.testcases.PTSettingPageTest@4f83df68</td></tr>
<tr>
<td title='AASProductTestCase.AASProductTest.qa.testcases.PTSettingPageTest.PTSettingSMAPositiveTest02()'><b>PTSettingSMAPositiveTest02</b><br>Test class: AASProductTestCase.AASProductTest.qa.testcases.PTSettingPageTest<br>Parameters: 9, Pragmatic Slot, org.testng.TestRunner@2d11e25a</td>
<td></td>
<td>1</td>
<td>AASProductTestCase.AASProductTest.qa.testcases.PTSettingPageTest@4f83df68</td></tr>
<tr>
<td title='AASProductTestCase.AASProductTest.qa.testcases.PTSettingPageTest.PTSettingSMAPositiveTest02()'><b>PTSettingSMAPositiveTest02</b><br>Test class: AASProductTestCase.AASProductTest.qa.testcases.PTSettingPageTest<br>Parameters: 10, Habanero Slot, org.testng.TestRunner@2d11e25a</td>
<td></td>
<td>1</td>
<td>AASProductTestCase.AASProductTest.qa.testcases.PTSettingPageTest@4f83df68</td></tr>
<tr>
<td title='AASProductTestCase.AASProductTest.qa.testcases.PTSettingPageTest.PTSettingSMAPositiveTest02()'><b>PTSettingSMAPositiveTest02</b><br>Test class: AASProductTestCase.AASProductTest.qa.testcases.PTSettingPageTest<br>Parameters: 11, Maverick Slot, org.testng.TestRunner@2d11e25a</td>
<td></td>
<td>1</td>
<td>AASProductTestCase.AASProductTest.qa.testcases.PTSettingPageTest@4f83df68</td></tr>
<tr>
<td title='AASProductTestCase.AASProductTest.qa.testcases.PTSettingPageTest.PTSettingSMAPositiveTest02()'><b>PTSettingSMAPositiveTest02</b><br>Test class: AASProductTestCase.AASProductTest.qa.testcases.PTSettingPageTest<br>Parameters: 12, Netent Slot, org.testng.TestRunner@2d11e25a</td>
<td></td>
<td>1</td>
<td>AASProductTestCase.AASProductTest.qa.testcases.PTSettingPageTest@4f83df68</td></tr>
<tr>
<td title='AASProductTestCase.AASProductTest.qa.testcases.PTSettingPageTest.PTSettingSMAPositiveTest02()'><b>PTSettingSMAPositiveTest02</b><br>Test class: AASProductTestCase.AASProductTest.qa.testcases.PTSettingPageTest<br>Parameters: 13, Quicksipn Slot, org.testng.TestRunner@2d11e25a</td>
<td></td>
<td>1</td>
<td>AASProductTestCase.AASProductTest.qa.testcases.PTSettingPageTest@4f83df68</td></tr>
<tr>
<td title='AASProductTestCase.AASProductTest.qa.testcases.PTSettingPageTest.PTSettingSMAPositiveTest02()'><b>PTSettingSMAPositiveTest02</b><br>Test class: AASProductTestCase.AASProductTest.qa.testcases.PTSettingPageTest<br>Parameters: 14, Spade Gaming Slot, org.testng.TestRunner@2d11e25a</td>
<td></td>
<td>1</td>
<td>AASProductTestCase.AASProductTest.qa.testcases.PTSettingPageTest@4f83df68</td></tr>
<tr>
<td title='AASProductTestCase.AASProductTest.qa.testcases.PTSettingPageTest.PTSettingSMAPositiveTest02()'><b>PTSettingSMAPositiveTest02</b><br>Test class: AASProductTestCase.AASProductTest.qa.testcases.PTSettingPageTest<br>Parameters: 15, Play n Go, org.testng.TestRunner@2d11e25a</td>
<td></td>
<td>1</td>
<td>AASProductTestCase.AASProductTest.qa.testcases.PTSettingPageTest@4f83df68</td></tr>
<tr>
<td title='AASProductTestCase.AASProductTest.qa.testcases.PTSettingPageTest.ProceedMACheck()'><b>ProceedMACheck</b><br>Test class: AASProductTestCase.AASProductTest.qa.testcases.PTSettingPageTest</td>
<td></td>
<td>4</td>
<td>AASProductTestCase.AASProductTest.qa.testcases.PTSettingPageTest@4f83df68</td></tr>
<tr>
<td title='AASProductTestCase.AASProductTest.qa.testcases.PTSettingPageTest.ProceedSMACheck()'><b>ProceedSMACheck</b><br>Test class: AASProductTestCase.AASProductTest.qa.testcases.PTSettingPageTest</td>
<td></td>
<td>4</td>
<td>AASProductTestCase.AASProductTest.qa.testcases.PTSettingPageTest@4f83df68</td></tr>
</table><p>
</body>
</html>