<!DOCTYPE html PUBLIC "-//W3C//DTD XHTML 1.1//EN" "http://www.w3.org/TR/xhtml11/DTD/xhtml11.dtd">
<html xmlns="http://www.w3.org/1999/xhtml"><head><title>TestNG Report</title><style type="text/css">table {margin-bottom:10px;border-collapse:collapse;empty-cells:show}th,td {border:1px solid #009;padding:.25em .5em}th {vertical-align:bottom}td {vertical-align:top}table a {font-weight:bold}.stripe td {background-color: #E6EBF9}.num {text-align:right}.passedodd td {background-color: #3F3}.passedeven td {background-color: #0A0}.skippedodd td {background-color: #DDD}.skippedeven td {background-color: #CCC}.failedodd td,.attn {background-color: #F33}.failedeven td,.stripe .attn {background-color: #D00}.stacktrace {white-space:pre;font-family:monospace}.totop {font-size:85%;text-align:center;border-bottom:2px solid #000}</style></head><body><table><tr><th>Test</th><th># Passed</th><th># Skipped</th><th># Failed</th><th>Time (ms)</th><th>Included Groups</th><th>Excluded Groups</th></tr><tr><th colspan="7">AAS Product Setting Test Suite</th></tr><tr><td><a href="#t0">AAS Product Setting Test</a></td><td class="num">11</td><td class="num">0</td><td class="num attn">3</td><td class="num">72,356</td><td></td><td></td></tr><tr><th colspan="7">AAS Product Test Suite</th></tr></table><table id='summary'><thead><tr><th>Class</th><th>Method</th><th>Start</th><th>Time (ms)</th></tr></thead><tbody><tr><th colspan="4">AAS Product Setting Test Suite</th></tr></tbody><tbody id="t0"><tr><th colspan="4">AAS Product Setting Test &#8212; failed</th></tr><tr class="failedeven"><td rowspan="3">AASProductTestCase.AASProductTest.qa.testcases.ProductSettingPageTest</td><td><a href="#m0">ProductStatusPositiveTest01</a></td><td rowspan="3">1597998004743</td><td rowspan="3">1008</td></tr><tr class="failedeven"><td><a href="#m1">ProductStatusPositiveTest01</a></td></tr><tr class="failedeven"><td><a href="#m2">ProductStatusPositiveTest01</a></td></tr><tr><th colspan="4">AAS Product Setting Test &#8212; passed</th></tr><tr class="passedeven"><td rowspan="11">AASProductTestCase.AASProductTest.qa.testcases.ProductSettingPageTest</td><td><a href="#m3">ProductStatusPositiveTest01</a></td><td rowspan="11">1597998019728</td><td rowspan="11">4491</td></tr><tr class="passedeven"><td><a href="#m4">ProductStatusPositiveTest01</a></td></tr><tr class="passedeven"><td><a href="#m5">ProductStatusPositiveTest01</a></td></tr><tr class="passedeven"><td><a href="#m6">ProductStatusPositiveTest01</a></td></tr><tr class="passedeven"><td><a href="#m7">ProductStatusPositiveTest01</a></td></tr><tr class="passedeven"><td><a href="#m8">ProductStatusPositiveTest01</a></td></tr><tr class="passedeven"><td><a href="#m9">ProductStatusPositiveTest01</a></td></tr><tr class="passedeven"><td><a href="#m10">ProductStatusPositiveTest01</a></td></tr><tr class="passedeven"><td><a href="#m11">ProductStatusPositiveTest01</a></td></tr><tr class="passedeven"><td><a href="#m12">ProductStatusPositiveTest01</a></td></tr><tr class="passedeven"><td><a href="#m13">ProductStatusPositiveTest01</a></td></tr></tbody><tbody><tr><th colspan="4">AAS Product Test Suite</th></tr></tbody></table><h2>AAS Product Setting Test</h2><h3 id="m0">AASProductTestCase.AASProductTest.qa.testcases.ProductSettingPageTest#ProductStatusPositiveTest01</h3><table class="result"><tr class="param"><th>Parameter #1</th><th>Parameter #2</th><th>Parameter #3</th></tr><tr class="param stripe"><td>4</td><td>Asia Gaming</td><td>org.testng.TestRunner@3ea48c37</td></tr><tr><th colspan="3">Exception</th></tr><tr><td colspan="3"><div class="stacktrace">org.openqa.selenium.UnhandledAlertException: unexpected alert open: {Alert text : You have successfully updated selected item!}
  (Session info: chrome=84.0.4147.125): You have successfully updated selected item!
Build info: version: &apos;3.14.0&apos;, revision: &apos;aacccce0&apos;, time: &apos;2018-08-02T20:19:58.91Z&apos;
System info: host: &apos;LTP11&apos;, ip: &apos;192.168.0.44&apos;, os.name: &apos;Windows 10&apos;, os.arch: &apos;amd64&apos;, os.version: &apos;10.0&apos;, java.version: &apos;14.0.1&apos;
Driver info: org.openqa.selenium.chrome.ChromeDriver
Capabilities {acceptInsecureCerts: false, browserName: chrome, browserVersion: 84.0.4147.125, chrome: {chromedriverVersion: 83.0.4103.39 (ccbf011cb2d2b..., userDataDir: C:\Users\User\AppData\Local...}, goog:chromeOptions: {debuggerAddress: localhost:60243}, javascriptEnabled: true, networkConnectionEnabled: false, pageLoadStrategy: normal, platform: WINDOWS, platformName: WINDOWS, proxy: Proxy(), setWindowRect: true, strictFileInteractability: false, timeouts: {implicit: 0, pageLoad: 300000, script: 30000}, unhandledPromptBehavior: dismiss and notify, webauthn:virtualAuthenticators: true}
Session ID: 59a94a746b52db79144516268c35e361
*** Element info: {Using=id, value=check_1}
	at org.openqa.selenium.remote.http.W3CHttpResponseCodec.decode(W3CHttpResponseCodec.java:120)
	at org.openqa.selenium.remote.http.W3CHttpResponseCodec.decode(W3CHttpResponseCodec.java:49)
	at org.openqa.selenium.remote.HttpCommandExecutor.execute(HttpCommandExecutor.java:158)
	at org.openqa.selenium.remote.service.DriverCommandExecutor.execute(DriverCommandExecutor.java:83)
	at org.openqa.selenium.remote.RemoteWebDriver.execute(RemoteWebDriver.java:548)
	at org.openqa.selenium.remote.RemoteWebDriver.findElement(RemoteWebDriver.java:322)
	at org.openqa.selenium.remote.RemoteWebDriver.findElementById(RemoteWebDriver.java:368)
	at org.openqa.selenium.By$ById.findElement(By.java:188)
	at org.openqa.selenium.remote.RemoteWebDriver.findElement(RemoteWebDriver.java:314)
	at org.openqa.selenium.support.events.EventFiringWebDriver.lambda$new$1(EventFiringWebDriver.java:105)
	at com.sun.proxy.$Proxy9.findElement(Unknown Source)
	at org.openqa.selenium.support.events.EventFiringWebDriver.findElement(EventFiringWebDriver.java:194)
	at org.openqa.selenium.support.pagefactory.DefaultElementLocator.findElement(DefaultElementLocator.java:69)
	at org.openqa.selenium.support.pagefactory.internal.LocatingElementHandler.invoke(LocatingElementHandler.java:38)
	at com.sun.proxy.$Proxy13.click(Unknown Source)
	at AASProductTestCase.AASProductTest.qa.pages.ProductSettingPage.ProsuctStatusPositiveTest(ProductSettingPage.java:139)
	at AASProductTestCase.AASProductTest.qa.testcases.ProductSettingPageTest.ProductStatusPositiveTest01(ProductSettingPageTest.java:82)
... Removed 33 stack frames</div></td></tr></table><p class="totop"><a href="#summary">back to summary</a></p><h3 id="m1">AASProductTestCase.AASProductTest.qa.testcases.ProductSettingPageTest#ProductStatusPositiveTest01</h3><table class="result"><tr class="param"><th>Parameter #1</th><th>Parameter #2</th><th>Parameter #3</th></tr><tr class="param stripe"><td>14</td><td>Spade Gaming Slot</td><td>org.testng.TestRunner@3ea48c37</td></tr><tr><th colspan="3">Exception</th></tr><tr><td colspan="3"><div class="stacktrace">java.lang.AssertionError: expected [Active] but found [Disabled]
	at AASProductTestCase.AASProductTest.qa.testcases.ProductSettingPageTest.ProductStatusPositiveTest01(ProductSettingPageTest.java:86)
... Removed 36 stack frames</div></td></tr></table><p class="totop"><a href="#summary">back to summary</a></p><h3 id="m2">AASProductTestCase.AASProductTest.qa.testcases.ProductSettingPageTest#ProductStatusPositiveTest01</h3><table class="result"><tr class="param"><th>Parameter #1</th><th>Parameter #2</th><th>Parameter #3</th></tr><tr class="param stripe"><td>3</td><td>Micro Gaming</td><td>org.testng.TestRunner@3ea48c37</td></tr><tr><th colspan="3">Exception</th></tr><tr><td colspan="3"><div class="stacktrace">org.openqa.selenium.NoAlertPresentException: no such alert
  (Session info: chrome=84.0.4147.125)
Build info: version: &apos;3.14.0&apos;, revision: &apos;aacccce0&apos;, time: &apos;2018-08-02T20:19:58.91Z&apos;
System info: host: &apos;LTP11&apos;, ip: &apos;192.168.0.44&apos;, os.name: &apos;Windows 10&apos;, os.arch: &apos;amd64&apos;, os.version: &apos;10.0&apos;, java.version: &apos;14.0.1&apos;
Driver info: org.openqa.selenium.chrome.ChromeDriver
Capabilities {acceptInsecureCerts: false, browserName: chrome, browserVersion: 84.0.4147.125, chrome: {chromedriverVersion: 83.0.4103.39 (ccbf011cb2d2b..., userDataDir: C:\Users\User\AppData\Local...}, goog:chromeOptions: {debuggerAddress: localhost:60243}, javascriptEnabled: true, networkConnectionEnabled: false, pageLoadStrategy: normal, platform: WINDOWS, platformName: WINDOWS, proxy: Proxy(), setWindowRect: true, strictFileInteractability: false, timeouts: {implicit: 0, pageLoad: 300000, script: 30000}, unhandledPromptBehavior: dismiss and notify, webauthn:virtualAuthenticators: true}
Session ID: 59a94a746b52db79144516268c35e361
	at org.openqa.selenium.remote.http.W3CHttpResponseCodec.createException(W3CHttpResponseCodec.java:187)
	at org.openqa.selenium.remote.http.W3CHttpResponseCodec.decode(W3CHttpResponseCodec.java:122)
	at org.openqa.selenium.remote.http.W3CHttpResponseCodec.decode(W3CHttpResponseCodec.java:49)
	at org.openqa.selenium.remote.HttpCommandExecutor.execute(HttpCommandExecutor.java:158)
	at org.openqa.selenium.remote.service.DriverCommandExecutor.execute(DriverCommandExecutor.java:83)
	at org.openqa.selenium.remote.RemoteWebDriver.execute(RemoteWebDriver.java:548)
	at org.openqa.selenium.remote.RemoteWebDriver.execute(RemoteWebDriver.java:605)
	at org.openqa.selenium.remote.RemoteWebDriver$RemoteTargetLocator.alert(RemoteWebDriver.java:928)
	at org.openqa.selenium.support.events.EventFiringWebDriver$EventFiringTargetLocator.alert(EventFiringWebDriver.java:734)
	at AASProductTestCase.AASProductTest.qa.pages.ProductSettingPage.ProsuctStatusPositiveTest(ProductSettingPage.java:143)
	at AASProductTestCase.AASProductTest.qa.testcases.ProductSettingPageTest.ProductStatusPositiveTest01(ProductSettingPageTest.java:82)
... Removed 35 stack frames</div></td></tr></table><p class="totop"><a href="#summary">back to summary</a></p><h3 id="m3">AASProductTestCase.AASProductTest.qa.testcases.ProductSettingPageTest#ProductStatusPositiveTest01</h3><table class="result"><tr class="param"><th>Parameter #1</th><th>Parameter #2</th><th>Parameter #3</th></tr><tr class="param stripe"><td>8</td><td>Sexy Gaming</td><td>org.testng.TestRunner@3ea48c37</td></tr></table><p class="totop"><a href="#summary">back to summary</a></p><h3 id="m4">AASProductTestCase.AASProductTest.qa.testcases.ProductSettingPageTest#ProductStatusPositiveTest01</h3><table class="result"><tr class="param"><th>Parameter #1</th><th>Parameter #2</th><th>Parameter #3</th></tr><tr class="param stripe"><td>10</td><td>Habanero Slot</td><td>org.testng.TestRunner@3ea48c37</td></tr></table><p class="totop"><a href="#summary">back to summary</a></p><h3 id="m5">AASProductTestCase.AASProductTest.qa.testcases.ProductSettingPageTest#ProductStatusPositiveTest01</h3><table class="result"><tr class="param"><th>Parameter #1</th><th>Parameter #2</th><th>Parameter #3</th></tr><tr class="param stripe"><td>13</td><td>Quicksipn Slot</td><td>org.testng.TestRunner@3ea48c37</td></tr></table><p class="totop"><a href="#summary">back to summary</a></p><h3 id="m6">AASProductTestCase.AASProductTest.qa.testcases.ProductSettingPageTest#ProductStatusPositiveTest01</h3><table class="result"><tr class="param"><th>Parameter #1</th><th>Parameter #2</th><th>Parameter #3</th></tr><tr class="param stripe"><td>2</td><td>Big Gaming</td><td>org.testng.TestRunner@3ea48c37</td></tr></table><p class="totop"><a href="#summary">back to summary</a></p><h3 id="m7">AASProductTestCase.AASProductTest.qa.testcases.ProductSettingPageTest#ProductStatusPositiveTest01</h3><table class="result"><tr class="param"><th>Parameter #1</th><th>Parameter #2</th><th>Parameter #3</th></tr><tr class="param stripe"><td>7</td><td>Praagmatic Gaming</td><td>org.testng.TestRunner@3ea48c37</td></tr></table><p class="totop"><a href="#summary">back to summary</a></p><h3 id="m8">AASProductTestCase.AASProductTest.qa.testcases.ProductSettingPageTest#ProductStatusPositiveTest01</h3><table class="result"><tr class="param"><th>Parameter #1</th><th>Parameter #2</th><th>Parameter #3</th></tr><tr class="param stripe"><td>11</td><td>Maverick Slot</td><td>org.testng.TestRunner@3ea48c37</td></tr></table><p class="totop"><a href="#summary">back to summary</a></p><h3 id="m9">AASProductTestCase.AASProductTest.qa.testcases.ProductSettingPageTest#ProductStatusPositiveTest01</h3><table class="result"><tr class="param"><th>Parameter #1</th><th>Parameter #2</th><th>Parameter #3</th></tr><tr class="param stripe"><td>1</td><td>Evolution</td><td>org.testng.TestRunner@3ea48c37</td></tr></table><p class="totop"><a href="#summary">back to summary</a></p><h3 id="m10">AASProductTestCase.AASProductTest.qa.testcases.ProductSettingPageTest#ProductStatusPositiveTest01</h3><table class="result"><tr class="param"><th>Parameter #1</th><th>Parameter #2</th><th>Parameter #3</th></tr><tr class="param stripe"><td>9</td><td>Pragmatic Slot</td><td>org.testng.TestRunner@3ea48c37</td></tr></table><p class="totop"><a href="#summary">back to summary</a></p><h3 id="m11">AASProductTestCase.AASProductTest.qa.testcases.ProductSettingPageTest#ProductStatusPositiveTest01</h3><table class="result"><tr class="param"><th>Parameter #1</th><th>Parameter #2</th><th>Parameter #3</th></tr><tr class="param stripe"><td>5</td><td>Dream Gaming</td><td>org.testng.TestRunner@3ea48c37</td></tr></table><p class="totop"><a href="#summary">back to summary</a></p><h3 id="m12">AASProductTestCase.AASProductTest.qa.testcases.ProductSettingPageTest#ProductStatusPositiveTest01</h3><table class="result"><tr class="param"><th>Parameter #1</th><th>Parameter #2</th><th>Parameter #3</th></tr><tr class="param stripe"><td>12</td><td>Netent Slot</td><td>org.testng.TestRunner@3ea48c37</td></tr></table><p class="totop"><a href="#summary">back to summary</a></p><h3 id="m13">AASProductTestCase.AASProductTest.qa.testcases.ProductSettingPageTest#ProductStatusPositiveTest01</h3><table class="result"><tr class="param"><th>Parameter #1</th><th>Parameter #2</th><th>Parameter #3</th></tr><tr class="param stripe"><td>6</td><td>Paiza</td><td>org.testng.TestRunner@3ea48c37</td></tr></table><p class="totop"><a href="#summary">back to summary</a></p></body></html>