<?xml version="1.0" encoding="UTF-8"?>
<testsuite xmlns:xsi="http://www.w3.org/2001/XMLSchema-instance" xsi:noNamespaceSchemaLocation="https://maven.apache.org/surefire/maven-surefire-plugin/xsd/surefire-test-report.xsd" name="TestSuite" time="72.959" tests="14" errors="0" skipped="0" failures="3">
  <properties>
    <property name="java.specification.version" value="14"/>
    <property name="sun.cpu.isalist" value="amd64"/>
    <property name="sun.jnu.encoding" value="GBK"/>
    <property name="java.class.path" value="C:\Users\User\git\AASStagingTest\AASProductTestTools\target\test-classes;C:\Users\User\git\AASStagingTest\AASProductTestTools\target\classes;C:\Users\User\.m2\repository\org\seleniumhq\selenium\selenium-java\3.14.0\selenium-java-3.14.0.jar;C:\Users\User\.m2\repository\org\seleniumhq\selenium\selenium-api\3.14.0\selenium-api-3.14.0.jar;C:\Users\User\.m2\repository\org\seleniumhq\selenium\selenium-chrome-driver\3.14.0\selenium-chrome-driver-3.14.0.jar;C:\Users\User\.m2\repository\org\seleniumhq\selenium\selenium-edge-driver\3.14.0\selenium-edge-driver-3.14.0.jar;C:\Users\User\.m2\repository\org\seleniumhq\selenium\selenium-firefox-driver\3.14.0\selenium-firefox-driver-3.14.0.jar;C:\Users\User\.m2\repository\org\seleniumhq\selenium\selenium-ie-driver\3.14.0\selenium-ie-driver-3.14.0.jar;C:\Users\User\.m2\repository\org\seleniumhq\selenium\selenium-opera-driver\3.14.0\selenium-opera-driver-3.14.0.jar;C:\Users\User\.m2\repository\org\seleniumhq\selenium\selenium-remote-driver\3.14.0\selenium-remote-driver-3.14.0.jar;C:\Users\User\.m2\repository\org\seleniumhq\selenium\selenium-safari-driver\3.14.0\selenium-safari-driver-3.14.0.jar;C:\Users\User\.m2\repository\org\seleniumhq\selenium\selenium-support\3.14.0\selenium-support-3.14.0.jar;C:\Users\User\.m2\repository\net\bytebuddy\byte-buddy\1.8.15\byte-buddy-1.8.15.jar;C:\Users\User\.m2\repository\org\apache\commons\commons-exec\1.3\commons-exec-1.3.jar;C:\Users\User\.m2\repository\commons-codec\commons-codec\1.10\commons-codec-1.10.jar;C:\Users\User\.m2\repository\commons-logging\commons-logging\1.2\commons-logging-1.2.jar;C:\Users\User\.m2\repository\com\google\guava\guava\25.0-jre\guava-25.0-jre.jar;C:\Users\User\.m2\repository\com\google\code\findbugs\jsr305\1.3.9\jsr305-1.3.9.jar;C:\Users\User\.m2\repository\org\checkerframework\checker-compat-qual\2.0.0\checker-compat-qual-2.0.0.jar;C:\Users\User\.m2\repository\com\google\errorprone\error_prone_annotations\2.1.3\error_prone_annotations-2.1.3.jar;C:\Users\User\.m2\repository\com\google\j2objc\j2objc-annotations\1.1\j2objc-annotations-1.1.jar;C:\Users\User\.m2\repository\org\codehaus\mojo\animal-sniffer-annotations\1.14\animal-sniffer-annotations-1.14.jar;C:\Users\User\.m2\repository\org\apache\httpcomponents\httpclient\4.5.5\httpclient-4.5.5.jar;C:\Users\User\.m2\repository\org\apache\httpcomponents\httpcore\4.4.9\httpcore-4.4.9.jar;C:\Users\User\.m2\repository\com\squareup\okhttp3\okhttp\3.10.0\okhttp-3.10.0.jar;C:\Users\User\.m2\repository\com\squareup\okio\okio\1.14.1\okio-1.14.1.jar;C:\Users\User\.m2\repository\org\testng\testng\6.11\testng-6.11.jar;C:\Users\User\.m2\repository\com\beust\jcommander\1.64\jcommander-1.64.jar;C:\Users\User\.m2\repository\org\yaml\snakeyaml\1.17\snakeyaml-1.17.jar;C:\Users\User\.m2\repository\org\apache\poi\poi\3.9\poi-3.9.jar;C:\Users\User\.m2\repository\org\apache\poi\poi-ooxml\3.9\poi-ooxml-3.9.jar;C:\Users\User\.m2\repository\dom4j\dom4j\1.6.1\dom4j-1.6.1.jar;C:\Users\User\.m2\repository\xml-apis\xml-apis\1.0.b2\xml-apis-1.0.b2.jar;C:\Users\User\.m2\repository\org\apache\poi\poi-ooxml-schemas\3.9\poi-ooxml-schemas-3.9.jar;C:\Users\User\.m2\repository\org\apache\xmlbeans\xmlbeans\2.3.0\xmlbeans-2.3.0.jar;C:\Users\User\.m2\repository\stax\stax-api\1.0.1\stax-api-1.0.1.jar;C:\Users\User\.m2\repository\org\apache\poi\poi-scratchpad\3.9\poi-scratchpad-3.9.jar;C:\Users\User\.m2\repository\org\apache\poi\ooxml-schemas\1.1\ooxml-schemas-1.1.jar;C:\Users\User\.m2\repository\org\apache\poi\openxml4j\1.0-beta\openxml4j-1.0-beta.jar;C:\Users\User\.m2\repository\com\relevantcodes\extentreports\2.41.2\extentreports-2.41.2.jar;C:\Users\User\.m2\repository\org\jsoup\jsoup\1.8.3\jsoup-1.8.3.jar;C:\Users\User\.m2\repository\org\xerial\sqlite-jdbc\3.8.11.1\sqlite-jdbc-3.8.11.1.jar;C:\Users\User\.m2\repository\org\freemarker\freemarker\2.3.23\freemarker-2.3.23.jar;C:\Users\User\.m2\repository\org\mongodb\mongodb-driver\3.0.4\mongodb-driver-3.0.4.jar;C:\Users\User\.m2\repository\org\mongodb\mongodb-driver-core\3.0.4\mongodb-driver-core-3.0.4.jar;C:\Users\User\.m2\repository\commons-io\commons-io\2.6\commons-io-2.6.jar;C:\Users\User\.m2\repository\com\aventstack\extentreports\4.0.9\extentreports-4.0.9.jar;C:\Users\User\.m2\repository\org\mongodb\bson\3.3.0\bson-3.3.0.jar;C:\Users\User\.m2\repository\org\apache\httpcomponents\httpmime\4.5.2\httpmime-4.5.2.jar;C:\Users\User\.m2\repository\com\google\code\gson\gson\2.8.5\gson-2.8.5.jar;C:\Users\User\.m2\repository\log4j\log4j\1.2.17\log4j-1.2.17.jar;"/>
    <property name="java.vm.vendor" value="Oracle Corporation"/>
    <property name="sun.arch.data.model" value="64"/>
    <property name="user.variant" value=""/>
    <property name="java.vendor.url" value="https://java.oracle.com/"/>
    <property name="user.timezone" value="Asia/Singapore"/>
    <property name="os.name" value="Windows 10"/>
    <property name="java.vm.specification.version" value="14"/>
    <property name="sun.java.launcher" value="SUN_STANDARD"/>
    <property name="user.country" value="US"/>
    <property name="sun.boot.library.path" value="C:\Program Files\Java\jdk-14.0.1\bin"/>
    <property name="sun.java.command" value="C:\Users\User\AppData\Local\Temp\surefire1667238234655675201\surefirebooter8140408508421535543.jar C:\Users\User\AppData\Local\Temp\surefire1667238234655675201 2020-08-21T16-19-39_252-jvmRun1 surefire7136459698617224619tmp surefire_06366417592245547215tmp"/>
    <property name="jdk.debug" value="release"/>
    <property name="surefire.test.class.path" value="C:\Users\User\git\AASStagingTest\AASProductTestTools\target\test-classes;C:\Users\User\git\AASStagingTest\AASProductTestTools\target\classes;C:\Users\User\.m2\repository\org\seleniumhq\selenium\selenium-java\3.14.0\selenium-java-3.14.0.jar;C:\Users\User\.m2\repository\org\seleniumhq\selenium\selenium-api\3.14.0\selenium-api-3.14.0.jar;C:\Users\User\.m2\repository\org\seleniumhq\selenium\selenium-chrome-driver\3.14.0\selenium-chrome-driver-3.14.0.jar;C:\Users\User\.m2\repository\org\seleniumhq\selenium\selenium-edge-driver\3.14.0\selenium-edge-driver-3.14.0.jar;C:\Users\User\.m2\repository\org\seleniumhq\selenium\selenium-firefox-driver\3.14.0\selenium-firefox-driver-3.14.0.jar;C:\Users\User\.m2\repository\org\seleniumhq\selenium\selenium-ie-driver\3.14.0\selenium-ie-driver-3.14.0.jar;C:\Users\User\.m2\repository\org\seleniumhq\selenium\selenium-opera-driver\3.14.0\selenium-opera-driver-3.14.0.jar;C:\Users\User\.m2\repository\org\seleniumhq\selenium\selenium-remote-driver\3.14.0\selenium-remote-driver-3.14.0.jar;C:\Users\User\.m2\repository\org\seleniumhq\selenium\selenium-safari-driver\3.14.0\selenium-safari-driver-3.14.0.jar;C:\Users\User\.m2\repository\org\seleniumhq\selenium\selenium-support\3.14.0\selenium-support-3.14.0.jar;C:\Users\User\.m2\repository\net\bytebuddy\byte-buddy\1.8.15\byte-buddy-1.8.15.jar;C:\Users\User\.m2\repository\org\apache\commons\commons-exec\1.3\commons-exec-1.3.jar;C:\Users\User\.m2\repository\commons-codec\commons-codec\1.10\commons-codec-1.10.jar;C:\Users\User\.m2\repository\commons-logging\commons-logging\1.2\commons-logging-1.2.jar;C:\Users\User\.m2\repository\com\google\guava\guava\25.0-jre\guava-25.0-jre.jar;C:\Users\User\.m2\repository\com\google\code\findbugs\jsr305\1.3.9\jsr305-1.3.9.jar;C:\Users\User\.m2\repository\org\checkerframework\checker-compat-qual\2.0.0\checker-compat-qual-2.0.0.jar;C:\Users\User\.m2\repository\com\google\errorprone\error_prone_annotations\2.1.3\error_prone_annotations-2.1.3.jar;C:\Users\User\.m2\repository\com\google\j2objc\j2objc-annotations\1.1\j2objc-annotations-1.1.jar;C:\Users\User\.m2\repository\org\codehaus\mojo\animal-sniffer-annotations\1.14\animal-sniffer-annotations-1.14.jar;C:\Users\User\.m2\repository\org\apache\httpcomponents\httpclient\4.5.5\httpclient-4.5.5.jar;C:\Users\User\.m2\repository\org\apache\httpcomponents\httpcore\4.4.9\httpcore-4.4.9.jar;C:\Users\User\.m2\repository\com\squareup\okhttp3\okhttp\3.10.0\okhttp-3.10.0.jar;C:\Users\User\.m2\repository\com\squareup\okio\okio\1.14.1\okio-1.14.1.jar;C:\Users\User\.m2\repository\org\testng\testng\6.11\testng-6.11.jar;C:\Users\User\.m2\repository\com\beust\jcommander\1.64\jcommander-1.64.jar;C:\Users\User\.m2\repository\org\yaml\snakeyaml\1.17\snakeyaml-1.17.jar;C:\Users\User\.m2\repository\org\apache\poi\poi\3.9\poi-3.9.jar;C:\Users\User\.m2\repository\org\apache\poi\poi-ooxml\3.9\poi-ooxml-3.9.jar;C:\Users\User\.m2\repository\dom4j\dom4j\1.6.1\dom4j-1.6.1.jar;C:\Users\User\.m2\repository\xml-apis\xml-apis\1.0.b2\xml-apis-1.0.b2.jar;C:\Users\User\.m2\repository\org\apache\poi\poi-ooxml-schemas\3.9\poi-ooxml-schemas-3.9.jar;C:\Users\User\.m2\repository\org\apache\xmlbeans\xmlbeans\2.3.0\xmlbeans-2.3.0.jar;C:\Users\User\.m2\repository\stax\stax-api\1.0.1\stax-api-1.0.1.jar;C:\Users\User\.m2\repository\org\apache\poi\poi-scratchpad\3.9\poi-scratchpad-3.9.jar;C:\Users\User\.m2\repository\org\apache\poi\ooxml-schemas\1.1\ooxml-schemas-1.1.jar;C:\Users\User\.m2\repository\org\apache\poi\openxml4j\1.0-beta\openxml4j-1.0-beta.jar;C:\Users\User\.m2\repository\com\relevantcodes\extentreports\2.41.2\extentreports-2.41.2.jar;C:\Users\User\.m2\repository\org\jsoup\jsoup\1.8.3\jsoup-1.8.3.jar;C:\Users\User\.m2\repository\org\xerial\sqlite-jdbc\3.8.11.1\sqlite-jdbc-3.8.11.1.jar;C:\Users\User\.m2\repository\org\freemarker\freemarker\2.3.23\freemarker-2.3.23.jar;C:\Users\User\.m2\repository\org\mongodb\mongodb-driver\3.0.4\mongodb-driver-3.0.4.jar;C:\Users\User\.m2\repository\org\mongodb\mongodb-driver-core\3.0.4\mongodb-driver-core-3.0.4.jar;C:\Users\User\.m2\repository\commons-io\commons-io\2.6\commons-io-2.6.jar;C:\Users\User\.m2\repository\com\aventstack\extentreports\4.0.9\extentreports-4.0.9.jar;C:\Users\User\.m2\repository\org\mongodb\bson\3.3.0\bson-3.3.0.jar;C:\Users\User\.m2\repository\org\apache\httpcomponents\httpmime\4.5.2\httpmime-4.5.2.jar;C:\Users\User\.m2\repository\com\google\code\gson\gson\2.8.5\gson-2.8.5.jar;C:\Users\User\.m2\repository\log4j\log4j\1.2.17\log4j-1.2.17.jar;"/>
    <property name="sun.cpu.endian" value="little"/>
    <property name="user.home" value="C:\Users\User"/>
    <property name="user.language" value="en"/>
    <property name="java.specification.vendor" value="Oracle Corporation"/>
    <property name="java.version.date" value="2020-04-14"/>
    <property name="java.home" value="C:\Program Files\Java\jdk-14.0.1"/>
    <property name="file.separator" value="\"/>
    <property name="basedir" value="C:\Users\User\git\AASStagingTest\AASProductTestTools"/>
    <property name="java.vm.compressedOopsMode" value="Zero based"/>
    <property name="line.separator" value="&#10;"/>
    <property name="java.vm.specification.vendor" value="Oracle Corporation"/>
    <property name="java.specification.name" value="Java Platform API Specification"/>
    <property name="surefire.real.class.path" value="C:\Users\User\AppData\Local\Temp\surefire1667238234655675201\surefirebooter8140408508421535543.jar"/>
    <property name="user.script" value=""/>
    <property name="sun.management.compiler" value="HotSpot 64-Bit Tiered Compilers"/>
    <property name="java.runtime.version" value="14.0.1+7"/>
    <property name="user.name" value="User"/>
    <property name="path.separator" value=";"/>
    <property name="os.version" value="10.0"/>
    <property name="java.runtime.name" value="Java(TM) SE Runtime Environment"/>
    <property name="file.encoding" value="Cp1252"/>
    <property name="java.vm.name" value="Java HotSpot(TM) 64-Bit Server VM"/>
    <property name="localRepository" value="C:\Users\User\.m2\repository"/>
    <property name="java.vendor.url.bug" value="https://bugreport.java.com/bugreport/"/>
    <property name="java.io.tmpdir" value="C:\Users\User\AppData\Local\Temp\"/>
    <property name="java.version" value="14.0.1"/>
    <property name="user.dir" value="C:\Users\User\git\AASStagingTest\AASProductTestTools"/>
    <property name="os.arch" value="amd64"/>
    <property name="java.vm.specification.name" value="Java Virtual Machine Specification"/>
    <property name="sun.os.patch.level" value=""/>
    <property name="java.library.path" value="C:\Program Files\Java\jdk-14.0.1\bin;C:\Windows\Sun\Java\bin;C:\Windows\system32;C:\Windows;C:/Program Files/Java/jdk-14.0.1/bin/server;C:/Program Files/Java/jdk-14.0.1/bin;C:\Program Files (x86)\Common Files\Oracle\Java\javapath;C:\Windows\system32;C:\Windows;C:\Windows\System32\Wbem;C:\Windows\System32\WindowsPowerShell\v1.0\;C:\Windows\System32\OpenSSH\;C:\Program Files (x86)\Java\jre1.8.0_251\bin;C:\Program Files\nodejs\;C:\Program Files\Java\jdk1.8.0_261\bin;C:\opt\apache-maven-3.6.3\bin;C:\Program Files\Git\cmd;C:\Users\User\AppData\Local\Microsoft\WindowsApps;C:\Users\User\AppData\Roaming\npm;C:\Windows\system32;;."/>
    <property name="java.vm.info" value="mixed mode, sharing"/>
    <property name="java.vendor" value="Oracle Corporation"/>
    <property name="java.vm.version" value="14.0.1+7"/>
    <property name="sun.io.unicode.encoding" value="UnicodeLittle"/>
    <property name="java.class.version" value="58.0"/>
  </properties>
  <testcase name="ProductStatusPositiveTest01" classname="AASProductTestCase.AASProductTest.qa.testcases.ProductSettingPageTest" time="4.619"/>
  <testcase name="ProductStatusPositiveTest01" classname="AASProductTestCase.AASProductTest.qa.testcases.ProductSettingPageTest" time="4.557"/>
  <testcase name="ProductStatusPositiveTest01" classname="AASProductTestCase.AASProductTest.qa.testcases.ProductSettingPageTest" time="2.854">
    <failure message="no such alert&#10;  (Session info: chrome=84.0.4147.125)&#10;Build info: version: &apos;3.14.0&apos;, revision: &apos;aacccce0&apos;, time: &apos;2018-08-02T20:19:58.91Z&apos;&#10;System info: host: &apos;LTP11&apos;, ip: &apos;192.168.0.44&apos;, os.name: &apos;Windows 10&apos;, os.arch: &apos;amd64&apos;, os.version: &apos;10.0&apos;, java.version: &apos;14.0.1&apos;&#10;Driver info: org.openqa.selenium.chrome.ChromeDriver&#10;Capabilities {acceptInsecureCerts: false, browserName: chrome, browserVersion: 84.0.4147.125, chrome: {chromedriverVersion: 83.0.4103.39 (ccbf011cb2d2b..., userDataDir: C:\Users\User\AppData\Local...}, goog:chromeOptions: {debuggerAddress: localhost:60243}, javascriptEnabled: true, networkConnectionEnabled: false, pageLoadStrategy: normal, platform: WINDOWS, platformName: WINDOWS, proxy: Proxy(), setWindowRect: true, strictFileInteractability: false, timeouts: {implicit: 0, pageLoad: 300000, script: 30000}, unhandledPromptBehavior: dismiss and notify, webauthn:virtualAuthenticators: true}&#10;Session ID: 59a94a746b52db79144516268c35e361" type="org.openqa.selenium.NoAlertPresentException">org.openqa.selenium.NoAlertPresentException: 
no such alert
  (Session info: chrome=84.0.4147.125)
Build info: version: '3.14.0', revision: 'aacccce0', time: '2018-08-02T20:19:58.91Z'
System info: host: 'LTP11', ip: '192.168.0.44', os.name: 'Windows 10', os.arch: 'amd64', os.version: '10.0', java.version: '14.0.1'
Driver info: org.openqa.selenium.chrome.ChromeDriver
Capabilities {acceptInsecureCerts: false, browserName: chrome, browserVersion: 84.0.4147.125, chrome: {chromedriverVersion: 83.0.4103.39 (ccbf011cb2d2b..., userDataDir: C:\Users\User\AppData\Local...}, goog:chromeOptions: {debuggerAddress: localhost:60243}, javascriptEnabled: true, networkConnectionEnabled: false, pageLoadStrategy: normal, platform: WINDOWS, platformName: WINDOWS, proxy: Proxy(), setWindowRect: true, strictFileInteractability: false, timeouts: {implicit: 0, pageLoad: 300000, script: 30000}, unhandledPromptBehavior: dismiss and notify, webauthn:virtualAuthenticators: true}
Session ID: 59a94a746b52db79144516268c35e361
	at AASProductTestCase.AASProductTest.qa.testcases.ProductSettingPageTest.ProductStatusPositiveTest01(ProductSettingPageTest.java:82)
</failure>
    <system-out><![CDATA[Trying to find Element By : By.id: check_1
Found Element By : By.id: check_1
Trying to click on: [[ChromeDriver: chrome on WINDOWS (59a94a746b52db79144516268c35e361)] -> id: check_1]
Clicked on: [[ChromeDriver: chrome on WINDOWS (59a94a746b52db79144516268c35e361)] -> id: check_1]
Trying to find Element By : By.xpath: //select[contains(@name,'evo_status')]
Found Element By : By.xpath: //select[contains(@name,'evo_status')]
Trying to find Element By : By.xpath: //select[contains(@name,'evo_status')]
Found Element By : By.xpath: //select[contains(@name,'evo_status')]
Trying to find Element By : By.xpath: //select[contains(@name,'bg_status')]
Found Element By : By.xpath: //select[contains(@name,'bg_status')]
Trying to find Element By : By.xpath: //select[contains(@name,'bg_status')]
Found Element By : By.xpath: //select[contains(@name,'bg_status')]
Trying to find Element By : By.xpath: //select[contains(@name,'titanium_status')]
Found Element By : By.xpath: //select[contains(@name,'titanium_status')]
Trying to find Element By : By.xpath: //select[contains(@name,'titanium_status')]
Found Element By : By.xpath: //select[contains(@name,'titanium_status')]
Trying to find Element By : By.xpath: //select[contains(@name,'asg_status')]
Found Element By : By.xpath: //select[contains(@name,'asg_status')]
Trying to find Element By : By.xpath: //select[contains(@name,'asg_status')]
Found Element By : By.xpath: //select[contains(@name,'asg_status')]
Trying to find Element By : By.xpath: //select[contains(@name,'dg_status')]
Found Element By : By.xpath: //select[contains(@name,'dg_status')]
Trying to find Element By : By.xpath: //select[contains(@name,'dg_status')]
Found Element By : By.xpath: //select[contains(@name,'dg_status')]
Trying to find Element By : By.xpath: //select[contains(@name,'av_status')]
Found Element By : By.xpath: //select[contains(@name,'av_status')]
Trying to find Element By : By.xpath: //select[contains(@name,'av_status')]
Found Element By : By.xpath: //select[contains(@name,'av_status')]
Trying to find Element By : By.xpath: //select[contains(@name,'pp_status')]
Found Element By : By.xpath: //select[contains(@name,'pp_status')]
Trying to find Element By : By.xpath: //select[contains(@name,'pp_status')]
Found Element By : By.xpath: //select[contains(@name,'pp_status')]
Trying to find Element By : By.xpath: //select[contains(@name,'sxg_status')]
Found Element By : By.xpath: //select[contains(@name,'sxg_status')]
Trying to find Element By : By.xpath: //select[contains(@name,'sxg_status')]
Found Element By : By.xpath: //select[contains(@name,'sxg_status')]
Trying to find Element By : By.xpath: //select[contains(@name,'pps_status')]
Found Element By : By.xpath: //select[contains(@name,'pps_status')]
Trying to find Element By : By.xpath: //select[contains(@name,'pps_status')]
Found Element By : By.xpath: //select[contains(@name,'pps_status')]
Trying to find Element By : By.xpath: //select[contains(@name,'haba_status')]
Found Element By : By.xpath: //select[contains(@name,'haba_status')]
Trying to find Element By : By.xpath: //select[contains(@name,'haba_status')]
Found Element By : By.xpath: //select[contains(@name,'haba_status')]
Trying to find Element By : By.xpath: //select[contains(@name,'mv_status')]
Found Element By : By.xpath: //select[contains(@name,'mv_status')]
Trying to find Element By : By.xpath: //select[contains(@name,'mv_status')]
Found Element By : By.xpath: //select[contains(@name,'mv_status')]
Trying to find Element By : By.xpath: //select[contains(@name,'nt_status')]
Found Element By : By.xpath: //select[contains(@name,'nt_status')]
Trying to find Element By : By.xpath: //select[contains(@name,'nt_status')]
Found Element By : By.xpath: //select[contains(@name,'nt_status')]
Trying to find Element By : By.xpath: //select[contains(@name,'qs_status')]
Found Element By : By.xpath: //select[contains(@name,'qs_status')]
Trying to find Element By : By.xpath: //select[contains(@name,'qs_status')]
Found Element By : By.xpath: //select[contains(@name,'qs_status')]
Trying to find Element By : By.xpath: //select[contains(@name,'sg_status')]
Found Element By : By.xpath: //select[contains(@name,'sg_status')]
Trying to find Element By : By.xpath: //select[contains(@name,'sg_status')]
Found Element By : By.xpath: //select[contains(@name,'sg_status')]
Trying to find Element By : By.xpath: //select[contains(@name,'titanium_status')]
Found Element By : By.xpath: //select[contains(@name,'titanium_status')]
Trying to find Element By : By.xpath: .//option[normalize-space(.) = "Disabled"]
Found Element By : By.xpath: .//option[normalize-space(.) = "Disabled"]
Trying to click on: [[[[ChromeDriver: chrome on WINDOWS (59a94a746b52db79144516268c35e361)] -> xpath: //select[contains(@name,'titanium_status')]]] -> xpath: .//option[normalize-space(.) = "Disabled"]]
Clicked on: [[[[ChromeDriver: chrome on WINDOWS (59a94a746b52db79144516268c35e361)] -> xpath: //select[contains(@name,'titanium_status')]]] -> xpath: .//option[normalize-space(.) = "Disabled"]]
Trying to find Element By : By.id: btnSubmit
Found Element By : By.id: btnSubmit
Trying to click on: [[ChromeDriver: chrome on WINDOWS (59a94a746b52db79144516268c35e361)] -> id: btnSubmit]
Clicked on: [[ChromeDriver: chrome on WINDOWS (59a94a746b52db79144516268c35e361)] -> id: btnSubmit]
***************************
Screenshot stored at C:\Users\User\git\AASStagingTest\AASProductTestTools/screenshots/ProductStatusPositiveTest01_Fri_Aug_21_16_20_04_SGT_2020.png
***************************
]]></system-out>
  </testcase>
  <testcase name="ProductStatusPositiveTest01" classname="AASProductTestCase.AASProductTest.qa.testcases.ProductSettingPageTest" time="1.383">
    <failure message="unexpected alert open: {Alert text : You have successfully updated selected item!}&#10;  (Session info: chrome=84.0.4147.125): You have successfully updated selected item!&#10;Build info: version: &apos;3.14.0&apos;, revision: &apos;aacccce0&apos;, time: &apos;2018-08-02T20:19:58.91Z&apos;&#10;System info: host: &apos;LTP11&apos;, ip: &apos;192.168.0.44&apos;, os.name: &apos;Windows 10&apos;, os.arch: &apos;amd64&apos;, os.version: &apos;10.0&apos;, java.version: &apos;14.0.1&apos;&#10;Driver info: org.openqa.selenium.chrome.ChromeDriver&#10;Capabilities {acceptInsecureCerts: false, browserName: chrome, browserVersion: 84.0.4147.125, chrome: {chromedriverVersion: 83.0.4103.39 (ccbf011cb2d2b..., userDataDir: C:\Users\User\AppData\Local...}, goog:chromeOptions: {debuggerAddress: localhost:60243}, javascriptEnabled: true, networkConnectionEnabled: false, pageLoadStrategy: normal, platform: WINDOWS, platformName: WINDOWS, proxy: Proxy(), setWindowRect: true, strictFileInteractability: false, timeouts: {implicit: 0, pageLoad: 300000, script: 30000}, unhandledPromptBehavior: dismiss and notify, webauthn:virtualAuthenticators: true}&#10;Session ID: 59a94a746b52db79144516268c35e361&#10;*** Element info: {Using=id, value=check_1}" type="org.openqa.selenium.UnhandledAlertException">org.openqa.selenium.UnhandledAlertException: 
unexpected alert open: {Alert text : You have successfully updated selected item!}
  (Session info: chrome=84.0.4147.125): You have successfully updated selected item!
Build info: version: '3.14.0', revision: 'aacccce0', time: '2018-08-02T20:19:58.91Z'
System info: host: 'LTP11', ip: '192.168.0.44', os.name: 'Windows 10', os.arch: 'amd64', os.version: '10.0', java.version: '14.0.1'
Driver info: org.openqa.selenium.chrome.ChromeDriver
Capabilities {acceptInsecureCerts: false, browserName: chrome, browserVersion: 84.0.4147.125, chrome: {chromedriverVersion: 83.0.4103.39 (ccbf011cb2d2b..., userDataDir: C:\Users\User\AppData\Local...}, goog:chromeOptions: {debuggerAddress: localhost:60243}, javascriptEnabled: true, networkConnectionEnabled: false, pageLoadStrategy: normal, platform: WINDOWS, platformName: WINDOWS, proxy: Proxy(), setWindowRect: true, strictFileInteractability: false, timeouts: {implicit: 0, pageLoad: 300000, script: 30000}, unhandledPromptBehavior: dismiss and notify, webauthn:virtualAuthenticators: true}
Session ID: 59a94a746b52db79144516268c35e361
*** Element info: {Using=id, value=check_1}
	at AASProductTestCase.AASProductTest.qa.testcases.ProductSettingPageTest.ProductStatusPositiveTest01(ProductSettingPageTest.java:82)
</failure>
    <system-out><![CDATA[Trying to find Element By : By.id: check_1
Exception occured: org.openqa.selenium.UnhandledAlertException: unexpected alert open: {Alert text : You have successfully updated selected item!}
  (Session info: chrome=84.0.4147.125): You have successfully updated selected item!
Build info: version: '3.14.0', revision: 'aacccce0', time: '2018-08-02T20:19:58.91Z'
System info: host: 'LTP11', ip: '192.168.0.44', os.name: 'Windows 10', os.arch: 'amd64', os.version: '10.0', java.version: '14.0.1'
Driver info: org.openqa.selenium.chrome.ChromeDriver
Capabilities {acceptInsecureCerts: false, browserName: chrome, browserVersion: 84.0.4147.125, chrome: {chromedriverVersion: 83.0.4103.39 (ccbf011cb2d2b..., userDataDir: C:\Users\User\AppData\Local...}, goog:chromeOptions: {debuggerAddress: localhost:60243}, javascriptEnabled: true, networkConnectionEnabled: false, pageLoadStrategy: normal, platform: WINDOWS, platformName: WINDOWS, proxy: Proxy(), setWindowRect: true, strictFileInteractability: false, timeouts: {implicit: 0, pageLoad: 300000, script: 30000}, unhandledPromptBehavior: dismiss and notify, webauthn:virtualAuthenticators: true}
Session ID: 59a94a746b52db79144516268c35e361
*** Element info: {Using=id, value=check_1}
***************************
Screenshot stored at C:\Users\User\git\AASStagingTest\AASProductTestTools/screenshots/ProductStatusPositiveTest01_Fri_Aug_21_16_20_05_SGT_2020.png
***************************
]]></system-out>
  </testcase>
  <testcase name="ProductStatusPositiveTest01" classname="AASProductTestCase.AASProductTest.qa.testcases.ProductSettingPageTest" time="4.544"/>
  <testcase name="ProductStatusPositiveTest01" classname="AASProductTestCase.AASProductTest.qa.testcases.ProductSettingPageTest" time="4.497"/>
  <testcase name="ProductStatusPositiveTest01" classname="AASProductTestCase.AASProductTest.qa.testcases.ProductSettingPageTest" time="4.559"/>
  <testcase name="ProductStatusPositiveTest01" classname="AASProductTestCase.AASProductTest.qa.testcases.ProductSettingPageTest" time="4.492"/>
  <testcase name="ProductStatusPositiveTest01" classname="AASProductTestCase.AASProductTest.qa.testcases.ProductSettingPageTest" time="4.558"/>
  <testcase name="ProductStatusPositiveTest01" classname="AASProductTestCase.AASProductTest.qa.testcases.ProductSettingPageTest" time="4.652"/>
  <testcase name="ProductStatusPositiveTest01" classname="AASProductTestCase.AASProductTest.qa.testcases.ProductSettingPageTest" time="4.559"/>
  <testcase name="ProductStatusPositiveTest01" classname="AASProductTestCase.AASProductTest.qa.testcases.ProductSettingPageTest" time="4.548"/>
  <testcase name="ProductStatusPositiveTest01" classname="AASProductTestCase.AASProductTest.qa.testcases.ProductSettingPageTest" time="4.498"/>
  <testcase name="ProductStatusPositiveTest01" classname="AASProductTestCase.AASProductTest.qa.testcases.ProductSettingPageTest" time="4.816">
    <failure message="expected [Active] but found [Disabled]" type="java.lang.AssertionError">java.lang.AssertionError: expected [Active] but found [Disabled]
	at AASProductTestCase.AASProductTest.qa.testcases.ProductSettingPageTest.ProductStatusPositiveTest01(ProductSettingPageTest.java:86)
</failure>
    <system-out><![CDATA[Trying to find Element By : By.id: check_1
Found Element By : By.id: check_1
Trying to click on: [[ChromeDriver: chrome on WINDOWS (59a94a746b52db79144516268c35e361)] -> id: check_1]
Clicked on: [[ChromeDriver: chrome on WINDOWS (59a94a746b52db79144516268c35e361)] -> id: check_1]
Trying to find Element By : By.xpath: //select[contains(@name,'evo_status')]
Found Element By : By.xpath: //select[contains(@name,'evo_status')]
Trying to find Element By : By.xpath: //select[contains(@name,'evo_status')]
Found Element By : By.xpath: //select[contains(@name,'evo_status')]
Trying to find Element By : By.xpath: //select[contains(@name,'bg_status')]
Found Element By : By.xpath: //select[contains(@name,'bg_status')]
Trying to find Element By : By.xpath: //select[contains(@name,'bg_status')]
Found Element By : By.xpath: //select[contains(@name,'bg_status')]
Trying to find Element By : By.xpath: //select[contains(@name,'titanium_status')]
Found Element By : By.xpath: //select[contains(@name,'titanium_status')]
Trying to find Element By : By.xpath: //select[contains(@name,'titanium_status')]
Found Element By : By.xpath: //select[contains(@name,'titanium_status')]
Trying to find Element By : By.xpath: //select[contains(@name,'asg_status')]
Found Element By : By.xpath: //select[contains(@name,'asg_status')]
Trying to find Element By : By.xpath: //select[contains(@name,'asg_status')]
Found Element By : By.xpath: //select[contains(@name,'asg_status')]
Trying to find Element By : By.xpath: //select[contains(@name,'dg_status')]
Found Element By : By.xpath: //select[contains(@name,'dg_status')]
Trying to find Element By : By.xpath: //select[contains(@name,'dg_status')]
Found Element By : By.xpath: //select[contains(@name,'dg_status')]
Trying to find Element By : By.xpath: //select[contains(@name,'av_status')]
Found Element By : By.xpath: //select[contains(@name,'av_status')]
Trying to find Element By : By.xpath: //select[contains(@name,'av_status')]
Found Element By : By.xpath: //select[contains(@name,'av_status')]
Trying to find Element By : By.xpath: //select[contains(@name,'pp_status')]
Found Element By : By.xpath: //select[contains(@name,'pp_status')]
Trying to find Element By : By.xpath: //select[contains(@name,'pp_status')]
Found Element By : By.xpath: //select[contains(@name,'pp_status')]
Trying to find Element By : By.xpath: //select[contains(@name,'sxg_status')]
Found Element By : By.xpath: //select[contains(@name,'sxg_status')]
Trying to find Element By : By.xpath: //select[contains(@name,'sxg_status')]
Found Element By : By.xpath: //select[contains(@name,'sxg_status')]
Trying to find Element By : By.xpath: //select[contains(@name,'pps_status')]
Found Element By : By.xpath: //select[contains(@name,'pps_status')]
Trying to find Element By : By.xpath: //select[contains(@name,'pps_status')]
Found Element By : By.xpath: //select[contains(@name,'pps_status')]
Trying to find Element By : By.xpath: //select[contains(@name,'haba_status')]
Found Element By : By.xpath: //select[contains(@name,'haba_status')]
Trying to find Element By : By.xpath: //select[contains(@name,'haba_status')]
Found Element By : By.xpath: //select[contains(@name,'haba_status')]
Trying to find Element By : By.xpath: //select[contains(@name,'mv_status')]
Found Element By : By.xpath: //select[contains(@name,'mv_status')]
Trying to find Element By : By.xpath: //select[contains(@name,'mv_status')]
Found Element By : By.xpath: //select[contains(@name,'mv_status')]
Trying to find Element By : By.xpath: //select[contains(@name,'nt_status')]
Found Element By : By.xpath: //select[contains(@name,'nt_status')]
Trying to find Element By : By.xpath: //select[contains(@name,'nt_status')]
Found Element By : By.xpath: //select[contains(@name,'nt_status')]
Trying to find Element By : By.xpath: //select[contains(@name,'qs_status')]
Found Element By : By.xpath: //select[contains(@name,'qs_status')]
Trying to find Element By : By.xpath: //select[contains(@name,'qs_status')]
Found Element By : By.xpath: //select[contains(@name,'qs_status')]
Trying to find Element By : By.xpath: //select[contains(@name,'sg_status')]
Found Element By : By.xpath: //select[contains(@name,'sg_status')]
Trying to find Element By : By.xpath: //select[contains(@name,'sg_status')]
Found Element By : By.xpath: //select[contains(@name,'sg_status')]
Trying to find Element By : By.xpath: //select[contains(@name,'sg_status')]
Found Element By : By.xpath: //select[contains(@name,'sg_status')]
Trying to find Element By : By.xpath: .//option[normalize-space(.) = "Disabled"]
Found Element By : By.xpath: .//option[normalize-space(.) = "Disabled"]
Trying to click on: [[[[ChromeDriver: chrome on WINDOWS (59a94a746b52db79144516268c35e361)] -> xpath: //select[contains(@name,'sg_status')]]] -> xpath: .//option[normalize-space(.) = "Disabled"]]
Clicked on: [[[[ChromeDriver: chrome on WINDOWS (59a94a746b52db79144516268c35e361)] -> xpath: //select[contains(@name,'sg_status')]]] -> xpath: .//option[normalize-space(.) = "Disabled"]]
Trying to find Element By : By.id: btnSubmit
Found Element By : By.id: btnSubmit
Trying to click on: [[ChromeDriver: chrome on WINDOWS (59a94a746b52db79144516268c35e361)] -> id: btnSubmit]
Clicked on: [[ChromeDriver: chrome on WINDOWS (59a94a746b52db79144516268c35e361)] -> id: btnSubmit]
Trying to find Element By : By.xpath: //div[contains(@class,'table-responsive')]/table/tbody/tr/td[18]/font
Found Element By : By.xpath: //div[contains(@class,'table-responsive')]/table/tbody/tr/td[18]/font
***************************
Screenshot stored at C:\Users\User\git\AASStagingTest\AASProductTestTools/screenshots/ProductStatusPositiveTest01_Fri_Aug_21_16_20_51_SGT_2020.png
***************************
]]></system-out>
  </testcase>
</testsuite>